<?xml version="1.0" encoding="UTF-8"?>
<!-- Generated by org.testng.reporters.JUnitXMLReporter -->
<testsuite hostname="DESKTOP-T134AMI" ignored="3" name="Avasam" tests="3" failures="1" timestamp="27 Aug 2021 08:12:00 GMT" time="83.934" errors="0">
  <testcase name="login" time="15.102" classname="com.index.LoginIndex"/>
  <testcase name="login" time="15.866" classname="com.index.LoginIndex"/>
  <testcase name="searchIndex" time="12.224" classname="com.index.SearchProductIndex">
    <failure type="java.lang.NullPointerException">
      <![CDATA[java.lang.NullPointerException
	at com.index.SearchProductIndex.searchIndex(SearchProductIndex.java:50)
... Removed 25 stack frames]]>
    </failure>
  </testcase> <!-- searchIndex -->
  <testcase name="@BeforeSuite fetchSuiteConfiguration" time="0.0" classname="com.init.SeleniumInit">
    <ignored/>
  </testcase> <!-- @BeforeSuite fetchSuiteConfiguration -->
  <testcase name="@BeforeTest one" time="0.0" classname="com.init.SeleniumInit">
    <ignored/>
  </testcase> <!-- @BeforeTest one -->
  <testcase name="@AfterSuite testResults" time="0.0" classname="com.init.SeleniumInit">
    <ignored/>
  </testcase> <!-- @AfterSuite testResults -->
</testsuite> <!-- Avasam -->
