<?xml version="1.0" encoding="UTF-8"?>
<!-- Generated by org.testng.reporters.JUnitXMLReporter -->
<testsuite hostname="DESKTOP-T134AMI" ignored="0" name="SauceDemoAutomation" tests="5" failures="0" timestamp="25 Aug 2021 11:52:12 GMT" time="62.032" errors="0">
  <testcase name="addProductToCart" time="11.693" classname="com.index.AddCartIndex"/>
  <testcase name="login" time="6.025" classname="com.index.LoginIndex"/>
  <testcase name="login_blankPassword" time="5.696" classname="com.index.LoginIndex"/>
  <testcase name="login_blankUserName" time="5.617" classname="com.index.LoginIndex"/>
  <testcase name="login_negative" time="5.817" classname="com.index.LoginIndex"/>
</testsuite> <!-- SauceDemoAutomation -->
