<?xml version="1.0" encoding="UTF-8"?>
<!-- Generated by org.testng.reporters.JUnitXMLReporter -->
<testsuite ignored="1" hostname="DESKTOP-MKTSV3B" failures="0" tests="1" name="TC-1. Login validation." time="27.676" errors="0" timestamp="2021-10-13T15:06:18 IST">
  <testcase classname="com.index.LoginIndex" name="login" time="15.31"/>
  <testcase classname="com.index.LoginIndex" name="login_negative" time="0.0">
    <ignored/>
  </testcase> <!-- login_negative -->
</testsuite> <!-- TC-1. Login validation. -->
