<?xml version="1.0" encoding="UTF-8"?>
<!-- Generated by org.testng.reporters.JUnitXMLReporter -->
<testsuite hostname="DESKTOP-GKA213I" ignored="1" name="TC-1. Verify email Register." tests="1" failures="0" timestamp="19 Aug 2021 10:13:06 GMT" time="23.994" errors="0">
  <testcase name="EmalilExist" time="13.649" classname="com.index.RegisterIndex"/>
  <testcase name="RegisterAccount" time="0.0" classname="com.index.RegisterIndex">
    <ignored/>
  </testcase> <!-- RegisterAccount -->
</testsuite> <!-- TC-1. Verify email Register. -->
