<?xml version="1.0" encoding="UTF-8"?>
<!-- Generated by org.testng.reporters.JUnitXMLReporter -->
<testsuite hostname="DESKTOP-GKA213I" name="TC-2. Positive Login validation." tests="1" failures="1" timestamp="13 Aug 2021 21:10:40 GMT" time="35.825" errors="0">
  <testcase name="login_positive" time="28.299" classname="com.index.LoginIndex">
    <failure type="java.lang.NullPointerException">
      <![CDATA[java.lang.NullPointerException
	at org.openqa.selenium.support.pagefactory.internal.LocatingElementHandler.invoke(LocatingElementHandler.java:51)
	at com.sun.proxy.$Proxy10.clear(Unknown Source)
	at com.init.Common.enterDataIn(Common.java:246)
	at com.indexPage.LoginIndexPage.enterEmail(LoginIndexPage.java:23)
	at com.index.LoginIndex.login_positive(LoginIndex.java:56)
... Removed 31 stack frames]]>
    </failure>
  </testcase> <!-- login_positive -->
</testsuite> <!-- TC-2. Positive Login validation. -->
