<?xml version="1.0" encoding="UTF-8"?>
<!-- Generated by org.testng.reporters.JUnitXMLReporter -->
<testsuite hostname="DESKTOP-T134AMI" name="TC-2. Negative Login validation." tests="1" failures="0" timestamp="24 Aug 2021 06:24:58 GMT" time="5.373" errors="0">
  <testcase name="@BeforeClass init" time="0.0" classname="com.index.LoginIndex">
    <failure type="java.lang.NullPointerException">
      <![CDATA[java.lang.NullPointerException
	at com.init.SeleniumInit.init(SeleniumInit.java:111)
... Removed 27 stack frames]]>
    </failure>
  </testcase> <!-- @BeforeClass init -->
  <testcase name="login_negative" time="0.0" classname="com.index.LoginIndex">
    <skipped/>
  </testcase> <!-- login_negative -->
</testsuite> <!-- TC-2. Negative Login validation. -->
