<?xml version="1.0" encoding="UTF-8"?>
<!-- Generated by org.testng.reporters.JUnitXMLReporter -->
<testsuite hostname="LAPTOP-4KRH5530" ignored="1" name="TC-2. Negative Login validation." tests="1" failures="0" timestamp="02 Jan 2022 09:12:21 GMT" time="27.992" errors="0">
  <testcase name="login_negative" time="15.489" classname="com.index.AnLoginIndex"/>
  <testcase name="login" time="0.0" classname="com.index.AnLoginIndex">
    <ignored/>
  </testcase> <!-- login -->
</testsuite> <!-- TC-2. Negative Login validation. -->
