<?xml version="1.0" encoding="UTF-8"?>
<!-- Generated by org.testng.reporters.JUnitXMLReporter -->
<testsuite hostname="DESKTOP-T134AMI" name="TC-3. Blank UserName validation." tests="1" failures="0" timestamp="24 Aug 2021 06:25:03 GMT" time="5.331" errors="0">
  <testcase name="@BeforeClass init" time="0.0" classname="com.index.LoginIndex">
    <failure type="java.lang.NullPointerException">
      <![CDATA[java.lang.NullPointerException
	at com.init.SeleniumInit.init(SeleniumInit.java:111)
... Removed 27 stack frames]]>
    </failure>
  </testcase> <!-- @BeforeClass init -->
  <testcase name="login_blankUserName" time="0.0" classname="com.index.LoginIndex">
    <skipped/>
  </testcase> <!-- login_blankUserName -->
</testsuite> <!-- TC-3. Blank UserName validation. -->
