<?xml version="1.0" encoding="UTF-8"?>
<!-- Generated by org.testng.reporters.JUnitXMLReporter -->
<testsuite hostname="DESKTOP-T134AMI" ignored="3" name="TC-3. Negative Login validation." tests="1" failures="0" timestamp="25 Aug 2021 10:21:28 GMT" time="11.144" errors="0">
  <testcase name="login_negative" time="5.891" classname="com.index.LoginIndex"/>
  <testcase name="login_blankUserName" time="0.0" classname="com.index.LoginIndex">
    <ignored/>
  </testcase> <!-- login_blankUserName -->
  <testcase name="login_blankPassword" time="0.0" classname="com.index.LoginIndex">
    <ignored/>
  </testcase> <!-- login_blankPassword -->
  <testcase name="login" time="0.0" classname="com.index.LoginIndex">
    <ignored/>
  </testcase> <!-- login -->
</testsuite> <!-- TC-3. Negative Login validation. -->
