<?xml version="1.0" encoding="UTF-8"?>
<!-- Generated by org.testng.reporters.JUnitXMLReporter -->
<testsuite hostname="DESKTOP-T134AMI" ignored="3" name="TC-4. Blank Password validation." tests="1" failures="0" timestamp="24 Aug 2021 11:57:47 GMT" time="12.587" errors="0">
  <testcase name="login_blankPassword" time="5.704" classname="com.index.LoginIndex"/>
  <testcase name="login_blankUserName" time="0.0" classname="com.index.LoginIndex">
    <ignored/>
  </testcase> <!-- login_blankUserName -->
  <testcase name="login" time="0.0" classname="com.index.LoginIndex">
    <ignored/>
  </testcase> <!-- login -->
  <testcase name="login_negative" time="0.0" classname="com.index.LoginIndex">
    <ignored/>
  </testcase> <!-- login_negative -->
</testsuite> <!-- TC-4. Blank Password validation. -->
