<?xml version="1.0" encoding="UTF-8"?>
<!-- Generated by org.testng.reporters.JUnitXMLReporter -->
<testsuite hostname="DESKTOP-T134AMI" ignored="3" name="TC-4. Login validation." tests="1" failures="0" timestamp="25 Aug 2021 09:19:11 GMT" time="13.02" errors="0">
  <testcase name="login" time="5.966" classname="com.index.LoginIndex"/>
  <testcase name="login_blankUserName" time="0.0" classname="com.index.LoginIndex">
    <ignored/>
  </testcase> <!-- login_blankUserName -->
  <testcase name="login_blankPassword" time="0.0" classname="com.index.LoginIndex">
    <ignored/>
  </testcase> <!-- login_blankPassword -->
  <testcase name="login_negative" time="0.0" classname="com.index.LoginIndex">
    <ignored/>
  </testcase> <!-- login_negative -->
</testsuite> <!-- TC-4. Login validation. -->
