<?xml version="1.0" encoding="UTF-8"?>
<!-- Generated by org.testng.reporters.JUnitXMLReporter -->
<testsuite hostname="DESKTOP-T134AMI" ignored="4" name="TC-5.Add to cart validation." tests="1" failures="0" timestamp="24 Aug 2021 11:58:06 GMT" time="19.264" errors="0">
  <testcase name="addProductToCart" time="11.322" classname="com.index.AddCartIndex"/>
  <testcase name="login_blankUserName" time="0.0" classname="com.index.LoginIndex">
    <ignored/>
  </testcase> <!-- login_blankUserName -->
  <testcase name="login_blankPassword" time="0.0" classname="com.index.LoginIndex">
    <ignored/>
  </testcase> <!-- login_blankPassword -->
  <testcase name="login" time="0.0" classname="com.index.LoginIndex">
    <ignored/>
  </testcase> <!-- login -->
  <testcase name="login_negative" time="0.0" classname="com.index.LoginIndex">
    <ignored/>
  </testcase> <!-- login_negative -->
</testsuite> <!-- TC-5.Add to cart validation. -->
