# JRE version: Java(TM) SE Runtime Environment (8.0_191-b12) (build 1.8.0_191-b12)
# Java VM: Java HotSpot(TM) 64-Bit Server VM (25.191-b12 mixed mode windows-amd64 compressed oops)
Heap:
 PSYoungGen      total 19456K, used 6421K [0x00000000f0000000, 0x00000000f1480000, 0x0000000100000000)
  eden space 17920K, 32% used [0x00000000f0000000,0x00000000f05b16f0,0x00000000f1180000)
  from space 1536K, 38% used [0x00000000f1300000,0x00000000f1394050,0x00000000f1480000)
  to   space 1536K, 0% used [0x00000000f1180000,0x00000000f1180000,0x00000000f1300000)
 ParOldGen       total 27136K, used 10633K [0x00000000d0000000, 0x00000000d1a80000, 0x00000000f0000000)
  object space 27136K, 39% used [0x00000000d0000000,0x00000000d0a62570,0x00000000d1a80000)
 Metaspace       used 24633K, capacity 27038K, committed 27264K, reserved 1073152K
  class space    used 3094K, capacity 3357K, committed 3456K, reserved 1048576K
GC Heap History (10 events):
Event: 1885.768 GC heap before
{Heap before GC invocations=49 (full 1):
 PSYoungGen      total 19456K, used 18336K [0x00000000f0000000, 0x00000000f1480000, 0x0000000100000000)
  eden space 17920K, 100% used [0x00000000f0000000,0x00000000f1180000,0x00000000f1180000)
  from space 1536K, 27% used [0x00000000f1180000,0x00000000f11e8010,0x00000000f1300000)
  to   space 1536K, 0% used [0x00000000f1300000,0x00000000f1300000,0x00000000f1480000)
 ParOldGen       total 27136K, used 10425K [0x00000000d0000000, 0x00000000d1a80000, 0x00000000f0000000)
  object space 27136K, 38% used [0x00000000d0000000,0x00000000d0a2e570,0x00000000d1a80000)
 Metaspace       used 24580K, capacity 26884K, committed 27008K, reserved 1073152K
  class space    used 3091K, capacity 3355K, committed 3456K, reserved 1048576K
Event: 1885.770 GC heap after
Heap after GC invocations=49 (full 1):
 PSYoungGen      total 19456K, used 416K [0x00000000f0000000, 0x00000000f1480000, 0x0000000100000000)
  eden space 17920K, 0% used [0x00000000f0000000,0x00000000f0000000,0x00000000f1180000)
  from space 1536K, 27% used [0x00000000f1300000,0x00000000f1368010,0x00000000f1480000)
  to   space 1536K, 0% used [0x00000000f1180000,0x00000000f1180000,0x00000000f1300000)
 ParOldGen       total 27136K, used 10473K [0x00000000d0000000, 0x00000000d1a80000, 0x00000000f0000000)
  object space 27136K, 38% used [0x00000000d0000000,0x00000000d0a3a570,0x00000000d1a80000)
 Metaspace       used 24580K, capacity 26884K, committed 27008K, reserved 1073152K
  class space    used 3091K, capacity 3355K, committed 3456K, reserved 1048576K
}
Event: 1891.363 GC heap before
{Heap before GC invocations=50 (full 1):
 PSYoungGen      total 19456K, used 18336K [0x00000000f0000000, 0x00000000f1480000, 0x0000000100000000)
  eden space 17920K, 100% used [0x00000000f0000000,0x00000000f1180000,0x00000000f1180000)
  from space 1536K, 27% used [0x00000000f1300000,0x00000000f1368010,0x00000000f1480000)
  to   space 1536K, 0% used [0x00000000f1180000,0x00000000f1180000,0x00000000f1300000)
 ParOldGen       total 27136K, used 10473K [0x00000000d0000000, 0x00000000d1a80000, 0x00000000f0000000)
  object space 27136K, 38% used [0x00000000d0000000,0x00000000d0a3a570,0x00000000d1a80000)
 Metaspace       used 24581K, capacity 26884K, committed 27008K, reserved 1073152K
  class space    used 3091K, capacity 3355K, committed 3456K, reserved 1048576K
Event: 1891.366 GC heap after
Heap after GC invocations=50 (full 1):
 PSYoungGen      total 19456K, used 352K [0x00000000f0000000, 0x00000000f1480000, 0x0000000100000000)
  eden space 17920K, 0% used [0x00000000f0000000,0x00000000f0000000,0x00000000f1180000)
  from space 1536K, 22% used [0x00000000f1180000,0x00000000f11d8010,0x00000000f1300000)
  to   space 1536K, 0% used [0x00000000f1300000,0x00000000f1300000,0x00000000f1480000)
 ParOldGen       total 27136K, used 10489K [0x00000000d0000000, 0x00000000d1a80000, 0x00000000f0000000)
  object space 27136K, 38% used [0x00000000d0000000,0x00000000d0a3e570,0x00000000d1a80000)
 Metaspace       used 24581K, capacity 26884K, committed 27008K, reserved 1073152K
  class space    used 3091K, capacity 3355K, committed 3456K, reserved 1048576K
}
Event: 1901.286 GC heap before
{Heap before GC invocations=51 (full 1):
 PSYoungGen      total 19456K, used 18272K [0x00000000f0000000, 0x00000000f1480000, 0x0000000100000000)
  eden space 17920K, 100% used [0x00000000f0000000,0x00000000f1180000,0x00000000f1180000)
  from space 1536K, 22% used [0x00000000f1180000,0x00000000f11d8010,0x00000000f1300000)
  to   space 1536K, 0% used [0x00000000f1300000,0x00000000f1300000,0x00000000f1480000)
 ParOldGen       total 27136K, used 10489K [0x00000000d0000000, 0x00000000d1a80000, 0x00000000f0000000)
  object space 27136K, 38% used [0x00000000d0000000,0x00000000d0a3e570,0x00000000d1a80000)
 Metaspace       used 24586K, capacity 26884K, committed 27008K, reserved 1073152K
  class space    used 3092K, capacity 3355K, committed 3456K, reserved 1048576K
Event: 1901.290 GC heap after
Heap after GC invocations=51 (full 1):
 PSYoungGen      total 19456K, used 784K [0x00000000f0000000, 0x00000000f1480000, 0x0000000100000000)
  eden space 17920K, 0% used [0x00000000f0000000,0x00000000f0000000,0x00000000f1180000)
  from space 1536K, 51% used [0x00000000f1300000,0x00000000f13c4060,0x00000000f1480000)
  to   space 1536K, 0% used [0x00000000f1180000,0x00000000f1180000,0x00000000f1300000)
 ParOldGen       total 27136K, used 10529K [0x00000000d0000000, 0x00000000d1a80000, 0x00000000f0000000)
  object space 27136K, 38% used [0x00000000d0000000,0x00000000d0a48570,0x00000000d1a80000)
 Metaspace       used 24586K, capacity 26884K, committed 27008K, reserved 1073152K
  class space    used 3092K, capacity 3355K, committed 3456K, reserved 1048576K
}
Event: 1906.289 GC heap before
{Heap before GC invocations=52 (full 1):
 PSYoungGen      total 19456K, used 18704K [0x00000000f0000000, 0x00000000f1480000, 0x0000000100000000)
  eden space 17920K, 100% used [0x00000000f0000000,0x00000000f1180000,0x00000000f1180000)
  from space 1536K, 51% used [0x00000000f1300000,0x00000000f13c4060,0x00000000f1480000)
  to   space 1536K, 0% used [0x00000000f1180000,0x00000000f1180000,0x00000000f1300000)
 ParOldGen       total 27136K, used 10529K [0x00000000d0000000, 0x00000000d1a80000, 0x00000000f0000000)
  object space 27136K, 38% used [0x00000000d0000000,0x00000000d0a48570,0x00000000d1a80000)
 Metaspace       used 24590K, capacity 26892K, committed 27264K, reserved 1073152K
  class space    used 3092K, capacity 3355K, committed 3456K, reserved 1048576K
Event: 1906.292 GC heap after
Heap after GC invocations=52 (full 1):
 PSYoungGen      total 19456K, used 848K [0x00000000f0000000, 0x00000000f1480000, 0x0000000100000000)
  eden space 17920K, 0% used [0x00000000f0000000,0x00000000f0000000,0x00000000f1180000)
  from space 1536K, 55% used [0x00000000f1180000,0x00000000f1254080,0x00000000f1300000)
  to   space 1536K, 0% used [0x00000000f1300000,0x00000000f1300000,0x00000000f1480000)
 ParOldGen       total 27136K, used 10569K [0x00000000d0000000, 0x00000000d1a80000, 0x00000000f0000000)
  object space 27136K, 38% used [0x00000000d0000000,0x00000000d0a52570,0x00000000d1a80000)
 Metaspace       used 24590K, capacity 26892K, committed 27264K, reserved 1073152K
  class space    used 3092K, capacity 3355K, committed 3456K, reserved 1048576K
}
Event: 1957.080 GC heap before
{Heap before GC invocations=53 (full 1):
 PSYoungGen      total 19456K, used 18768K [0x00000000f0000000, 0x00000000f1480000, 0x0000000100000000)
  eden space 17920K, 100% used [0x00000000f0000000,0x00000000f1180000,0x00000000f1180000)
  from space 1536K, 55% used [0x00000000f1180000,0x00000000f1254080,0x00000000f1300000)
  to   space 1536K, 0% used [0x00000000f1300000,0x00000000f1300000,0x00000000f1480000)
 ParOldGen       total 27136K, used 10569K [0x00000000d0000000, 0x00000000d1a80000, 0x00000000f0000000)
  object space 27136K, 38% used [0x00000000d0000000,0x00000000d0a52570,0x00000000d1a80000)
 Metaspace       used 24595K, capacity 26892K, committed 27264K, reserved 1073152K
  class space    used 3092K, capacity 3355K, committed 3456K, reserved 1048576K
Event: 1957.083 GC heap after
Heap after GC invocations=53 (full 1):
 PSYoungGen      total 19456K, used 592K [0x00000000f0000000, 0x00000000f1480000, 0x0000000100000000)
  eden space 17920K, 0% used [0x00000000f0000000,0x00000000f0000000,0x00000000f1180000)
  from space 1536K, 38% used [0x00000000f1300000,0x00000000f1394050,0x00000000f1480000)
  to   space 1536K, 0% used [0x00000000f1180000,0x00000000f1180000,0x00000000f1300000)
 ParOldGen       total 27136K, used 10633K [0x00000000d0000000, 0x00000000d1a80000, 0x00000000f0000000)
  object space 27136K, 39% used [0x00000000d0000000,0x00000000d0a62570,0x00000000d1a80000)
 Metaspace       used 24595K, capacity 26892K, committed 27264K, reserved 1073152K
  class space    used 3092K, capacity 3355K, committed 3456K, reserved 1048576K
}

