<?xml version="1.0" encoding="UTF-8"?>
<!-- Generated by org.testng.reporters.JUnitXMLReporter -->
<testsuite hostname="DESKTOP-T134AMI" name="Avasam" tests="3" failures="0" timestamp="14 Sep 2021 12:39:37 GMT" time="60.574" errors="0">
  <testcase name="@AfterTest tearDown" time="0.0" classname="com.index.LoginIndex">
    <failure type="java.lang.NullPointerException">
      <![CDATA[java.lang.NullPointerException
	at com.init.SeleniumInit.tearDown(SeleniumInit.java:373)
... Removed 22 stack frames]]>
    </failure>
  </testcase> <!-- @AfterTest tearDown -->
  <testcase name="login" time="19.721" classname="com.index.LoginIndex"/>
  <testcase name="searchProduct" time="21.44" classname="com.index.SearchProductIndex"/>
  <testcase name="verifysourcedProduct" time="5.397" classname="com.index.SearchProductIndex"/>
</testsuite> <!-- Avasam -->
