<?xml version="1.0" encoding="UTF-8"?>
<!-- Generated by org.testng.reporters.JUnitXMLReporter -->
<testsuite hostname="DESKTOP-T134AMI" name="Avasam" tests="3" failures="2" timestamp="9 Sep 2021 12:03:09 GMT" time="30.997" errors="0">
  <testcase name="@AfterTest tearDown" time="0.0" classname="com.index.LoginIndex">
    <failure type="java.lang.NullPointerException">
      <![CDATA[java.lang.NullPointerException
	at com.init.SeleniumInit.tearDown(SeleniumInit.java:371)
... Removed 22 stack frames]]>
    </failure>
  </testcase> <!-- @AfterTest tearDown -->
  <testcase name="login" time="14.542" classname="com.index.LoginIndex"/>
  <testcase name="searchProduct" time="0.013" classname="com.index.SearchProductIndex">
    <failure type="java.lang.NullPointerException">
      <![CDATA[java.lang.NullPointerException
	at com.index.SearchProductIndex.searchProduct(SearchProductIndex.java:22)
... Removed 24 stack frames]]>
    </failure>
  </testcase> <!-- searchProduct -->
  <testcase name="verifysourcedProduct" time="0.001" classname="com.index.SearchProductIndex">
    <failure type="java.lang.NullPointerException">
      <![CDATA[java.lang.NullPointerException
	at com.index.SearchProductIndex.verifysourcedProduct(SearchProductIndex.java:57)
... Removed 24 stack frames]]>
    </failure>
  </testcase> <!-- verifysourcedProduct -->
</testsuite> <!-- Avasam -->
