<?xml version="1.0" encoding="UTF-8"?>
<!-- Generated by org.testng.reporters.JUnitXMLReporter -->
<testsuite hostname="DESKTOP-T134AMI" name="Avasam1" tests="1" failures="0" timestamp="8 Sep 2021 12:03:43 GMT" time="23.367" errors="0">
  <testcase name="@AfterTest tearDown" time="0.0" classname="com.index.LoginIndex">
    <failure type="java.lang.NullPointerException">
      <![CDATA[java.lang.NullPointerException
	at com.init.SeleniumInit.tearDown(SeleniumInit.java:365)
... Removed 22 stack frames]]>
    </failure>
  </testcase> <!-- @AfterTest tearDown -->
  <testcase name="login" time="12.602" classname="com.index.LoginIndex"/>
</testsuite> <!-- Avasam1 -->
