<?xml version="1.0" encoding="UTF-8"?>
<testsuite xmlns:xsi="http://www.w3.org/2001/XMLSchema-instance" xsi:schemaLocation="https://maven.apache.org/surefire/maven-surefire-plugin/xsd/surefire-test-report.xsd" name="TestSuite" time="28.813" tests="2" errors="0" skipped="0" failures="2">
  <properties>
[...]
</properties>
  <testcase name="login" classname="com.index.LoginIndex" time="3.273">
    <failure message="org/openxmlformats/schemas/drawingml/x2006/main/ThemeDocument" type="java.lang.NoClassDefFoundError">java.lang.NoClassDefFoundError: org/openxmlformats/schemas/drawingml/x2006/main/ThemeDocument
	at com.index.LoginIndex.login(LoginIndex.java:18)
Caused by: java.lang.ClassNotFoundException: org.openxmlformats.schemas.drawingml.x2006.main.ThemeDocument
	at com.index.LoginIndex.login(LoginIndex.java:18)
</failure>
    <system-out><![CDATA[[TestNG] [WARN] Could not find reporte class : listenReport.Reporter
...
... TestNG 6.9.8 by Cédric Beust (cedric@beust.com)
...

Before suite
======https://qbank.accelq.com/=========
======current test- TC-1. Login validation.======
Current Xml Suite is:---->Login Test Cases
chrome
========= Google Chrome Browser ==========
Current Window Handle ID:--->CDwindow-CC3D72218248D9B073BCEA6FF5BE24E5
]]></system-out>
    <system-err><![CDATA[Jul 15, 2021 3:52:45 PM org.openqa.selenium.remote.DesiredCapabilities chrome
INFO: Using `new ChromeOptions()` is preferred to `DesiredCapabilities.chrome()`
Starting ChromeDriver 91.0.4472.101 (af52a90bf87030dd1523486a1cd3ae25c5d76c9b-refs/branch-heads/4472@{#1462}) on port 1361
Only local connections are allowed.
Please see https://chromedriver.chromium.org/security-considerations for suggestions on keeping ChromeDriver safe.
ChromeDriver was started successfully.
Jul 15, 2021 3:52:48 PM org.openqa.selenium.remote.ProtocolHandshake createSession
INFO: Detected dialect: W3C
]]></system-err>
  </testcase>
  <testcase name="login_negative" classname="com.index.LoginIndex" time="0.025">
    <failure message="org/openxmlformats/schemas/drawingml/x2006/main/ThemeDocument" type="java.lang.NoClassDefFoundError">java.lang.NoClassDefFoundError: org/openxmlformats/schemas/drawingml/x2006/main/ThemeDocument
	at com.index.LoginIndex.login_negative(LoginIndex.java:51)
Caused by: java.lang.ClassNotFoundException: org.openxmlformats.schemas.drawingml.x2006.main.ThemeDocument
	at com.index.LoginIndex.login_negative(LoginIndex.java:51)
</failure>
    <system-out><![CDATA[
TEST FAILED - login

ERROR MESSAGE: java.lang.NoClassDefFoundError: org/openxmlformats/schemas/drawingml/x2006/main/ThemeDocument


======<b><i>Failure Reason:</b></i>======
======<Strong><font color=#ff0000>java.lang.NoClassDefFoundError: org/openxmlformats/schemas/drawingml/x2006/main/ThemeDocument</font></strong>======
message from tear downjava.lang.NullPointerException
======current test- TC-2. Negative Login validation.======
Current Xml Suite is:---->Login Test Cases
chrome
========= Google Chrome Browser ==========
Current Window Handle ID:--->CDwindow-1AD257B4B2BBB907398929ABC4B77096
]]></system-out>
    <system-err><![CDATA[Jul 15, 2021 3:52:57 PM org.openqa.selenium.remote.DesiredCapabilities chrome
INFO: Using `new ChromeOptions()` is preferred to `DesiredCapabilities.chrome()`
Starting ChromeDriver 91.0.4472.101 (af52a90bf87030dd1523486a1cd3ae25c5d76c9b-refs/branch-heads/4472@{#1462}) on port 39046
Only local connections are allowed.
Please see https://chromedriver.chromium.org/security-considerations for suggestions on keeping ChromeDriver safe.
ChromeDriver was started successfully.
Jul 15, 2021 3:53:01 PM org.openqa.selenium.remote.ProtocolHandshake createSession
INFO: Detected dialect: W3C
]]></system-err>
  </testcase>
</testsuite>