<?xml version="1.0" encoding="UTF-8"?>
<testng-results skipped="0" failed="0" total="5" passed="5">
  <reporter-output>
    <line>
      <![CDATA[<br>current test- TC-1. Login validation.]]>
    </line>
    <line>
      <![CDATA[Current Xml Suite is:---->Login Test Cases]]>
    </line>
    <line>
      <![CDATA[<br>Step 1 : Enter username.<br>]]>
    </line>
    <line>
      <![CDATA[<br>Step 2 : Enter password.<br>]]>
    </line>
    <line>
      <![CDATA[<br>Step 3 : Click on Signin button.<br>]]>
    </line>
    <line>
      <![CDATA[<br>Step 4 : Verify 'Login' is successful.<br>]]>
    </line>
    <line>
      <![CDATA[<br>current test- TC-2. Negative Login validation.]]>
    </line>
    <line>
      <![CDATA[Current Xml Suite is:---->Login Test Cases]]>
    </line>
    <line>
      <![CDATA[<br>Step 1 : Enter username.<br>]]>
    </line>
    <line>
      <![CDATA[<br>Step 2 : Enter password.<br>]]>
    </line>
    <line>
      <![CDATA[<br>Step 3 : Click on Log in button.<br>]]>
    </line>
    <line>
      <![CDATA[<br>Step 4 : Verify 'Login' is successful.<br>]]>
    </line>
    <line>
      <![CDATA[<br>current test- TC-3. Blank UserName validation.]]>
    </line>
    <line>
      <![CDATA[Current Xml Suite is:---->Login Test Cases]]>
    </line>
    <line>
      <![CDATA[<br>Step 1 : Enter username.<br>]]>
    </line>
    <line>
      <![CDATA[<br>Step 2 : Enter password.<br>]]>
    </line>
    <line>
      <![CDATA[<br>Step 3 : Click on Log in button.<br>]]>
    </line>
    <line>
      <![CDATA[<br>current test- TC-4. Blank Password validation.]]>
    </line>
    <line>
      <![CDATA[Current Xml Suite is:---->Login Test Cases]]>
    </line>
    <line>
      <![CDATA[<br>current test- TC-5.Add to cart validation.]]>
    </line>
    <line>
      <![CDATA[Current Xml Suite is:---->Login Test Cases]]>
    </line>
    <line>
      <![CDATA[<br>Step 1 : Enter username.<br>]]>
    </line>
    <line>
      <![CDATA[<br>Step 2 : Enter password.<br>]]>
    </line>
    <line>
      <![CDATA[<br>Step 3 : Click on Signin button.<br>]]>
    </line>
    <line>
      <![CDATA[<br>Step 4 : Verify 'Login' is successful.<br>]]>
    </line>
  </reporter-output>
  <suite name="Login Test Cases" duration-ms="85996" started-at="2021-08-23T05:47:27Z" finished-at="2021-08-23T05:48:53Z">
    <groups>
    </groups>
    <test name="TC-1. Login validation." duration-ms="32007" started-at="2021-08-23T05:47:27Z" finished-at="2021-08-23T05:47:59Z">
      <class name="com.index.LoginIndex">
        <test-method status="PASS" signature="one(org.testng.ITestContext)[pri:0, instance:com.index.LoginIndex@12843fce]" name="one" is-config="true" duration-ms="0" started-at="2021-08-23T11:17:27Z" finished-at="2021-08-23T11:17:27Z">
          <params>
            <param index="0">
              <value>
                <![CDATA[org.testng.TestRunner@1cfd1875]]>
              </value>
            </param>
          </params>
          <reporter-output>
          </reporter-output>
        </test-method> <!-- one -->
        <test-method status="PASS" signature="setUp(java.lang.reflect.Method, org.testng.ITestContext)[pri:0, instance:com.index.LoginIndex@12843fce]" name="setUp" is-config="true" duration-ms="13267" started-at="2021-08-23T11:17:27Z" finished-at="2021-08-23T11:17:41Z">
          <params>
            <param index="0">
              <value>
                <![CDATA[public void com.index.LoginIndex.login() throws java.lang.Exception]]>
              </value>
            </param>
            <param index="1">
              <value>
                <![CDATA[org.testng.TestRunner@1cfd1875]]>
              </value>
            </param>
          </params>
          <reporter-output>
            <line>
              <![CDATA[<br>current test- TC-1. Login validation.]]>
            </line>
            <line>
              <![CDATA[Current Xml Suite is:---->Login Test Cases]]>
            </line>
          </reporter-output>
        </test-method> <!-- setUp -->
        <test-method status="PASS" signature="login()[pri:0, instance:com.index.LoginIndex@12843fce]" name="login" duration-ms="16017" started-at="2021-08-23T11:17:41Z" finished-at="2021-08-23T11:17:57Z">
          <reporter-output>
            <line>
              <![CDATA[<br>Step 1 : Enter username.<br>]]>
            </line>
            <line>
              <![CDATA[<br>Step 2 : Enter password.<br>]]>
            </line>
            <line>
              <![CDATA[<br>Step 3 : Click on Signin button.<br>]]>
            </line>
            <line>
              <![CDATA[<br>Step 4 : Verify 'Login' is successful.<br>]]>
            </line>
          </reporter-output>
        </test-method> <!-- login -->
        <test-method status="PASS" signature="tearDown(org.testng.ITestResult)[pri:0, instance:com.index.LoginIndex@12843fce]" name="tearDown" is-config="true" duration-ms="2710" started-at="2021-08-23T11:17:57Z" finished-at="2021-08-23T11:17:59Z">
          <params>
            <param index="0">
              <value>
                <![CDATA[[TestResult name=login status=SUCCESS method=LoginIndex.login()[pri:0, instance:com.index.LoginIndex@12843fce] output=<br>Step 1 : Enter username.<br>]]]>
              </value>
            </param>
          </params>
          <reporter-output>
          </reporter-output>
        </test-method> <!-- tearDown -->
      </class> <!-- com.index.LoginIndex -->
    </test> <!-- TC-1. Login validation. -->
    <test name="TC-2. Negative Login validation." duration-ms="13508" started-at="2021-08-23T05:48:00Z" finished-at="2021-08-23T05:48:13Z">
      <class name="com.index.LoginIndex">
        <test-method status="PASS" signature="setUp(java.lang.reflect.Method, org.testng.ITestContext)[pri:0, instance:com.index.LoginIndex@5afa04c]" name="setUp" is-config="true" duration-ms="6609" started-at="2021-08-23T11:18:00Z" finished-at="2021-08-23T11:18:06Z">
          <params>
            <param index="0">
              <value>
                <![CDATA[public void com.index.LoginIndex.login_negative() throws java.lang.Exception]]>
              </value>
            </param>
            <param index="1">
              <value>
                <![CDATA[org.testng.TestRunner@28c0b664]]>
              </value>
            </param>
          </params>
          <reporter-output>
            <line>
              <![CDATA[<br>current test- TC-2. Negative Login validation.]]>
            </line>
            <line>
              <![CDATA[Current Xml Suite is:---->Login Test Cases]]>
            </line>
          </reporter-output>
        </test-method> <!-- setUp -->
        <test-method status="PASS" signature="one(org.testng.ITestContext)[pri:0, instance:com.index.LoginIndex@5afa04c]" name="one" is-config="true" duration-ms="0" started-at="2021-08-23T11:18:00Z" finished-at="2021-08-23T11:18:00Z">
          <params>
            <param index="0">
              <value>
                <![CDATA[org.testng.TestRunner@28c0b664]]>
              </value>
            </param>
          </params>
          <reporter-output>
          </reporter-output>
        </test-method> <!-- one -->
        <test-method status="PASS" signature="login_negative()[pri:0, instance:com.index.LoginIndex@5afa04c]" name="login_negative" duration-ms="6094" started-at="2021-08-23T11:18:06Z" finished-at="2021-08-23T11:18:12Z">
          <reporter-output>
            <line>
              <![CDATA[<br>Step 1 : Enter username.<br>]]>
            </line>
            <line>
              <![CDATA[<br>Step 2 : Enter password.<br>]]>
            </line>
            <line>
              <![CDATA[<br>Step 3 : Click on Log in button.<br>]]>
            </line>
            <line>
              <![CDATA[<br>Step 4 : Verify 'Login' is successful.<br>]]>
            </line>
          </reporter-output>
        </test-method> <!-- login_negative -->
        <test-method status="PASS" signature="tearDown(org.testng.ITestResult)[pri:0, instance:com.index.LoginIndex@5afa04c]" name="tearDown" is-config="true" duration-ms="804" started-at="2021-08-23T11:18:12Z" finished-at="2021-08-23T11:18:13Z">
          <params>
            <param index="0">
              <value>
                <![CDATA[[TestResult name=login_negative status=SUCCESS method=LoginIndex.login_negative()[pri:0, instance:com.index.LoginIndex@5afa04c] output=<br>Step 1 : Enter username.<br>]]]>
              </value>
            </param>
          </params>
          <reporter-output>
          </reporter-output>
        </test-method> <!-- tearDown -->
      </class> <!-- com.index.LoginIndex -->
    </test> <!-- TC-2. Negative Login validation. -->
    <test name="TC-3. Blank UserName validation." duration-ms="12133" started-at="2021-08-23T05:48:13Z" finished-at="2021-08-23T05:48:25Z">
      <class name="com.index.LoginIndex">
        <test-method status="PASS" signature="one(org.testng.ITestContext)[pri:0, instance:com.index.LoginIndex@1efbd816]" name="one" is-config="true" duration-ms="0" started-at="2021-08-23T11:18:13Z" finished-at="2021-08-23T11:18:13Z">
          <params>
            <param index="0">
              <value>
                <![CDATA[org.testng.TestRunner@2c444798]]>
              </value>
            </param>
          </params>
          <reporter-output>
          </reporter-output>
        </test-method> <!-- one -->
        <test-method status="PASS" signature="setUp(java.lang.reflect.Method, org.testng.ITestContext)[pri:0, instance:com.index.LoginIndex@1efbd816]" name="setUp" is-config="true" duration-ms="4398" started-at="2021-08-23T11:18:13Z" finished-at="2021-08-23T11:18:17Z">
          <params>
            <param index="0">
              <value>
                <![CDATA[public void com.index.LoginIndex.login_blankUserName() throws java.lang.Exception]]>
              </value>
            </param>
            <param index="1">
              <value>
                <![CDATA[org.testng.TestRunner@2c444798]]>
              </value>
            </param>
          </params>
          <reporter-output>
            <line>
              <![CDATA[<br>current test- TC-3. Blank UserName validation.]]>
            </line>
            <line>
              <![CDATA[Current Xml Suite is:---->Login Test Cases]]>
            </line>
          </reporter-output>
        </test-method> <!-- setUp -->
        <test-method status="PASS" signature="login_blankUserName()[pri:0, instance:com.index.LoginIndex@1efbd816]" name="login_blankUserName" duration-ms="6007" started-at="2021-08-23T11:18:17Z" finished-at="2021-08-23T11:18:23Z">
          <reporter-output>
            <line>
              <![CDATA[<br>Step 1 : Enter username.<br>]]>
            </line>
            <line>
              <![CDATA[<br>Step 2 : Enter password.<br>]]>
            </line>
            <line>
              <![CDATA[<br>Step 3 : Click on Log in button.<br>]]>
            </line>
          </reporter-output>
        </test-method> <!-- login_blankUserName -->
        <test-method status="PASS" signature="tearDown(org.testng.ITestResult)[pri:0, instance:com.index.LoginIndex@1efbd816]" name="tearDown" is-config="true" duration-ms="1727" started-at="2021-08-23T11:18:23Z" finished-at="2021-08-23T11:18:25Z">
          <params>
            <param index="0">
              <value>
                <![CDATA[[TestResult name=login_blankUserName status=SUCCESS method=LoginIndex.login_blankUserName()[pri:0, instance:com.index.LoginIndex@1efbd816] output=<br>Step 1 : Enter username.<br>]]]>
              </value>
            </param>
          </params>
          <reporter-output>
          </reporter-output>
        </test-method> <!-- tearDown -->
      </class> <!-- com.index.LoginIndex -->
    </test> <!-- TC-3. Blank UserName validation. -->
    <test name="TC-4. Blank Password validation." duration-ms="11815" started-at="2021-08-23T05:48:25Z" finished-at="2021-08-23T05:48:37Z">
      <class name="com.index.LoginIndex">
        <test-method status="PASS" signature="one(org.testng.ITestContext)[pri:0, instance:com.index.LoginIndex@402f32ff]" name="one" is-config="true" duration-ms="1" started-at="2021-08-23T11:18:25Z" finished-at="2021-08-23T11:18:25Z">
          <params>
            <param index="0">
              <value>
                <![CDATA[org.testng.TestRunner@1af7f54a]]>
              </value>
            </param>
          </params>
          <reporter-output>
          </reporter-output>
        </test-method> <!-- one -->
        <test-method status="PASS" signature="setUp(java.lang.reflect.Method, org.testng.ITestContext)[pri:0, instance:com.index.LoginIndex@402f32ff]" name="setUp" is-config="true" duration-ms="4622" started-at="2021-08-23T11:18:25Z" finished-at="2021-08-23T11:18:30Z">
          <params>
            <param index="0">
              <value>
                <![CDATA[public void com.index.LoginIndex.login_blankPassword() throws java.lang.Exception]]>
              </value>
            </param>
            <param index="1">
              <value>
                <![CDATA[org.testng.TestRunner@1af7f54a]]>
              </value>
            </param>
          </params>
          <reporter-output>
            <line>
              <![CDATA[<br>current test- TC-4. Blank Password validation.]]>
            </line>
            <line>
              <![CDATA[Current Xml Suite is:---->Login Test Cases]]>
            </line>
          </reporter-output>
        </test-method> <!-- setUp -->
        <test-method status="PASS" signature="login_blankPassword()[pri:0, instance:com.index.LoginIndex@402f32ff]" name="login_blankPassword" duration-ms="5730" started-at="2021-08-23T11:18:30Z" finished-at="2021-08-23T11:18:36Z">
          <reporter-output>
          </reporter-output>
        </test-method> <!-- login_blankPassword -->
        <test-method status="PASS" signature="tearDown(org.testng.ITestResult)[pri:0, instance:com.index.LoginIndex@402f32ff]" name="tearDown" is-config="true" duration-ms="1461" started-at="2021-08-23T11:18:36Z" finished-at="2021-08-23T11:18:37Z">
          <params>
            <param index="0">
              <value>
                <![CDATA[[TestResult name=login_blankPassword status=SUCCESS method=LoginIndex.login_blankPassword()[pri:0, instance:com.index.LoginIndex@402f32ff] output={null}]]]>
              </value>
            </param>
          </params>
          <reporter-output>
          </reporter-output>
        </test-method> <!-- tearDown -->
      </class> <!-- com.index.LoginIndex -->
    </test> <!-- TC-4. Blank Password validation. -->
    <test name="TC-5.Add to cart validation." duration-ms="16419" started-at="2021-08-23T05:48:37Z" finished-at="2021-08-23T05:48:53Z">
      <class name="com.index.AddCartIndex">
        <test-method status="PASS" signature="fetchSuiteConfiguration(org.testng.ITestContext)[pri:0, instance:com.index.AddCartIndex@50c87b21]" name="fetchSuiteConfiguration" is-config="true" duration-ms="257" started-at="2021-08-23T11:17:27Z" finished-at="2021-08-23T11:17:27Z">
          <params>
            <param index="0">
              <value>
                <![CDATA[org.testng.TestRunner@5167268]]>
              </value>
            </param>
          </params>
          <reporter-output>
          </reporter-output>
        </test-method> <!-- fetchSuiteConfiguration -->
        <test-method status="PASS" signature="setUp(java.lang.reflect.Method, org.testng.ITestContext)[pri:0, instance:com.index.AddCartIndex@50c87b21]" name="setUp" is-config="true" duration-ms="4282" started-at="2021-08-23T11:18:37Z" finished-at="2021-08-23T11:18:41Z">
          <params>
            <param index="0">
              <value>
                <![CDATA[public void com.index.AddCartIndex.addProductToCart() throws java.lang.Exception]]>
              </value>
            </param>
            <param index="1">
              <value>
                <![CDATA[org.testng.TestRunner@5167268]]>
              </value>
            </param>
          </params>
          <reporter-output>
            <line>
              <![CDATA[<br>current test- TC-5.Add to cart validation.]]>
            </line>
            <line>
              <![CDATA[Current Xml Suite is:---->Login Test Cases]]>
            </line>
          </reporter-output>
        </test-method> <!-- setUp -->
        <test-method status="PASS" signature="one(org.testng.ITestContext)[pri:0, instance:com.index.AddCartIndex@50c87b21]" name="one" is-config="true" duration-ms="0" started-at="2021-08-23T11:18:37Z" finished-at="2021-08-23T11:18:37Z">
          <params>
            <param index="0">
              <value>
                <![CDATA[org.testng.TestRunner@5167268]]>
              </value>
            </param>
          </params>
          <reporter-output>
          </reporter-output>
        </test-method> <!-- one -->
        <test-method status="PASS" signature="addProductToCart()[pri:0, instance:com.index.AddCartIndex@50c87b21]" name="addProductToCart" duration-ms="11244" started-at="2021-08-23T11:18:41Z" finished-at="2021-08-23T11:18:53Z">
          <reporter-output>
            <line>
              <![CDATA[<br>Step 1 : Enter username.<br>]]>
            </line>
            <line>
              <![CDATA[<br>Step 2 : Enter password.<br>]]>
            </line>
            <line>
              <![CDATA[<br>Step 3 : Click on Signin button.<br>]]>
            </line>
            <line>
              <![CDATA[<br>Step 4 : Verify 'Login' is successful.<br>]]>
            </line>
          </reporter-output>
        </test-method> <!-- addProductToCart -->
        <test-method status="PASS" signature="tearDown(org.testng.ITestResult)[pri:0, instance:com.index.AddCartIndex@50c87b21]" name="tearDown" is-config="true" duration-ms="891" started-at="2021-08-23T11:18:53Z" finished-at="2021-08-23T11:18:53Z">
          <params>
            <param index="0">
              <value>
                <![CDATA[[TestResult name=addProductToCart status=SUCCESS method=AddCartIndex.addProductToCart()[pri:0, instance:com.index.AddCartIndex@50c87b21] output=<br>Step 1 : Enter username.<br>]]]>
              </value>
            </param>
          </params>
          <reporter-output>
          </reporter-output>
        </test-method> <!-- tearDown -->
        <test-method status="PASS" signature="testResults()[pri:0, instance:com.index.AddCartIndex@50c87b21]" name="testResults" is-config="true" duration-ms="758" started-at="2021-08-23T11:18:53Z" finished-at="2021-08-23T11:18:54Z">
          <reporter-output>
          </reporter-output>
        </test-method> <!-- testResults -->
      </class> <!-- com.index.AddCartIndex -->
    </test> <!-- TC-5.Add to cart validation. -->
  </suite> <!-- Login Test Cases -->
</testng-results>
