<?xml version="1.0" encoding="UTF-8"?>
<testng-results skipped="0" failed="0" total="3" passed="3">
  <reporter-output>
    <line>
      <![CDATA[<br>current test- Avasam]]>
    </line>
    <line>
      <![CDATA[Current Xml Suite is:---->Avasam_Automation]]>
    </line>
    <line>
      <![CDATA[<br>Step 1 : Enter username.<br>]]>
    </line>
    <line>
      <![CDATA[<br>Step 2 : Enter password.<br>]]>
    </line>
    <line>
      <![CDATA[<br>Step 3 : Click on Signin button.<br>]]>
    </line>
    <line>
      <![CDATA[<br>Step 4 : Verify 'Login' is successful.<br>]]>
    </line>
    <line>
      <![CDATA[<br>Step 1 : Click on Search Product<br>]]>
    </line>
    <line>
      <![CDATA[<br>Step 2 : Search Product title<br>]]>
    </line>
  </reporter-output>
  <suite name="Avasam_Automation" duration-ms="60574" started-at="2021-09-14T12:38:36Z" finished-at="2021-09-14T12:39:37Z">
    <groups>
    </groups>
    <test name="Avasam" duration-ms="60574" started-at="2021-09-14T12:38:36Z" finished-at="2021-09-14T12:39:37Z">
      <class name="com.index.LoginIndex">
        <test-method status="PASS" signature="fetchSuiteConfiguration(org.testng.ITestContext)[pri:0, instance:com.index.LoginIndex@2ed94a8b]" name="fetchSuiteConfiguration" is-config="true" duration-ms="717" started-at="2021-09-14T18:08:36Z" finished-at="2021-09-14T18:08:36Z">
          <params>
            <param index="0">
              <value>
                <![CDATA[org.testng.TestRunner@70e659aa]]>
              </value>
            </param>
          </params>
          <reporter-output>
          </reporter-output>
        </test-method> <!-- fetchSuiteConfiguration -->
        <test-method status="PASS" signature="one(org.testng.ITestContext)[pri:0, instance:com.index.LoginIndex@2ed94a8b]" name="one" is-config="true" duration-ms="0" started-at="2021-09-14T18:08:36Z" finished-at="2021-09-14T18:08:36Z">
          <params>
            <param index="0">
              <value>
                <![CDATA[org.testng.TestRunner@70e659aa]]>
              </value>
            </param>
          </params>
          <reporter-output>
          </reporter-output>
        </test-method> <!-- one -->
        <test-method status="PASS" signature="setUp(org.testng.ITestContext)[pri:0, instance:com.index.LoginIndex@2ed94a8b]" name="setUp" is-config="true" duration-ms="10685" started-at="2021-09-14T18:08:36Z" finished-at="2021-09-14T18:08:47Z">
          <params>
            <param index="0">
              <value>
                <![CDATA[org.testng.TestRunner@70e659aa]]>
              </value>
            </param>
          </params>
          <reporter-output>
            <line>
              <![CDATA[<br>current test- Avasam]]>
            </line>
            <line>
              <![CDATA[Current Xml Suite is:---->Avasam_Automation]]>
            </line>
          </reporter-output>
        </test-method> <!-- setUp -->
        <test-method status="PASS" signature="initV()[pri:0, instance:com.index.LoginIndex@2ed94a8b]" name="initV" is-config="true" duration-ms="153" started-at="2021-09-14T18:08:47Z" finished-at="2021-09-14T18:08:47Z">
          <reporter-output>
          </reporter-output>
        </test-method> <!-- initV -->
        <test-method status="PASS" signature="login()[pri:0, instance:com.index.LoginIndex@2ed94a8b]" name="login" duration-ms="19721" started-at="2021-09-14T18:08:47Z" finished-at="2021-09-14T18:09:07Z">
          <reporter-output>
            <line>
              <![CDATA[<br>Step 1 : Enter username.<br>]]>
            </line>
            <line>
              <![CDATA[<br>Step 2 : Enter password.<br>]]>
            </line>
            <line>
              <![CDATA[<br>Step 3 : Click on Signin button.<br>]]>
            </line>
            <line>
              <![CDATA[<br>Step 4 : Verify 'Login' is successful.<br>]]>
            </line>
          </reporter-output>
        </test-method> <!-- login -->
        <test-method status="FAIL" signature="tearDown()[pri:0, instance:com.index.LoginIndex@2ed94a8b]" name="tearDown" is-config="true" duration-ms="0" started-at="2021-09-14T18:09:34Z" finished-at="2021-09-14T18:09:34Z">
          <exception class="java.lang.NullPointerException">
            <full-stacktrace>
              <![CDATA[java.lang.NullPointerException
	at com.init.SeleniumInit.tearDown(SeleniumInit.java:373)
	at sun.reflect.NativeMethodAccessorImpl.invoke0(Native Method)
	at sun.reflect.NativeMethodAccessorImpl.invoke(Unknown Source)
	at sun.reflect.DelegatingMethodAccessorImpl.invoke(Unknown Source)
	at java.lang.reflect.Method.invoke(Unknown Source)
	at org.testng.internal.MethodInvocationHelper.invokeMethod(MethodInvocationHelper.java:86)
	at org.testng.internal.Invoker.invokeConfigurationMethod(Invoker.java:514)
	at org.testng.internal.Invoker.invokeConfigurations(Invoker.java:215)
	at org.testng.internal.Invoker.invokeConfigurations(Invoker.java:142)
	at org.testng.TestRunner.afterRun(TestRunner.java:1012)
	at org.testng.TestRunner.run(TestRunner.java:636)
	at org.testng.SuiteRunner.runTest(SuiteRunner.java:366)
	at org.testng.SuiteRunner.runSequentially(SuiteRunner.java:361)
	at org.testng.SuiteRunner.privateRun(SuiteRunner.java:319)
	at org.testng.SuiteRunner.run(SuiteRunner.java:268)
	at org.testng.SuiteRunnerWorker.runSuite(SuiteRunnerWorker.java:52)
	at org.testng.SuiteRunnerWorker.run(SuiteRunnerWorker.java:86)
	at org.testng.TestNG.runSuitesSequentially(TestNG.java:1244)
	at org.testng.TestNG.runSuitesLocally(TestNG.java:1169)
	at org.testng.TestNG.run(TestNG.java:1064)
	at org.testng.remote.RemoteTestNG.run(RemoteTestNG.java:113)
	at org.testng.remote.RemoteTestNG.initAndRun(RemoteTestNG.java:206)
	at org.testng.remote.RemoteTestNG.main(RemoteTestNG.java:177)
]]>
            </full-stacktrace>
          </exception> <!-- java.lang.NullPointerException -->
          <reporter-output>
          </reporter-output>
        </test-method> <!-- tearDown -->
        <test-method status="PASS" signature="testResults()[pri:0, instance:com.index.LoginIndex@2ed94a8b]" name="testResults" is-config="true" duration-ms="746" started-at="2021-09-14T18:09:37Z" finished-at="2021-09-14T18:09:38Z">
          <reporter-output>
          </reporter-output>
        </test-method> <!-- testResults -->
      </class> <!-- com.index.LoginIndex -->
      <class name="com.index.SearchProductIndex">
        <test-method status="PASS" signature="initV()[pri:0, instance:com.index.SearchProductIndex@38082d64]" name="initV" is-config="true" duration-ms="8" started-at="2021-09-14T18:09:07Z" finished-at="2021-09-14T18:09:07Z">
          <reporter-output>
          </reporter-output>
        </test-method> <!-- initV -->
        <test-method status="PASS" signature="searchProduct()[pri:1, instance:com.index.SearchProductIndex@38082d64]" name="searchProduct" duration-ms="21440" started-at="2021-09-14T18:09:07Z" finished-at="2021-09-14T18:09:29Z">
          <reporter-output>
            <line>
              <![CDATA[<br>Step 1 : Click on Search Product<br>]]>
            </line>
            <line>
              <![CDATA[<br>Step 2 : Search Product title<br>]]>
            </line>
          </reporter-output>
        </test-method> <!-- searchProduct -->
        <test-method status="PASS" signature="verifysourcedProduct()[pri:2, instance:com.index.SearchProductIndex@38082d64]" name="verifysourcedProduct" duration-ms="5397" started-at="2021-09-14T18:09:29Z" finished-at="2021-09-14T18:09:34Z">
          <reporter-output>
          </reporter-output>
        </test-method> <!-- verifysourcedProduct -->
        <test-method status="PASS" signature="initV()[pri:0, instance:com.index.SearchProductIndex@38082d64]" name="initV" is-config="true" duration-ms="0" started-at="2021-09-14T18:09:29Z" finished-at="2021-09-14T18:09:29Z">
          <reporter-output>
          </reporter-output>
        </test-method> <!-- initV -->
      </class> <!-- com.index.SearchProductIndex -->
    </test> <!-- Avasam -->
  </suite> <!-- Avasam_Automation -->
</testng-results>
