<?xml version="1.0" encoding="UTF-8"?>
<testng-results skipped="0" failed="0" ignored="0" total="1" passed="1">
  <reporter-output>
    <line>
      <![CDATA[<br>current test- TC-1. Searchtabfunctionality.]]>
    </line>
    <line>
      <![CDATA[Current Xml Suite is:---->Login Test Cases]]>
    </line>
    <line>
      <![CDATA[<br>Step 1 : Click on Hello sign in.<br>]]>
    </line>
    <line>
      <![CDATA[<br>Step 2 : Enter mobile number.<br>]]>
    </line>
    <line>
      <![CDATA[<br>Step 3 : Click on Continue button.<br>]]>
    </line>
    <line>
      <![CDATA[<br>Step 4 : Enter Password.<br>]]>
    </line>
    <line>
      <![CDATA[<br>Step 5 : Click on Sign in button.<br>]]>
    </line>
    <line>
      <![CDATA[<br>Step 6 : Click on Orders.<br>]]>
    </line>
    <line>
      <![CDATA[<br>Step 7 : Enter Search item.<br>]]>
    </line>
    <line>
      <![CDATA[<br>Step 8 : Click on SearchOrders.<br>]]>
    </line>
  </reporter-output>
  <suite name="Login Test Cases" duration-ms="65845" started-at="2022-02-02T10:13:29Z" finished-at="2022-02-02T10:14:35Z">
    <groups>
    </groups>
    <test name="TC-1. Searchtabfunctionality." duration-ms="65845" started-at="2022-02-02T10:13:29Z" finished-at="2022-02-02T10:14:35Z">
      <class name="com.index.AnSearchtabIndex">
        <test-method status="PASS" signature="fetchSuiteConfiguration(org.testng.ITestContext)[pri:0, instance:com.index.AnSearchtabIndex@6e1567f1]" name="fetchSuiteConfiguration" is-config="true" duration-ms="264" started-at="2022-02-02T15:43:29Z" finished-at="2022-02-02T15:43:29Z">
          <params>
            <param index="0">
              <value>
                <![CDATA[org.testng.TestRunner@6fa590ba]]>
              </value>
            </param>
          </params>
          <reporter-output>
          </reporter-output>
        </test-method> <!-- fetchSuiteConfiguration -->
        <test-method status="PASS" signature="one(org.testng.ITestContext)[pri:0, instance:com.index.AnSearchtabIndex@6e1567f1]" name="one" is-config="true" duration-ms="0" started-at="2022-02-02T15:43:29Z" finished-at="2022-02-02T15:43:29Z">
          <params>
            <param index="0">
              <value>
                <![CDATA[org.testng.TestRunner@6fa590ba]]>
              </value>
            </param>
          </params>
          <reporter-output>
          </reporter-output>
        </test-method> <!-- one -->
        <test-method status="PASS" signature="setUp(java.lang.reflect.Method, org.testng.ITestContext)[pri:0, instance:com.index.AnSearchtabIndex@6e1567f1]" name="setUp" is-config="true" duration-ms="13241" started-at="2022-02-02T15:43:29Z" finished-at="2022-02-02T15:43:42Z">
          <params>
            <param index="0">
              <value>
                <![CDATA[public void com.index.AnSearchtabIndex.Searchtab() throws java.lang.Exception]]>
              </value>
            </param>
            <param index="1">
              <value>
                <![CDATA[org.testng.TestRunner@6fa590ba]]>
              </value>
            </param>
          </params>
          <reporter-output>
            <line>
              <![CDATA[<br>current test- TC-1. Searchtabfunctionality.]]>
            </line>
            <line>
              <![CDATA[Current Xml Suite is:---->Login Test Cases]]>
            </line>
          </reporter-output>
        </test-method> <!-- setUp -->
        <test-method status="PASS" signature="Searchtab()[pri:0, instance:com.index.AnSearchtabIndex@6e1567f1]" name="Searchtab" duration-ms="49664" started-at="2022-02-02T15:43:42Z" finished-at="2022-02-02T15:44:32Z">
          <reporter-output>
            <line>
              <![CDATA[<br>Step 1 : Click on Hello sign in.<br>]]>
            </line>
            <line>
              <![CDATA[<br>Step 2 : Enter mobile number.<br>]]>
            </line>
            <line>
              <![CDATA[<br>Step 3 : Click on Continue button.<br>]]>
            </line>
            <line>
              <![CDATA[<br>Step 4 : Enter Password.<br>]]>
            </line>
            <line>
              <![CDATA[<br>Step 5 : Click on Sign in button.<br>]]>
            </line>
            <line>
              <![CDATA[<br>Step 6 : Click on Orders.<br>]]>
            </line>
            <line>
              <![CDATA[<br>Step 7 : Enter Search item.<br>]]>
            </line>
            <line>
              <![CDATA[<br>Step 8 : Click on SearchOrders.<br>]]>
            </line>
          </reporter-output>
        </test-method> <!-- Searchtab -->
        <test-method status="PASS" signature="tearDown(org.testng.ITestResult)[pri:0, instance:com.index.AnSearchtabIndex@6e1567f1]" name="tearDown" is-config="true" duration-ms="2931" started-at="2022-02-02T15:44:32Z" finished-at="2022-02-02T15:44:35Z">
          <params>
            <param index="0">
              <value>
                <![CDATA[[TestResult name=Searchtab status=SUCCESS method=AnSearchtabIndex.Searchtab()[pri:0, instance:com.index.AnSearchtabIndex@6e1567f1] output=<br>Step 1 : Click on Hello sign in.<br>]]]>
              </value>
            </param>
          </params>
          <reporter-output>
          </reporter-output>
        </test-method> <!-- tearDown -->
        <test-method status="PASS" signature="testResults()[pri:0, instance:com.index.AnSearchtabIndex@6e1567f1]" name="testResults" is-config="true" duration-ms="453" started-at="2022-02-02T15:44:35Z" finished-at="2022-02-02T15:44:36Z">
          <reporter-output>
          </reporter-output>
        </test-method> <!-- testResults -->
      </class> <!-- com.index.AnSearchtabIndex -->
    </test> <!-- TC-1. Searchtabfunctionality. -->
  </suite> <!-- Login Test Cases -->
</testng-results>
