<?xml version="1.0" encoding="UTF-8"?>
<testng-results skipped="0" failed="0" total="5" passed="5">
  <reporter-output>
    <line>
      <![CDATA[<br>current test- TC-1. Login validation.]]>
    </line>
    <line>
      <![CDATA[Current Xml Suite is:---->Login Test Cases]]>
    </line>
    <line>
      <![CDATA[<br>Step 1 : Enter username.<br>]]>
    </line>
    <line>
      <![CDATA[<br>Step 2 : Enter password.<br>]]>
    </line>
    <line>
      <![CDATA[<br>Step 3 : Click on Signin button.<br>]]>
    </line>
    <line>
      <![CDATA[<br>Step 4 : Verify 'Login' is successful.<br>]]>
    </line>
    <line>
      <![CDATA[<br>current test- TC-2. Negative Login validation.]]>
    </line>
    <line>
      <![CDATA[Current Xml Suite is:---->Login Test Cases]]>
    </line>
    <line>
      <![CDATA[<br>Step 1 : Enter username.<br>]]>
    </line>
    <line>
      <![CDATA[<br>Step 2 : Enter password.<br>]]>
    </line>
    <line>
      <![CDATA[<br>Step 3 : Click on Signin button.<br>]]>
    </line>
    <line>
      <![CDATA[<br>Step 4 : Verify 'Login' is successful.<br>]]>
    </line>
    <line>
      <![CDATA[<br>current test- TC-3. Blank UserName validation.]]>
    </line>
    <line>
      <![CDATA[Current Xml Suite is:---->Login Test Cases]]>
    </line>
    <line>
      <![CDATA[<br>current test- TC-4. Blank Password validation.]]>
    </line>
    <line>
      <![CDATA[Current Xml Suite is:---->Login Test Cases]]>
    </line>
    <line>
      <![CDATA[<br>current test- TC-5.Add to cart validation.]]>
    </line>
    <line>
      <![CDATA[Current Xml Suite is:---->Login Test Cases]]>
    </line>
    <line>
      <![CDATA[<br>Step 1 : Enter username.<br>]]>
    </line>
    <line>
      <![CDATA[<br>Step 2 : Enter password.<br>]]>
    </line>
    <line>
      <![CDATA[<br>Step 3 : Click on Signin button.<br>]]>
    </line>
    <line>
      <![CDATA[<br>Step 4 : Verify 'Login' is successful.<br>]]>
    </line>
  </reporter-output>
  <suite name="Login Test Cases" duration-ms="85452" started-at="2021-08-20T06:31:29Z" finished-at="2021-08-20T06:32:54Z">
    <groups>
    </groups>
    <test name="TC-1. Login validation." duration-ms="27759" started-at="2021-08-20T06:31:29Z" finished-at="2021-08-20T06:31:56Z">
      <class name="com.index.LoginIndex">
        <test-method status="PASS" signature="setUp(java.lang.reflect.Method, org.testng.ITestContext)[pri:0, instance:com.index.LoginIndex@12843fce]" name="setUp" is-config="true" duration-ms="9081" started-at="2021-08-20T12:01:29Z" finished-at="2021-08-20T12:01:38Z">
          <params>
            <param index="0">
              <value>
                <![CDATA[public void com.index.LoginIndex.login() throws java.lang.Exception]]>
              </value>
            </param>
            <param index="1">
              <value>
                <![CDATA[org.testng.TestRunner@c074c0c]]>
              </value>
            </param>
          </params>
          <reporter-output>
            <line>
              <![CDATA[<br>current test- TC-1. Login validation.]]>
            </line>
            <line>
              <![CDATA[Current Xml Suite is:---->Login Test Cases]]>
            </line>
          </reporter-output>
        </test-method> <!-- setUp -->
        <test-method status="PASS" signature="one(org.testng.ITestContext)[pri:0, instance:com.index.LoginIndex@12843fce]" name="one" is-config="true" duration-ms="0" started-at="2021-08-20T12:01:29Z" finished-at="2021-08-20T12:01:29Z">
          <params>
            <param index="0">
              <value>
                <![CDATA[org.testng.TestRunner@c074c0c]]>
              </value>
            </param>
          </params>
          <reporter-output>
          </reporter-output>
        </test-method> <!-- one -->
        <test-method status="PASS" signature="login()[pri:0, instance:com.index.LoginIndex@12843fce]" name="login" duration-ms="17747" started-at="2021-08-20T12:01:38Z" finished-at="2021-08-20T12:01:55Z">
          <reporter-output>
            <line>
              <![CDATA[<br>Step 1 : Enter username.<br>]]>
            </line>
            <line>
              <![CDATA[<br>Step 2 : Enter password.<br>]]>
            </line>
            <line>
              <![CDATA[<br>Step 3 : Click on Signin button.<br>]]>
            </line>
            <line>
              <![CDATA[<br>Step 4 : Verify 'Login' is successful.<br>]]>
            </line>
          </reporter-output>
        </test-method> <!-- login -->
        <test-method status="PASS" signature="tearDown(org.testng.ITestResult)[pri:0, instance:com.index.LoginIndex@12843fce]" name="tearDown" is-config="true" duration-ms="931" started-at="2021-08-20T12:01:55Z" finished-at="2021-08-20T12:01:56Z">
          <params>
            <param index="0">
              <value>
                <![CDATA[[TestResult name=login status=SUCCESS method=LoginIndex.login()[pri:0, instance:com.index.LoginIndex@12843fce] output=<br>Step 1 : Enter username.<br>]]]>
              </value>
            </param>
          </params>
          <reporter-output>
          </reporter-output>
        </test-method> <!-- tearDown -->
      </class> <!-- com.index.LoginIndex -->
    </test> <!-- TC-1. Login validation. -->
    <test name="TC-2. Negative Login validation." duration-ms="13471" started-at="2021-08-20T06:31:56Z" finished-at="2021-08-20T06:32:10Z">
      <class name="com.index.LoginIndex">
        <test-method status="PASS" signature="setUp(java.lang.reflect.Method, org.testng.ITestContext)[pri:0, instance:com.index.LoginIndex@5afa04c]" name="setUp" is-config="true" duration-ms="4952" started-at="2021-08-20T12:01:56Z" finished-at="2021-08-20T12:02:01Z">
          <params>
            <param index="0">
              <value>
                <![CDATA[public void com.index.LoginIndex.login_negative() throws java.lang.Exception]]>
              </value>
            </param>
            <param index="1">
              <value>
                <![CDATA[org.testng.TestRunner@58a55449]]>
              </value>
            </param>
          </params>
          <reporter-output>
            <line>
              <![CDATA[<br>current test- TC-2. Negative Login validation.]]>
            </line>
            <line>
              <![CDATA[Current Xml Suite is:---->Login Test Cases]]>
            </line>
          </reporter-output>
        </test-method> <!-- setUp -->
        <test-method status="PASS" signature="one(org.testng.ITestContext)[pri:0, instance:com.index.LoginIndex@5afa04c]" name="one" is-config="true" duration-ms="0" started-at="2021-08-20T12:01:56Z" finished-at="2021-08-20T12:01:56Z">
          <params>
            <param index="0">
              <value>
                <![CDATA[org.testng.TestRunner@58a55449]]>
              </value>
            </param>
          </params>
          <reporter-output>
          </reporter-output>
        </test-method> <!-- one -->
        <test-method status="PASS" signature="login_negative()[pri:0, instance:com.index.LoginIndex@5afa04c]" name="login_negative" duration-ms="6006" started-at="2021-08-20T12:02:01Z" finished-at="2021-08-20T12:02:07Z">
          <reporter-output>
            <line>
              <![CDATA[<br>Step 1 : Enter username.<br>]]>
            </line>
            <line>
              <![CDATA[<br>Step 2 : Enter password.<br>]]>
            </line>
            <line>
              <![CDATA[<br>Step 3 : Click on Signin button.<br>]]>
            </line>
            <line>
              <![CDATA[<br>Step 4 : Verify 'Login' is successful.<br>]]>
            </line>
          </reporter-output>
        </test-method> <!-- login_negative -->
        <test-method status="PASS" signature="tearDown(org.testng.ITestResult)[pri:0, instance:com.index.LoginIndex@5afa04c]" name="tearDown" is-config="true" duration-ms="2513" started-at="2021-08-20T12:02:07Z" finished-at="2021-08-20T12:02:10Z">
          <params>
            <param index="0">
              <value>
                <![CDATA[[TestResult name=login_negative status=SUCCESS method=LoginIndex.login_negative()[pri:0, instance:com.index.LoginIndex@5afa04c] output=<br>Step 1 : Enter username.<br>]]]>
              </value>
            </param>
          </params>
          <reporter-output>
          </reporter-output>
        </test-method> <!-- tearDown -->
      </class> <!-- com.index.LoginIndex -->
    </test> <!-- TC-2. Negative Login validation. -->
    <test name="TC-3. Blank UserName validation." duration-ms="13664" started-at="2021-08-20T06:32:10Z" finished-at="2021-08-20T06:32:24Z">
      <class name="com.index.LoginIndex">
        <test-method status="PASS" signature="one(org.testng.ITestContext)[pri:0, instance:com.index.LoginIndex@1efbd816]" name="one" is-config="true" duration-ms="0" started-at="2021-08-20T12:02:10Z" finished-at="2021-08-20T12:02:10Z">
          <params>
            <param index="0">
              <value>
                <![CDATA[org.testng.TestRunner@5949eba8]]>
              </value>
            </param>
          </params>
          <reporter-output>
          </reporter-output>
        </test-method> <!-- one -->
        <test-method status="PASS" signature="setUp(java.lang.reflect.Method, org.testng.ITestContext)[pri:0, instance:com.index.LoginIndex@1efbd816]" name="setUp" is-config="true" duration-ms="6543" started-at="2021-08-20T12:02:10Z" finished-at="2021-08-20T12:02:16Z">
          <params>
            <param index="0">
              <value>
                <![CDATA[public void com.index.LoginIndex.login_blankUserName() throws java.lang.Exception]]>
              </value>
            </param>
            <param index="1">
              <value>
                <![CDATA[org.testng.TestRunner@5949eba8]]>
              </value>
            </param>
          </params>
          <reporter-output>
            <line>
              <![CDATA[<br>current test- TC-3. Blank UserName validation.]]>
            </line>
            <line>
              <![CDATA[Current Xml Suite is:---->Login Test Cases]]>
            </line>
          </reporter-output>
        </test-method> <!-- setUp -->
        <test-method status="PASS" signature="login_blankUserName()[pri:0, instance:com.index.LoginIndex@1efbd816]" name="login_blankUserName" duration-ms="6249" started-at="2021-08-20T12:02:16Z" finished-at="2021-08-20T12:02:23Z">
          <reporter-output>
          </reporter-output>
        </test-method> <!-- login_blankUserName -->
        <test-method status="PASS" signature="tearDown(org.testng.ITestResult)[pri:0, instance:com.index.LoginIndex@1efbd816]" name="tearDown" is-config="true" duration-ms="870" started-at="2021-08-20T12:02:23Z" finished-at="2021-08-20T12:02:24Z">
          <params>
            <param index="0">
              <value>
                <![CDATA[[TestResult name=login_blankUserName status=SUCCESS method=LoginIndex.login_blankUserName()[pri:0, instance:com.index.LoginIndex@1efbd816] output={null}]]]>
              </value>
            </param>
          </params>
          <reporter-output>
          </reporter-output>
        </test-method> <!-- tearDown -->
      </class> <!-- com.index.LoginIndex -->
    </test> <!-- TC-3. Blank UserName validation. -->
    <test name="TC-4. Blank Password validation." duration-ms="13112" started-at="2021-08-20T06:32:24Z" finished-at="2021-08-20T06:32:37Z">
      <class name="com.index.LoginIndex">
        <test-method status="PASS" signature="one(org.testng.ITestContext)[pri:0, instance:com.index.LoginIndex@402f32ff]" name="one" is-config="true" duration-ms="0" started-at="2021-08-20T12:02:24Z" finished-at="2021-08-20T12:02:24Z">
          <params>
            <param index="0">
              <value>
                <![CDATA[org.testng.TestRunner@6e0ff644]]>
              </value>
            </param>
          </params>
          <reporter-output>
          </reporter-output>
        </test-method> <!-- one -->
        <test-method status="PASS" signature="setUp(java.lang.reflect.Method, org.testng.ITestContext)[pri:0, instance:com.index.LoginIndex@402f32ff]" name="setUp" is-config="true" duration-ms="4955" started-at="2021-08-20T12:02:24Z" finished-at="2021-08-20T12:02:29Z">
          <params>
            <param index="0">
              <value>
                <![CDATA[public void com.index.LoginIndex.login_blankPassword() throws java.lang.Exception]]>
              </value>
            </param>
            <param index="1">
              <value>
                <![CDATA[org.testng.TestRunner@6e0ff644]]>
              </value>
            </param>
          </params>
          <reporter-output>
            <line>
              <![CDATA[<br>current test- TC-4. Blank Password validation.]]>
            </line>
            <line>
              <![CDATA[Current Xml Suite is:---->Login Test Cases]]>
            </line>
          </reporter-output>
        </test-method> <!-- setUp -->
        <test-method status="PASS" signature="login_blankPassword()[pri:0, instance:com.index.LoginIndex@402f32ff]" name="login_blankPassword" duration-ms="5845" started-at="2021-08-20T12:02:29Z" finished-at="2021-08-20T12:02:34Z">
          <reporter-output>
          </reporter-output>
        </test-method> <!-- login_blankPassword -->
        <test-method status="PASS" signature="tearDown(org.testng.ITestResult)[pri:0, instance:com.index.LoginIndex@402f32ff]" name="tearDown" is-config="true" duration-ms="2310" started-at="2021-08-20T12:02:34Z" finished-at="2021-08-20T12:02:37Z">
          <params>
            <param index="0">
              <value>
                <![CDATA[[TestResult name=login_blankPassword status=SUCCESS method=LoginIndex.login_blankPassword()[pri:0, instance:com.index.LoginIndex@402f32ff] output={null}]]]>
              </value>
            </param>
          </params>
          <reporter-output>
          </reporter-output>
        </test-method> <!-- tearDown -->
      </class> <!-- com.index.LoginIndex -->
    </test> <!-- TC-4. Blank Password validation. -->
    <test name="TC-5.Add to cart validation." duration-ms="17331" started-at="2021-08-20T06:32:37Z" finished-at="2021-08-20T06:32:54Z">
      <class name="com.index.AddCartIndex">
        <test-method status="PASS" signature="fetchSuiteConfiguration(org.testng.ITestContext)[pri:0, instance:com.index.AddCartIndex@50c87b21]" name="fetchSuiteConfiguration" is-config="true" duration-ms="285" started-at="2021-08-20T12:01:28Z" finished-at="2021-08-20T12:01:29Z">
          <params>
            <param index="0">
              <value>
                <![CDATA[org.testng.TestRunner@7048f722]]>
              </value>
            </param>
          </params>
          <reporter-output>
          </reporter-output>
        </test-method> <!-- fetchSuiteConfiguration -->
        <test-method status="PASS" signature="one(org.testng.ITestContext)[pri:0, instance:com.index.AddCartIndex@50c87b21]" name="one" is-config="true" duration-ms="0" started-at="2021-08-20T12:02:37Z" finished-at="2021-08-20T12:02:37Z">
          <params>
            <param index="0">
              <value>
                <![CDATA[org.testng.TestRunner@7048f722]]>
              </value>
            </param>
          </params>
          <reporter-output>
          </reporter-output>
        </test-method> <!-- one -->
        <test-method status="PASS" signature="setUp(java.lang.reflect.Method, org.testng.ITestContext)[pri:0, instance:com.index.AddCartIndex@50c87b21]" name="setUp" is-config="true" duration-ms="4835" started-at="2021-08-20T12:02:37Z" finished-at="2021-08-20T12:02:42Z">
          <params>
            <param index="0">
              <value>
                <![CDATA[public void com.index.AddCartIndex.addProductToCart() throws java.lang.Exception]]>
              </value>
            </param>
            <param index="1">
              <value>
                <![CDATA[org.testng.TestRunner@7048f722]]>
              </value>
            </param>
          </params>
          <reporter-output>
            <line>
              <![CDATA[<br>current test- TC-5.Add to cart validation.]]>
            </line>
            <line>
              <![CDATA[Current Xml Suite is:---->Login Test Cases]]>
            </line>
          </reporter-output>
        </test-method> <!-- setUp -->
        <test-method status="PASS" signature="addProductToCart()[pri:0, instance:com.index.AddCartIndex@50c87b21]" name="addProductToCart" duration-ms="11615" started-at="2021-08-20T12:02:42Z" finished-at="2021-08-20T12:02:53Z">
          <reporter-output>
            <line>
              <![CDATA[<br>Step 1 : Enter username.<br>]]>
            </line>
            <line>
              <![CDATA[<br>Step 2 : Enter password.<br>]]>
            </line>
            <line>
              <![CDATA[<br>Step 3 : Click on Signin button.<br>]]>
            </line>
            <line>
              <![CDATA[<br>Step 4 : Verify 'Login' is successful.<br>]]>
            </line>
          </reporter-output>
        </test-method> <!-- addProductToCart -->
        <test-method status="PASS" signature="tearDown(org.testng.ITestResult)[pri:0, instance:com.index.AddCartIndex@50c87b21]" name="tearDown" is-config="true" duration-ms="878" started-at="2021-08-20T12:02:53Z" finished-at="2021-08-20T12:02:54Z">
          <params>
            <param index="0">
              <value>
                <![CDATA[[TestResult name=addProductToCart status=SUCCESS method=AddCartIndex.addProductToCart()[pri:0, instance:com.index.AddCartIndex@50c87b21] output=<br>Step 1 : Enter username.<br>]]]>
              </value>
            </param>
          </params>
          <reporter-output>
          </reporter-output>
        </test-method> <!-- tearDown -->
        <test-method status="PASS" signature="testResults()[pri:0, instance:com.index.AddCartIndex@50c87b21]" name="testResults" is-config="true" duration-ms="650" started-at="2021-08-20T12:02:54Z" finished-at="2021-08-20T12:02:55Z">
          <reporter-output>
          </reporter-output>
        </test-method> <!-- testResults -->
      </class> <!-- com.index.AddCartIndex -->
    </test> <!-- TC-5.Add to cart validation. -->
  </suite> <!-- Login Test Cases -->
</testng-results>
