<?xml version="1.0" encoding="UTF-8"?>
<testng-results skipped="0" failed="0" ignored="0" total="5" passed="5">
  <reporter-output>
    <line>
      <![CDATA[<br>current test- SauceDemoAutomation]]>
    </line>
    <line>
      <![CDATA[Current Xml Suite is:---->Login Test Cases]]>
    </line>
    <line>
      <![CDATA[<br>Step 1 : Enter username.<br>]]>
    </line>
    <line>
      <![CDATA[<br>Step 2 : Enter password.<br>]]>
    </line>
    <line>
      <![CDATA[<br>Step 3 : Click on Signin button.<br>]]>
    </line>
    <line>
      <![CDATA[<br>Step 4 : Verify 'Login' is successful.<br>]]>
    </line>
    <line>
      <![CDATA[<br>current test- SauceDemoAutomation]]>
    </line>
    <line>
      <![CDATA[Current Xml Suite is:---->Login Test Cases]]>
    </line>
    <line>
      <![CDATA[<br>Step 1 : Enter username.<br>]]>
    </line>
    <line>
      <![CDATA[<br>Step 2 : Enter password.<br>]]>
    </line>
    <line>
      <![CDATA[<br>Step 3 : Click on Signin button.<br>]]>
    </line>
    <line>
      <![CDATA[<br>Step 4 : Verify 'Login' is successful.<br>]]>
    </line>
    <line>
      <![CDATA[<br>current test- SauceDemoAutomation]]>
    </line>
    <line>
      <![CDATA[Current Xml Suite is:---->Login Test Cases]]>
    </line>
    <line>
      <![CDATA[<br>Step 5 : Enter username.<br>]]>
    </line>
    <line>
      <![CDATA[<br>Step 6 : Enter password.<br>]]>
    </line>
    <line>
      <![CDATA[<br>Step 7 : Click on Log in button.<br>]]>
    </line>
    <line>
      <![CDATA[<br>current test- SauceDemoAutomation]]>
    </line>
    <line>
      <![CDATA[Current Xml Suite is:---->Login Test Cases]]>
    </line>
    <line>
      <![CDATA[<br>Step 8 : Enter username.<br>]]>
    </line>
    <line>
      <![CDATA[<br>Step 9 : Enter password.<br>]]>
    </line>
    <line>
      <![CDATA[<br>Step 10 : Click on Log in button.<br>]]>
    </line>
    <line>
      <![CDATA[<br>current test- SauceDemoAutomation]]>
    </line>
    <line>
      <![CDATA[Current Xml Suite is:---->Login Test Cases]]>
    </line>
    <line>
      <![CDATA[<br>Step 11 : Enter username.<br>]]>
    </line>
    <line>
      <![CDATA[<br>Step 12 : Enter password.<br>]]>
    </line>
    <line>
      <![CDATA[<br>Step 13 : Click on Log in button.<br>]]>
    </line>
    <line>
      <![CDATA[<br>Step 14 : Verify 'Login' is successful.<br>]]>
    </line>
  </reporter-output>
  <suite name="Login Test Cases" duration-ms="62032" started-at="2021-08-25T11:51:09Z" finished-at="2021-08-25T11:52:11Z">
    <groups>
    </groups>
    <test name="SauceDemoAutomation" duration-ms="62032" started-at="2021-08-25T11:51:09Z" finished-at="2021-08-25T11:52:11Z">
      <class name="com.index.AddCartIndex">
        <test-method status="PASS" signature="fetchSuiteConfiguration(org.testng.ITestContext)[pri:0, instance:com.index.AddCartIndex@31a5c39e]" name="fetchSuiteConfiguration" is-config="true" duration-ms="284" started-at="2021-08-25T17:21:09Z" finished-at="2021-08-25T17:21:09Z">
          <params>
            <param index="0">
              <value>
                <![CDATA[org.testng.TestRunner@b672aa8]]>
              </value>
            </param>
          </params>
          <reporter-output>
          </reporter-output>
        </test-method> <!-- fetchSuiteConfiguration -->
        <test-method status="PASS" signature="one(org.testng.ITestContext)[pri:0, instance:com.index.AddCartIndex@31a5c39e]" name="one" is-config="true" duration-ms="1" started-at="2021-08-25T17:21:09Z" finished-at="2021-08-25T17:21:09Z">
          <params>
            <param index="0">
              <value>
                <![CDATA[org.testng.TestRunner@b672aa8]]>
              </value>
            </param>
          </params>
          <reporter-output>
          </reporter-output>
        </test-method> <!-- one -->
        <test-method status="PASS" signature="setUp(java.lang.reflect.Method, org.testng.ITestContext)[pri:0, instance:com.index.AddCartIndex@31a5c39e]" name="setUp" is-config="true" duration-ms="5599" started-at="2021-08-25T17:21:09Z" finished-at="2021-08-25T17:21:15Z">
          <params>
            <param index="0">
              <value>
                <![CDATA[public void com.index.AddCartIndex.addProductToCart() throws java.lang.Exception]]>
              </value>
            </param>
            <param index="1">
              <value>
                <![CDATA[org.testng.TestRunner@b672aa8]]>
              </value>
            </param>
          </params>
          <reporter-output>
            <line>
              <![CDATA[<br>current test- SauceDemoAutomation]]>
            </line>
            <line>
              <![CDATA[Current Xml Suite is:---->Login Test Cases]]>
            </line>
          </reporter-output>
        </test-method> <!-- setUp -->
        <test-method status="PASS" signature="addProductToCart()[pri:0, instance:com.index.AddCartIndex@31a5c39e]" name="addProductToCart" duration-ms="11693" started-at="2021-08-25T17:21:15Z" finished-at="2021-08-25T17:21:27Z">
          <reporter-output>
            <line>
              <![CDATA[<br>Step 1 : Enter username.<br>]]>
            </line>
            <line>
              <![CDATA[<br>Step 2 : Enter password.<br>]]>
            </line>
            <line>
              <![CDATA[<br>Step 3 : Click on Signin button.<br>]]>
            </line>
            <line>
              <![CDATA[<br>Step 4 : Verify 'Login' is successful.<br>]]>
            </line>
          </reporter-output>
        </test-method> <!-- addProductToCart -->
        <test-method status="PASS" signature="tearDown(org.testng.ITestResult)[pri:0, instance:com.index.AddCartIndex@31a5c39e]" name="tearDown" is-config="true" duration-ms="896" started-at="2021-08-25T17:21:27Z" finished-at="2021-08-25T17:21:28Z">
          <params>
            <param index="0">
              <value>
                <![CDATA[[TestResult name=addProductToCart status=SUCCESS method=AddCartIndex.addProductToCart()[pri:0, instance:com.index.AddCartIndex@31a5c39e] output=<br>Step 1 : Enter username.<br>]]]>
              </value>
            </param>
          </params>
          <reporter-output>
          </reporter-output>
        </test-method> <!-- tearDown -->
        <test-method status="PASS" signature="setUp(java.lang.reflect.Method, org.testng.ITestContext)[pri:0, instance:com.index.AddCartIndex@31a5c39e]" name="setUp" is-config="true" duration-ms="4208" started-at="2021-08-25T17:21:28Z" finished-at="2021-08-25T17:21:32Z">
          <params>
            <param index="0">
              <value>
                <![CDATA[public void com.index.LoginIndex.login() throws java.lang.Exception]]>
              </value>
            </param>
            <param index="1">
              <value>
                <![CDATA[org.testng.TestRunner@b672aa8]]>
              </value>
            </param>
          </params>
          <reporter-output>
            <line>
              <![CDATA[<br>current test- SauceDemoAutomation]]>
            </line>
            <line>
              <![CDATA[Current Xml Suite is:---->Login Test Cases]]>
            </line>
          </reporter-output>
        </test-method> <!-- setUp -->
        <test-method status="PASS" signature="login()[pri:0, instance:com.index.AddCartIndex@31a5c39e]" name="login" duration-ms="6025" started-at="2021-08-25T17:21:32Z" finished-at="2021-08-25T17:21:38Z">
          <reporter-output>
            <line>
              <![CDATA[<br>Step 1 : Enter username.<br>]]>
            </line>
            <line>
              <![CDATA[<br>Step 2 : Enter password.<br>]]>
            </line>
            <line>
              <![CDATA[<br>Step 3 : Click on Signin button.<br>]]>
            </line>
            <line>
              <![CDATA[<br>Step 4 : Verify 'Login' is successful.<br>]]>
            </line>
          </reporter-output>
        </test-method> <!-- login -->
        <test-method status="PASS" signature="tearDown(org.testng.ITestResult)[pri:0, instance:com.index.AddCartIndex@31a5c39e]" name="tearDown" is-config="true" duration-ms="1092" started-at="2021-08-25T17:21:38Z" finished-at="2021-08-25T17:21:39Z">
          <params>
            <param index="0">
              <value>
                <![CDATA[[TestResult name=login status=SUCCESS method=LoginIndex.login()[pri:0, instance:com.index.AddCartIndex@31a5c39e] output=<br>Step 1 : Enter username.<br>]]]>
              </value>
            </param>
          </params>
          <reporter-output>
          </reporter-output>
        </test-method> <!-- tearDown -->
        <test-method status="PASS" signature="setUp(java.lang.reflect.Method, org.testng.ITestContext)[pri:0, instance:com.index.AddCartIndex@31a5c39e]" name="setUp" is-config="true" duration-ms="4411" started-at="2021-08-25T17:21:39Z" finished-at="2021-08-25T17:21:43Z">
          <params>
            <param index="0">
              <value>
                <![CDATA[public void com.index.LoginIndex.login_blankPassword() throws java.lang.Exception]]>
              </value>
            </param>
            <param index="1">
              <value>
                <![CDATA[org.testng.TestRunner@b672aa8]]>
              </value>
            </param>
          </params>
          <reporter-output>
            <line>
              <![CDATA[<br>current test- SauceDemoAutomation]]>
            </line>
            <line>
              <![CDATA[Current Xml Suite is:---->Login Test Cases]]>
            </line>
          </reporter-output>
        </test-method> <!-- setUp -->
        <test-method status="PASS" signature="login_blankPassword()[pri:0, instance:com.index.AddCartIndex@31a5c39e]" name="login_blankPassword" duration-ms="5696" started-at="2021-08-25T17:21:43Z" finished-at="2021-08-25T17:21:49Z">
          <reporter-output>
            <line>
              <![CDATA[<br>Step 5 : Enter username.<br>]]>
            </line>
            <line>
              <![CDATA[<br>Step 6 : Enter password.<br>]]>
            </line>
            <line>
              <![CDATA[<br>Step 7 : Click on Log in button.<br>]]>
            </line>
          </reporter-output>
        </test-method> <!-- login_blankPassword -->
        <test-method status="PASS" signature="tearDown(org.testng.ITestResult)[pri:0, instance:com.index.AddCartIndex@31a5c39e]" name="tearDown" is-config="true" duration-ms="840" started-at="2021-08-25T17:21:49Z" finished-at="2021-08-25T17:21:50Z">
          <params>
            <param index="0">
              <value>
                <![CDATA[[TestResult name=login_blankPassword status=SUCCESS method=LoginIndex.login_blankPassword()[pri:0, instance:com.index.AddCartIndex@31a5c39e] output=<br>Step 5 : Enter username.<br>]]]>
              </value>
            </param>
          </params>
          <reporter-output>
          </reporter-output>
        </test-method> <!-- tearDown -->
        <test-method status="PASS" signature="setUp(java.lang.reflect.Method, org.testng.ITestContext)[pri:0, instance:com.index.AddCartIndex@31a5c39e]" name="setUp" is-config="true" duration-ms="4370" started-at="2021-08-25T17:21:50Z" finished-at="2021-08-25T17:21:54Z">
          <params>
            <param index="0">
              <value>
                <![CDATA[public void com.index.LoginIndex.login_blankUserName() throws java.lang.Exception]]>
              </value>
            </param>
            <param index="1">
              <value>
                <![CDATA[org.testng.TestRunner@b672aa8]]>
              </value>
            </param>
          </params>
          <reporter-output>
            <line>
              <![CDATA[<br>current test- SauceDemoAutomation]]>
            </line>
            <line>
              <![CDATA[Current Xml Suite is:---->Login Test Cases]]>
            </line>
          </reporter-output>
        </test-method> <!-- setUp -->
        <test-method status="PASS" signature="login_blankUserName()[pri:0, instance:com.index.AddCartIndex@31a5c39e]" name="login_blankUserName" duration-ms="5617" started-at="2021-08-25T17:21:54Z" finished-at="2021-08-25T17:22:00Z">
          <reporter-output>
            <line>
              <![CDATA[<br>Step 8 : Enter username.<br>]]>
            </line>
            <line>
              <![CDATA[<br>Step 9 : Enter password.<br>]]>
            </line>
            <line>
              <![CDATA[<br>Step 10 : Click on Log in button.<br>]]>
            </line>
          </reporter-output>
        </test-method> <!-- login_blankUserName -->
        <test-method status="PASS" signature="tearDown(org.testng.ITestResult)[pri:0, instance:com.index.AddCartIndex@31a5c39e]" name="tearDown" is-config="true" duration-ms="838" started-at="2021-08-25T17:22:00Z" finished-at="2021-08-25T17:22:01Z">
          <params>
            <param index="0">
              <value>
                <![CDATA[[TestResult name=login_blankUserName status=SUCCESS method=LoginIndex.login_blankUserName()[pri:0, instance:com.index.AddCartIndex@31a5c39e] output=<br>Step 8 : Enter username.<br>]]]>
              </value>
            </param>
          </params>
          <reporter-output>
          </reporter-output>
        </test-method> <!-- tearDown -->
        <test-method status="PASS" signature="setUp(java.lang.reflect.Method, org.testng.ITestContext)[pri:0, instance:com.index.AddCartIndex@31a5c39e]" name="setUp" is-config="true" duration-ms="4039" started-at="2021-08-25T17:22:01Z" finished-at="2021-08-25T17:22:05Z">
          <params>
            <param index="0">
              <value>
                <![CDATA[public void com.index.LoginIndex.login_negative() throws java.lang.Exception]]>
              </value>
            </param>
            <param index="1">
              <value>
                <![CDATA[org.testng.TestRunner@b672aa8]]>
              </value>
            </param>
          </params>
          <reporter-output>
            <line>
              <![CDATA[<br>current test- SauceDemoAutomation]]>
            </line>
            <line>
              <![CDATA[Current Xml Suite is:---->Login Test Cases]]>
            </line>
          </reporter-output>
        </test-method> <!-- setUp -->
        <test-method status="PASS" signature="login_negative()[pri:0, instance:com.index.AddCartIndex@31a5c39e]" name="login_negative" duration-ms="5817" started-at="2021-08-25T17:22:05Z" finished-at="2021-08-25T17:22:11Z">
          <reporter-output>
            <line>
              <![CDATA[<br>Step 11 : Enter username.<br>]]>
            </line>
            <line>
              <![CDATA[<br>Step 12 : Enter password.<br>]]>
            </line>
            <line>
              <![CDATA[<br>Step 13 : Click on Log in button.<br>]]>
            </line>
            <line>
              <![CDATA[<br>Step 14 : Verify 'Login' is successful.<br>]]>
            </line>
          </reporter-output>
        </test-method> <!-- login_negative -->
        <test-method status="PASS" signature="tearDown(org.testng.ITestResult)[pri:0, instance:com.index.AddCartIndex@31a5c39e]" name="tearDown" is-config="true" duration-ms="857" started-at="2021-08-25T17:22:11Z" finished-at="2021-08-25T17:22:11Z">
          <params>
            <param index="0">
              <value>
                <![CDATA[[TestResult name=login_negative status=SUCCESS method=LoginIndex.login_negative()[pri:0, instance:com.index.AddCartIndex@31a5c39e] output=<br>Step 11 : Enter username.<br>]]]>
              </value>
            </param>
          </params>
          <reporter-output>
          </reporter-output>
        </test-method> <!-- tearDown -->
        <test-method status="PASS" signature="testResults()[pri:0, instance:com.index.AddCartIndex@31a5c39e]" name="testResults" is-config="true" duration-ms="301" started-at="2021-08-25T17:22:12Z" finished-at="2021-08-25T17:22:12Z">
          <reporter-output>
          </reporter-output>
        </test-method> <!-- testResults -->
      </class> <!-- com.index.AddCartIndex -->
    </test> <!-- SauceDemoAutomation -->
  </suite> <!-- Login Test Cases -->
</testng-results>
