<?xml version="1.0" encoding="UTF-8"?>
<testng-results skipped="0" failed="0" ignored="12" total="17" passed="5">
  <reporter-output>
    <line>
      <![CDATA[<br>current test- TC-1. Blank UserName validation.]]>
    </line>
    <line>
      <![CDATA[Current Xml Suite is:---->Login Test Cases]]>
    </line>
    <line>
      <![CDATA[<br>Step 1 : Enter username.<br>]]>
    </line>
    <line>
      <![CDATA[<br>Step 2 : Enter password.<br>]]>
    </line>
    <line>
      <![CDATA[<br>Step 3 : Click on Log in button.<br>]]>
    </line>
    <line>
      <![CDATA[<br>current test- TC-2. Blank Password validation.]]>
    </line>
    <line>
      <![CDATA[Current Xml Suite is:---->Login Test Cases]]>
    </line>
    <line>
      <![CDATA[<br>Step 1 : Enter username.<br>]]>
    </line>
    <line>
      <![CDATA[<br>Step 2 : Enter password.<br>]]>
    </line>
    <line>
      <![CDATA[<br>Step 3 : Click on Log in button.<br>]]>
    </line>
    <line>
      <![CDATA[<br>current test- TC-3. Negative Login validation.]]>
    </line>
    <line>
      <![CDATA[Current Xml Suite is:---->Login Test Cases]]>
    </line>
    <line>
      <![CDATA[<br>Step 1 : Enter username.<br>]]>
    </line>
    <line>
      <![CDATA[<br>Step 2 : Enter password.<br>]]>
    </line>
    <line>
      <![CDATA[<br>Step 3 : Click on Log in button.<br>]]>
    </line>
    <line>
      <![CDATA[<br>Step 4 : Verify 'Login' is successful.<br>]]>
    </line>
    <line>
      <![CDATA[<br>current test- TC-4. Login validation.]]>
    </line>
    <line>
      <![CDATA[Current Xml Suite is:---->Login Test Cases]]>
    </line>
    <line>
      <![CDATA[<br>Step 1 : Enter username.<br>]]>
    </line>
    <line>
      <![CDATA[<br>Step 2 : Enter password.<br>]]>
    </line>
    <line>
      <![CDATA[<br>Step 3 : Click on Signin button.<br>]]>
    </line>
    <line>
      <![CDATA[<br>Step 4 : Verify 'Login' is successful.<br>]]>
    </line>
    <line>
      <![CDATA[<br>current test- TC-5.Add to cart validation.]]>
    </line>
    <line>
      <![CDATA[Current Xml Suite is:---->Login Test Cases]]>
    </line>
    <line>
      <![CDATA[<br>Step 1 : Enter username.<br>]]>
    </line>
    <line>
      <![CDATA[<br>Step 2 : Enter password.<br>]]>
    </line>
    <line>
      <![CDATA[<br>Step 3 : Click on Signin button.<br>]]>
    </line>
    <line>
      <![CDATA[<br>Step 4 : Verify 'Login' is successful.<br>]]>
    </line>
  </reporter-output>
  <suite name="Login Test Cases" duration-ms="73967" started-at="2021-08-25T09:18:17Z" finished-at="2021-08-25T09:19:31Z">
    <groups>
    </groups>
    <test name="TC-1. Blank UserName validation." duration-ms="12671" started-at="2021-08-25T09:18:17Z" finished-at="2021-08-25T09:18:30Z">
      <class name="com.index.LoginIndex">
        <test-method status="PASS" signature="one(org.testng.ITestContext)[pri:0, instance:com.index.LoginIndex@56ac3a89]" name="one" is-config="true" duration-ms="0" started-at="2021-08-25T14:48:17Z" finished-at="2021-08-25T14:48:17Z">
          <params>
            <param index="0">
              <value>
                <![CDATA[org.testng.TestRunner@18a3962d]]>
              </value>
            </param>
          </params>
          <reporter-output>
          </reporter-output>
        </test-method> <!-- one -->
        <test-method status="PASS" signature="setUp(java.lang.reflect.Method, org.testng.ITestContext)[pri:0, instance:com.index.LoginIndex@56ac3a89]" name="setUp" is-config="true" duration-ms="6446" started-at="2021-08-25T14:48:17Z" finished-at="2021-08-25T14:48:24Z">
          <params>
            <param index="0">
              <value>
                <![CDATA[public void com.index.LoginIndex.login_blankUserName() throws java.lang.Exception]]>
              </value>
            </param>
            <param index="1">
              <value>
                <![CDATA[org.testng.TestRunner@18a3962d]]>
              </value>
            </param>
          </params>
          <reporter-output>
            <line>
              <![CDATA[<br>current test- TC-1. Blank UserName validation.]]>
            </line>
            <line>
              <![CDATA[Current Xml Suite is:---->Login Test Cases]]>
            </line>
          </reporter-output>
        </test-method> <!-- setUp -->
        <test-method status="PASS" signature="login_blankUserName()[pri:0, instance:com.index.LoginIndex@56ac3a89]" name="login_blankUserName" duration-ms="6203" started-at="2021-08-25T14:48:24Z" finished-at="2021-08-25T14:48:30Z">
          <reporter-output>
            <line>
              <![CDATA[<br>Step 1 : Enter username.<br>]]>
            </line>
            <line>
              <![CDATA[<br>Step 2 : Enter password.<br>]]>
            </line>
            <line>
              <![CDATA[<br>Step 3 : Click on Log in button.<br>]]>
            </line>
          </reporter-output>
        </test-method> <!-- login_blankUserName -->
        <test-method status="PASS" signature="tearDown(org.testng.ITestResult)[pri:0, instance:com.index.LoginIndex@56ac3a89]" name="tearDown" is-config="true" duration-ms="0" started-at="2021-08-25T14:48:30Z" finished-at="2021-08-25T14:48:30Z">
          <params>
            <param index="0">
              <value>
                <![CDATA[[TestResult name=login_blankUserName status=SUCCESS method=LoginIndex.login_blankUserName()[pri:0, instance:com.index.LoginIndex@56ac3a89] output=<br>Step 1 : Enter username.<br>]]]>
              </value>
            </param>
          </params>
          <reporter-output>
          </reporter-output>
        </test-method> <!-- tearDown -->
      </class> <!-- com.index.LoginIndex -->
    </test> <!-- TC-1. Blank UserName validation. -->
    <test name="TC-2. Blank Password validation." duration-ms="13722" started-at="2021-08-25T09:18:30Z" finished-at="2021-08-25T09:18:43Z">
      <class name="com.index.LoginIndex">
        <test-method status="PASS" signature="setUp(java.lang.reflect.Method, org.testng.ITestContext)[pri:0, instance:com.index.LoginIndex@6e1ec318]" name="setUp" is-config="true" duration-ms="7965" started-at="2021-08-25T14:48:30Z" finished-at="2021-08-25T14:48:38Z">
          <params>
            <param index="0">
              <value>
                <![CDATA[public void com.index.LoginIndex.login_blankPassword() throws java.lang.Exception]]>
              </value>
            </param>
            <param index="1">
              <value>
                <![CDATA[org.testng.TestRunner@5b6813df]]>
              </value>
            </param>
          </params>
          <reporter-output>
            <line>
              <![CDATA[<br>current test- TC-2. Blank Password validation.]]>
            </line>
            <line>
              <![CDATA[Current Xml Suite is:---->Login Test Cases]]>
            </line>
          </reporter-output>
        </test-method> <!-- setUp -->
        <test-method status="PASS" signature="one(org.testng.ITestContext)[pri:0, instance:com.index.LoginIndex@6e1ec318]" name="one" is-config="true" duration-ms="0" started-at="2021-08-25T14:48:30Z" finished-at="2021-08-25T14:48:30Z">
          <params>
            <param index="0">
              <value>
                <![CDATA[org.testng.TestRunner@5b6813df]]>
              </value>
            </param>
          </params>
          <reporter-output>
          </reporter-output>
        </test-method> <!-- one -->
        <test-method status="PASS" signature="login_blankPassword()[pri:0, instance:com.index.LoginIndex@6e1ec318]" name="login_blankPassword" duration-ms="5755" started-at="2021-08-25T14:48:38Z" finished-at="2021-08-25T14:48:43Z">
          <reporter-output>
            <line>
              <![CDATA[<br>Step 1 : Enter username.<br>]]>
            </line>
            <line>
              <![CDATA[<br>Step 2 : Enter password.<br>]]>
            </line>
            <line>
              <![CDATA[<br>Step 3 : Click on Log in button.<br>]]>
            </line>
          </reporter-output>
        </test-method> <!-- login_blankPassword -->
        <test-method status="PASS" signature="tearDown(org.testng.ITestResult)[pri:0, instance:com.index.LoginIndex@6e1ec318]" name="tearDown" is-config="true" duration-ms="0" started-at="2021-08-25T14:48:43Z" finished-at="2021-08-25T14:48:43Z">
          <params>
            <param index="0">
              <value>
                <![CDATA[[TestResult name=login_blankPassword status=SUCCESS method=LoginIndex.login_blankPassword()[pri:0, instance:com.index.LoginIndex@6e1ec318] output=<br>Step 1 : Enter username.<br>]]]>
              </value>
            </param>
          </params>
          <reporter-output>
          </reporter-output>
        </test-method> <!-- tearDown -->
      </class> <!-- com.index.LoginIndex -->
    </test> <!-- TC-2. Blank Password validation. -->
    <test name="TC-3. Negative Login validation." duration-ms="14405" started-at="2021-08-25T09:18:43Z" finished-at="2021-08-25T09:18:58Z">
      <class name="com.index.LoginIndex">
        <test-method status="PASS" signature="one(org.testng.ITestContext)[pri:0, instance:com.index.LoginIndex@31dc339b]" name="one" is-config="true" duration-ms="1" started-at="2021-08-25T14:48:43Z" finished-at="2021-08-25T14:48:43Z">
          <params>
            <param index="0">
              <value>
                <![CDATA[org.testng.TestRunner@40dd3977]]>
              </value>
            </param>
          </params>
          <reporter-output>
          </reporter-output>
        </test-method> <!-- one -->
        <test-method status="PASS" signature="setUp(java.lang.reflect.Method, org.testng.ITestContext)[pri:0, instance:com.index.LoginIndex@31dc339b]" name="setUp" is-config="true" duration-ms="8663" started-at="2021-08-25T14:48:43Z" finished-at="2021-08-25T14:48:52Z">
          <params>
            <param index="0">
              <value>
                <![CDATA[public void com.index.LoginIndex.login_negative() throws java.lang.Exception]]>
              </value>
            </param>
            <param index="1">
              <value>
                <![CDATA[org.testng.TestRunner@40dd3977]]>
              </value>
            </param>
          </params>
          <reporter-output>
            <line>
              <![CDATA[<br>current test- TC-3. Negative Login validation.]]>
            </line>
            <line>
              <![CDATA[Current Xml Suite is:---->Login Test Cases]]>
            </line>
          </reporter-output>
        </test-method> <!-- setUp -->
        <test-method status="PASS" signature="login_negative()[pri:0, instance:com.index.LoginIndex@31dc339b]" name="login_negative" duration-ms="5739" started-at="2021-08-25T14:48:52Z" finished-at="2021-08-25T14:48:58Z">
          <reporter-output>
            <line>
              <![CDATA[<br>Step 1 : Enter username.<br>]]>
            </line>
            <line>
              <![CDATA[<br>Step 2 : Enter password.<br>]]>
            </line>
            <line>
              <![CDATA[<br>Step 3 : Click on Log in button.<br>]]>
            </line>
            <line>
              <![CDATA[<br>Step 4 : Verify 'Login' is successful.<br>]]>
            </line>
          </reporter-output>
        </test-method> <!-- login_negative -->
        <test-method status="PASS" signature="tearDown(org.testng.ITestResult)[pri:0, instance:com.index.LoginIndex@31dc339b]" name="tearDown" is-config="true" duration-ms="0" started-at="2021-08-25T14:48:58Z" finished-at="2021-08-25T14:48:58Z">
          <params>
            <param index="0">
              <value>
                <![CDATA[[TestResult name=login_negative status=SUCCESS method=LoginIndex.login_negative()[pri:0, instance:com.index.LoginIndex@31dc339b] output=<br>Step 1 : Enter username.<br>]]]>
              </value>
            </param>
          </params>
          <reporter-output>
          </reporter-output>
        </test-method> <!-- tearDown -->
      </class> <!-- com.index.LoginIndex -->
    </test> <!-- TC-3. Negative Login validation. -->
    <test name="TC-4. Login validation." duration-ms="13020" started-at="2021-08-25T09:18:58Z" finished-at="2021-08-25T09:19:11Z">
      <class name="com.index.LoginIndex">
        <test-method status="PASS" signature="one(org.testng.ITestContext)[pri:0, instance:com.index.LoginIndex@4e1d422d]" name="one" is-config="true" duration-ms="0" started-at="2021-08-25T14:48:58Z" finished-at="2021-08-25T14:48:58Z">
          <params>
            <param index="0">
              <value>
                <![CDATA[org.testng.TestRunner@21c64522]]>
              </value>
            </param>
          </params>
          <reporter-output>
          </reporter-output>
        </test-method> <!-- one -->
        <test-method status="PASS" signature="setUp(java.lang.reflect.Method, org.testng.ITestContext)[pri:0, instance:com.index.LoginIndex@4e1d422d]" name="setUp" is-config="true" duration-ms="7053" started-at="2021-08-25T14:48:58Z" finished-at="2021-08-25T14:49:05Z">
          <params>
            <param index="0">
              <value>
                <![CDATA[public void com.index.LoginIndex.login() throws java.lang.Exception]]>
              </value>
            </param>
            <param index="1">
              <value>
                <![CDATA[org.testng.TestRunner@21c64522]]>
              </value>
            </param>
          </params>
          <reporter-output>
            <line>
              <![CDATA[<br>current test- TC-4. Login validation.]]>
            </line>
            <line>
              <![CDATA[Current Xml Suite is:---->Login Test Cases]]>
            </line>
          </reporter-output>
        </test-method> <!-- setUp -->
        <test-method status="PASS" signature="login()[pri:0, instance:com.index.LoginIndex@4e1d422d]" name="login" duration-ms="5966" started-at="2021-08-25T14:49:05Z" finished-at="2021-08-25T14:49:11Z">
          <reporter-output>
            <line>
              <![CDATA[<br>Step 1 : Enter username.<br>]]>
            </line>
            <line>
              <![CDATA[<br>Step 2 : Enter password.<br>]]>
            </line>
            <line>
              <![CDATA[<br>Step 3 : Click on Signin button.<br>]]>
            </line>
            <line>
              <![CDATA[<br>Step 4 : Verify 'Login' is successful.<br>]]>
            </line>
          </reporter-output>
        </test-method> <!-- login -->
        <test-method status="PASS" signature="tearDown(org.testng.ITestResult)[pri:0, instance:com.index.LoginIndex@4e1d422d]" name="tearDown" is-config="true" duration-ms="0" started-at="2021-08-25T14:49:11Z" finished-at="2021-08-25T14:49:11Z">
          <params>
            <param index="0">
              <value>
                <![CDATA[[TestResult name=login status=SUCCESS method=LoginIndex.login()[pri:0, instance:com.index.LoginIndex@4e1d422d] output=<br>Step 1 : Enter username.<br>]]]>
              </value>
            </param>
          </params>
          <reporter-output>
          </reporter-output>
        </test-method> <!-- tearDown -->
      </class> <!-- com.index.LoginIndex -->
    </test> <!-- TC-4. Login validation. -->
    <test name="TC-5.Add to cart validation." duration-ms="20104" started-at="2021-08-25T09:19:11Z" finished-at="2021-08-25T09:19:31Z">
      <class name="com.index.AddCartIndex">
        <test-method status="PASS" signature="fetchSuiteConfiguration(org.testng.ITestContext)[pri:0, instance:com.index.AddCartIndex@2ac273d3]" name="fetchSuiteConfiguration" is-config="true" duration-ms="271" started-at="2021-08-25T14:48:17Z" finished-at="2021-08-25T14:48:17Z">
          <params>
            <param index="0">
              <value>
                <![CDATA[org.testng.TestRunner@7ef2d7a6]]>
              </value>
            </param>
          </params>
          <reporter-output>
          </reporter-output>
        </test-method> <!-- fetchSuiteConfiguration -->
        <test-method status="PASS" signature="one(org.testng.ITestContext)[pri:0, instance:com.index.AddCartIndex@2ac273d3]" name="one" is-config="true" duration-ms="0" started-at="2021-08-25T14:49:11Z" finished-at="2021-08-25T14:49:11Z">
          <params>
            <param index="0">
              <value>
                <![CDATA[org.testng.TestRunner@7ef2d7a6]]>
              </value>
            </param>
          </params>
          <reporter-output>
          </reporter-output>
        </test-method> <!-- one -->
        <test-method status="PASS" signature="setUp(java.lang.reflect.Method, org.testng.ITestContext)[pri:0, instance:com.index.AddCartIndex@2ac273d3]" name="setUp" is-config="true" duration-ms="8916" started-at="2021-08-25T14:49:11Z" finished-at="2021-08-25T14:49:20Z">
          <params>
            <param index="0">
              <value>
                <![CDATA[public void com.index.AddCartIndex.addProductToCart() throws java.lang.Exception]]>
              </value>
            </param>
            <param index="1">
              <value>
                <![CDATA[org.testng.TestRunner@7ef2d7a6]]>
              </value>
            </param>
          </params>
          <reporter-output>
            <line>
              <![CDATA[<br>current test- TC-5.Add to cart validation.]]>
            </line>
            <line>
              <![CDATA[Current Xml Suite is:---->Login Test Cases]]>
            </line>
          </reporter-output>
        </test-method> <!-- setUp -->
        <test-method status="PASS" signature="addProductToCart()[pri:0, instance:com.index.AddCartIndex@2ac273d3]" name="addProductToCart" duration-ms="11173" started-at="2021-08-25T14:49:20Z" finished-at="2021-08-25T14:49:31Z">
          <reporter-output>
            <line>
              <![CDATA[<br>Step 1 : Enter username.<br>]]>
            </line>
            <line>
              <![CDATA[<br>Step 2 : Enter password.<br>]]>
            </line>
            <line>
              <![CDATA[<br>Step 3 : Click on Signin button.<br>]]>
            </line>
            <line>
              <![CDATA[<br>Step 4 : Verify 'Login' is successful.<br>]]>
            </line>
          </reporter-output>
        </test-method> <!-- addProductToCart -->
        <test-method status="PASS" signature="tearDown(org.testng.ITestResult)[pri:0, instance:com.index.AddCartIndex@2ac273d3]" name="tearDown" is-config="true" duration-ms="0" started-at="2021-08-25T14:49:31Z" finished-at="2021-08-25T14:49:31Z">
          <params>
            <param index="0">
              <value>
                <![CDATA[[TestResult name=addProductToCart status=SUCCESS method=AddCartIndex.addProductToCart()[pri:0, instance:com.index.AddCartIndex@2ac273d3] output=<br>Step 1 : Enter username.<br>]]]>
              </value>
            </param>
          </params>
          <reporter-output>
          </reporter-output>
        </test-method> <!-- tearDown -->
        <test-method status="PASS" signature="testResults()[pri:0, instance:com.index.AddCartIndex@2ac273d3]" name="testResults" is-config="true" duration-ms="965" started-at="2021-08-25T14:49:31Z" finished-at="2021-08-25T14:49:32Z">
          <reporter-output>
          </reporter-output>
        </test-method> <!-- testResults -->
      </class> <!-- com.index.AddCartIndex -->
    </test> <!-- TC-5.Add to cart validation. -->
  </suite> <!-- Login Test Cases -->
</testng-results>
