<?xml version="1.0" encoding="UTF-8"?>
<testng-results skipped="3" failed="1" total="6" passed="2">
  <reporter-output>
    <line>
      <![CDATA[<br>current test- TC-1. Login validation.]]>
    </line>
    <line>
      <![CDATA[Current Xml Suite is:---->Login Test Cases]]>
    </line>
    <line>
      <![CDATA[<br>Step 1 : Enter username.<br>]]>
    </line>
    <line>
      <![CDATA[<br>Step 2 : Enter password.<br>]]>
    </line>
    <line>
      <![CDATA[<br>Step 3 : Click on Signin button.<br>]]>
    </line>
    <line>
      <![CDATA[<br>Step 4 : Verify 'Login' is successful.<br>]]>
    </line>
    <line>
      <![CDATA[<br>current test- TC-1. Login validation.]]>
    </line>
    <line>
      <![CDATA[Current Xml Suite is:---->Login Test Cases]]>
    </line>
    <line>
      <![CDATA[<br></br><Strong><font color=#ff0000>Fail                  </font></strong><img src='C:\Users\BAPS\git\FrameworkDemo\report-imgs\fail.png' alt='fail' height='15' width='15'/>]]>
    </line>
    <line>
      <![CDATA[<br><b><i>Failure Reason:</b></i>]]>
    </line>
    <line>
      <![CDATA[<br><Strong><font color=#ff0000>java.lang.NullPointerException</font></strong>]]>
    </line>
    <line>
      <![CDATA[<br>current test- TC-1. Login validation.]]>
    </line>
    <line>
      <![CDATA[Current Xml Suite is:---->Login Test Cases]]>
    </line>
    <line>
      <![CDATA[<br></br><Strong><font color=#ff0000>Fail                  </font></strong><img src='C:\Users\BAPS\git\FrameworkDemo\report-imgs\fail.png' alt='fail' height='15' width='15'/>]]>
    </line>
    <line>
      <![CDATA[<br><b><i>Failure Reason:</b></i>]]>
    </line>
    <line>
      <![CDATA[<br><Strong><font color=#ff0000>java.lang.NullPointerException</font></strong>]]>
    </line>
    <line>
      <![CDATA[<br>current test- TC-2. Negative Login validation.]]>
    </line>
    <line>
      <![CDATA[Current Xml Suite is:---->Login Test Cases]]>
    </line>
    <line>
      <![CDATA[<br></br><Strong><font color=#ff0000>Fail                  </font></strong><img src='C:\Users\BAPS\git\FrameworkDemo\report-imgs\fail.png' alt='fail' height='15' width='15'/>]]>
    </line>
    <line>
      <![CDATA[<br>current test- TC-3. Blank UserName validation.]]>
    </line>
    <line>
      <![CDATA[Current Xml Suite is:---->Login Test Cases]]>
    </line>
    <line>
      <![CDATA[<br></br><Strong><font color=#ff0000>Fail                  </font></strong><img src='C:\Users\BAPS\git\FrameworkDemo\report-imgs\fail.png' alt='fail' height='15' width='15'/>]]>
    </line>
    <line>
      <![CDATA[<br>current test- TC-4. Blank Password validation.]]>
    </line>
    <line>
      <![CDATA[Current Xml Suite is:---->Login Test Cases]]>
    </line>
  </reporter-output>
  <suite name="Login Test Cases" duration-ms="55242" started-at="2021-08-19T13:02:44Z" finished-at="2021-08-19T13:03:40Z">
    <groups>
    </groups>
    <test name="TC-1. Login validation." duration-ms="37577" started-at="2021-08-19T13:02:44Z" finished-at="2021-08-19T13:03:22Z">
      <class name="com.index.AddCartIndex">
        <test-method status="PASS" signature="setUp(java.lang.reflect.Method, org.testng.ITestContext)[pri:0, instance:com.index.AddCartIndex@97e1986]" name="setUp" is-config="true" duration-ms="4679" started-at="2021-08-19T18:32:57Z" finished-at="2021-08-19T18:33:02Z">
          <params>
            <param index="0">
              <value>
                <![CDATA[public void com.index.AddCartIndex.addProductToCart() throws java.lang.Exception]]>
              </value>
            </param>
            <param index="1">
              <value>
                <![CDATA[org.testng.TestRunner@7c351808]]>
              </value>
            </param>
          </params>
          <reporter-output>
            <line>
              <![CDATA[<br>current test- TC-1. Login validation.]]>
            </line>
            <line>
              <![CDATA[Current Xml Suite is:---->Login Test Cases]]>
            </line>
          </reporter-output>
        </test-method> <!-- setUp -->
        <test-method status="FAIL" signature="addProductToCart()[pri:0, instance:com.index.AddCartIndex@97e1986]" name="addProductToCart" duration-ms="16816" started-at="2021-08-19T18:33:02Z" finished-at="2021-08-19T18:33:19Z">
          <exception class="java.lang.NullPointerException">
            <full-stacktrace>
              <![CDATA[java.lang.NullPointerException
	at org.openqa.selenium.remote.internal.WebElementToJsonConverter.apply(WebElementToJsonConverter.java:60)
	at java.util.stream.ReferencePipeline$3$1.accept(ReferencePipeline.java:193)
	at java.util.Spliterators$ArraySpliterator.forEachRemaining(Spliterators.java:948)
	at java.util.stream.AbstractPipeline.copyInto(AbstractPipeline.java:482)
	at java.util.stream.AbstractPipeline.wrapAndCopyInto(AbstractPipeline.java:472)
	at java.util.stream.ReduceOps$ReduceOp.evaluateSequential(ReduceOps.java:708)
	at java.util.stream.AbstractPipeline.evaluate(AbstractPipeline.java:234)
	at java.util.stream.ReferencePipeline.collect(ReferencePipeline.java:499)
	at org.openqa.selenium.remote.RemoteWebDriver.executeScript(RemoteWebDriver.java:477)
	at com.init.Common.highlightElement(Common.java:273)
	at com.init.Common.clickOn(Common.java:256)
	at com.indexPage.AddCartIndexPage.clickOnAddToCart(AddCartIndexPage.java:23)
	at com.index.AddCartIndex.addProductToCart(AddCartIndex.java:11)
	at sun.reflect.NativeMethodAccessorImpl.invoke0(Native Method)
	at sun.reflect.NativeMethodAccessorImpl.invoke(NativeMethodAccessorImpl.java:62)
	at sun.reflect.DelegatingMethodAccessorImpl.invoke(DelegatingMethodAccessorImpl.java:43)
	at java.lang.reflect.Method.invoke(Method.java:498)
	at org.testng.internal.MethodInvocationHelper.invokeMethod(MethodInvocationHelper.java:85)
	at org.testng.internal.Invoker.invokeMethod(Invoker.java:639)
	at org.testng.internal.Invoker.invokeTestMethod(Invoker.java:816)
	at org.testng.internal.Invoker.invokeTestMethods(Invoker.java:1124)
	at org.testng.internal.TestMethodWorker.invokeTestMethods(TestMethodWorker.java:125)
	at org.testng.internal.TestMethodWorker.run(TestMethodWorker.java:108)
	at org.testng.TestRunner.privateRun(TestRunner.java:774)
	at org.testng.TestRunner.run(TestRunner.java:624)
	at org.testng.SuiteRunner.runTest(SuiteRunner.java:359)
	at org.testng.SuiteRunner.runSequentially(SuiteRunner.java:354)
	at org.testng.SuiteRunner.privateRun(SuiteRunner.java:312)
	at org.testng.SuiteRunner.run(SuiteRunner.java:261)
	at org.testng.SuiteRunnerWorker.runSuite(SuiteRunnerWorker.java:52)
	at org.testng.SuiteRunnerWorker.run(SuiteRunnerWorker.java:86)
	at org.testng.TestNG.runSuitesSequentially(TestNG.java:1191)
	at org.testng.TestNG.runSuitesLocally(TestNG.java:1116)
	at org.testng.TestNG.run(TestNG.java:1024)
	at org.apache.maven.surefire.testng.TestNGExecutor.run(TestNGExecutor.java:281)
	at org.apache.maven.surefire.testng.TestNGXmlTestSuite.execute(TestNGXmlTestSuite.java:75)
	at org.apache.maven.surefire.testng.TestNGProvider.invoke(TestNGProvider.java:121)
	at org.apache.maven.surefire.booter.ForkedBooter.invokeProviderInSameClassLoader(ForkedBooter.java:290)
	at org.apache.maven.surefire.booter.ForkedBooter.runSuitesInProcess(ForkedBooter.java:242)
	at org.apache.maven.surefire.booter.ForkedBooter.main(ForkedBooter.java:121)
]]>
            </full-stacktrace>
          </exception> <!-- java.lang.NullPointerException -->
          <reporter-output>
            <line>
              <![CDATA[<br></br><Strong><font color=#ff0000>Fail                  </font></strong><img src='C:\Users\BAPS\git\FrameworkDemo\report-imgs\fail.png' alt='fail' height='15' width='15'/>]]>
            </line>
            <line>
              <![CDATA[<br><b><i>Failure Reason:</b></i>]]>
            </line>
            <line>
              <![CDATA[<br><Strong><font color=#ff0000>java.lang.NullPointerException</font></strong>]]>
            </line>
          </reporter-output>
        </test-method> <!-- addProductToCart -->
        <test-method status="PASS" signature="tearDown(org.testng.ITestResult)[pri:0, instance:com.index.AddCartIndex@97e1986]" name="tearDown" is-config="true" duration-ms="15" started-at="2021-08-19T18:33:19Z" finished-at="2021-08-19T18:33:19Z">
          <params>
            <param index="0">
              <value>
                <![CDATA[[TestResult name=addProductToCart status=FAILURE method=AddCartIndex.addProductToCart()[pri:0, instance:com.index.AddCartIndex@97e1986] output=<br></br><Strong><font color=#ff0000>Fail                  </font></strong><img src='C:\Users\BAPS\git\FrameworkDemo\report-imgs\fail.png' alt='fail' height='15' width='15'/>]]]>
              </value>
            </param>
          </params>
          <reporter-output>
          </reporter-output>
        </test-method> <!-- tearDown -->
        <test-method status="FAIL" signature="setUp(java.lang.reflect.Method, org.testng.ITestContext)[pri:0, instance:com.index.AddCartIndex@97e1986]" name="setUp" is-config="true" duration-ms="0" started-at="2021-08-19T18:33:19Z" finished-at="2021-08-19T18:33:19Z">
          <params>
            <param index="0">
              <value>
                <![CDATA[public void com.index.LoginIndex.login() throws java.lang.Exception]]>
              </value>
            </param>
            <param index="1">
              <value>
                <![CDATA[org.testng.TestRunner@7c351808]]>
              </value>
            </param>
          </params>
          <exception class="org.openqa.selenium.WebDriverException">
            <message>
              <![CDATA[unknown error: cannot determine loading status
from disconnected: received Inspector.detached event
  (Session info: chrome=92.0.4515.159)
Build info: version: '3.11.0', revision: 'e59cfb3', time: '2018-03-11T20:26:55.152Z'
System info: host: 'DESKTOP-T134AMI', ip: '192.168.1.30', os.name: 'Windows 10', os.arch: 'amd64', os.version: '10.0', java.version: '1.8.0_261'
Driver info: org.openqa.selenium.chrome.ChromeDriver
Capabilities {acceptInsecureCerts: false, browserName: chrome, browserVersion: 92.0.4515.159, chrome: {chromedriverVersion: 91.0.4472.101 (af52a90bf870..., userDataDir: C:\Users\BAPS\AppData\Local...}, goog:chromeOptions: {debuggerAddress: localhost:61683}, javascriptEnabled: true, networkConnectionEnabled: false, pageLoadStrategy: normal, platform: WINDOWS, platformName: WINDOWS, proxy: Proxy(), setWindowRect: true, strictFileInteractability: false, timeouts: {implicit: 0, pageLoad: 300000, script: 30000}, unhandledPromptBehavior: dismiss and notify, webauthn:extension:largeBlob: true, webauthn:virtualAuthenticators: true}
Session ID: f96db97d5fa6a8677563c7e5324ff4eb]]>
            </message>
            <full-stacktrace>
              <![CDATA[org.openqa.selenium.WebDriverException: unknown error: cannot determine loading status
from disconnected: received Inspector.detached event
  (Session info: chrome=92.0.4515.159)
Build info: version: '3.11.0', revision: 'e59cfb3', time: '2018-03-11T20:26:55.152Z'
System info: host: 'DESKTOP-T134AMI', ip: '192.168.1.30', os.name: 'Windows 10', os.arch: 'amd64', os.version: '10.0', java.version: '1.8.0_261'
Driver info: org.openqa.selenium.chrome.ChromeDriver
Capabilities {acceptInsecureCerts: false, browserName: chrome, browserVersion: 92.0.4515.159, chrome: {chromedriverVersion: 91.0.4472.101 (af52a90bf870..., userDataDir: C:\Users\BAPS\AppData\Local...}, goog:chromeOptions: {debuggerAddress: localhost:61683}, javascriptEnabled: true, networkConnectionEnabled: false, pageLoadStrategy: normal, platform: WINDOWS, platformName: WINDOWS, proxy: Proxy(), setWindowRect: true, strictFileInteractability: false, timeouts: {implicit: 0, pageLoad: 300000, script: 30000}, unhandledPromptBehavior: dismiss and notify, webauthn:extension:largeBlob: true, webauthn:virtualAuthenticators: true}
Session ID: f96db97d5fa6a8677563c7e5324ff4eb
	at sun.reflect.NativeConstructorAccessorImpl.newInstance0(Native Method)
	at sun.reflect.NativeConstructorAccessorImpl.newInstance(NativeConstructorAccessorImpl.java:62)
	at sun.reflect.DelegatingConstructorAccessorImpl.newInstance(DelegatingConstructorAccessorImpl.java:45)
	at java.lang.reflect.Constructor.newInstance(Constructor.java:423)
	at org.openqa.selenium.remote.http.W3CHttpResponseCodec.createException(W3CHttpResponseCodec.java:187)
	at org.openqa.selenium.remote.http.W3CHttpResponseCodec.decode(W3CHttpResponseCodec.java:122)
	at org.openqa.selenium.remote.http.W3CHttpResponseCodec.decode(W3CHttpResponseCodec.java:49)
	at org.openqa.selenium.remote.HttpCommandExecutor.execute(HttpCommandExecutor.java:158)
	at org.openqa.selenium.remote.service.DriverCommandExecutor.execute(DriverCommandExecutor.java:83)
	at org.openqa.selenium.remote.RemoteWebDriver.execute(RemoteWebDriver.java:545)
	at org.openqa.selenium.remote.RemoteWebDriver.get(RemoteWebDriver.java:273)
	at com.init.SeleniumInit.setUp(SeleniumInit.java:320)
	at sun.reflect.NativeMethodAccessorImpl.invoke0(Native Method)
	at sun.reflect.NativeMethodAccessorImpl.invoke(NativeMethodAccessorImpl.java:62)
	at sun.reflect.DelegatingMethodAccessorImpl.invoke(DelegatingMethodAccessorImpl.java:43)
	at java.lang.reflect.Method.invoke(Method.java:498)
	at org.testng.internal.MethodInvocationHelper.invokeMethod(MethodInvocationHelper.java:85)
	at org.testng.internal.Invoker.invokeConfigurationMethod(Invoker.java:510)
	at org.testng.internal.Invoker.invokeConfigurations(Invoker.java:211)
	at org.testng.internal.Invoker.invokeMethod(Invoker.java:585)
	at org.testng.internal.Invoker.invokeTestMethod(Invoker.java:816)
	at org.testng.internal.Invoker.invokeTestMethods(Invoker.java:1124)
	at org.testng.internal.TestMethodWorker.invokeTestMethods(TestMethodWorker.java:125)
	at org.testng.internal.TestMethodWorker.run(TestMethodWorker.java:108)
	at org.testng.TestRunner.privateRun(TestRunner.java:774)
	at org.testng.TestRunner.run(TestRunner.java:624)
	at org.testng.SuiteRunner.runTest(SuiteRunner.java:359)
	at org.testng.SuiteRunner.runSequentially(SuiteRunner.java:354)
	at org.testng.SuiteRunner.privateRun(SuiteRunner.java:312)
	at org.testng.SuiteRunner.run(SuiteRunner.java:261)
	at org.testng.SuiteRunnerWorker.runSuite(SuiteRunnerWorker.java:52)
	at org.testng.SuiteRunnerWorker.run(SuiteRunnerWorker.java:86)
	at org.testng.TestNG.runSuitesSequentially(TestNG.java:1191)
	at org.testng.TestNG.runSuitesLocally(TestNG.java:1116)
	at org.testng.TestNG.run(TestNG.java:1024)
	at org.apache.maven.surefire.testng.TestNGExecutor.run(TestNGExecutor.java:281)
	at org.apache.maven.surefire.testng.TestNGXmlTestSuite.execute(TestNGXmlTestSuite.java:75)
	at org.apache.maven.surefire.testng.TestNGProvider.invoke(TestNGProvider.java:121)
	at org.apache.maven.surefire.booter.ForkedBooter.invokeProviderInSameClassLoader(ForkedBooter.java:290)
	at org.apache.maven.surefire.booter.ForkedBooter.runSuitesInProcess(ForkedBooter.java:242)
	at org.apache.maven.surefire.booter.ForkedBooter.main(ForkedBooter.java:121)
]]>
            </full-stacktrace>
          </exception> <!-- org.openqa.selenium.WebDriverException -->
          <reporter-output>
            <line>
              <![CDATA[<br>current test- TC-1. Login validation.]]>
            </line>
            <line>
              <![CDATA[Current Xml Suite is:---->Login Test Cases]]>
            </line>
          </reporter-output>
        </test-method> <!-- setUp -->
        <test-method status="SKIP" signature="login()[pri:0, instance:com.index.AddCartIndex@97e1986]" name="login" duration-ms="0" started-at="2021-08-19T18:33:22Z" finished-at="2021-08-19T18:33:22Z">
          <reporter-output>
            <line>
              <![CDATA[<br></br><Strong><font color=#ff0000>Fail                  </font></strong><img src='C:\Users\BAPS\git\FrameworkDemo\report-imgs\fail.png' alt='fail' height='15' width='15'/>]]>
            </line>
            <line>
              <![CDATA[<br><b><i>Failure Reason:</b></i>]]>
            </line>
            <line>
              <![CDATA[<br><Strong><font color=#ff0000>java.lang.NullPointerException</font></strong>]]>
            </line>
          </reporter-output>
        </test-method> <!-- login -->
        <test-method status="PASS" signature="tearDown(org.testng.ITestResult)[pri:0, instance:com.index.AddCartIndex@97e1986]" name="tearDown" is-config="true" duration-ms="3" started-at="2021-08-19T18:33:22Z" finished-at="2021-08-19T18:33:22Z">
          <params>
            <param index="0">
              <value>
                <![CDATA[[TestResult name=login status=SKIP method=LoginIndex.login()[pri:0, instance:com.index.AddCartIndex@97e1986] output=<br></br><Strong><font color=#ff0000>Fail                  </font></strong><img src='C:\Users\BAPS\git\FrameworkDemo\report-imgs\fail.png' alt='fail' height='15' width='15'/>]]]>
              </value>
            </param>
          </params>
          <reporter-output>
          </reporter-output>
        </test-method> <!-- tearDown -->
      </class> <!-- com.index.AddCartIndex -->
      <class name="com.index.LoginIndex">
        <test-method status="PASS" signature="one(org.testng.ITestContext)[pri:0, instance:com.index.LoginIndex@3dd3bcd]" name="one" is-config="true" duration-ms="1" started-at="2021-08-19T18:32:44Z" finished-at="2021-08-19T18:32:44Z">
          <params>
            <param index="0">
              <value>
                <![CDATA[org.testng.TestRunner@7c351808]]>
              </value>
            </param>
          </params>
          <reporter-output>
          </reporter-output>
        </test-method> <!-- one -->
        <test-method status="PASS" signature="setUp(java.lang.reflect.Method, org.testng.ITestContext)[pri:0, instance:com.index.LoginIndex@3dd3bcd]" name="setUp" is-config="true" duration-ms="5538" started-at="2021-08-19T18:32:44Z" finished-at="2021-08-19T18:32:50Z">
          <params>
            <param index="0">
              <value>
                <![CDATA[public void com.index.LoginIndex.login() throws java.lang.Exception]]>
              </value>
            </param>
            <param index="1">
              <value>
                <![CDATA[org.testng.TestRunner@7c351808]]>
              </value>
            </param>
          </params>
          <reporter-output>
            <line>
              <![CDATA[<br>current test- TC-1. Login validation.]]>
            </line>
            <line>
              <![CDATA[Current Xml Suite is:---->Login Test Cases]]>
            </line>
          </reporter-output>
        </test-method> <!-- setUp -->
        <test-method status="PASS" signature="login()[pri:0, instance:com.index.LoginIndex@3dd3bcd]" name="login" duration-ms="6459" started-at="2021-08-19T18:32:50Z" finished-at="2021-08-19T18:32:56Z">
          <reporter-output>
            <line>
              <![CDATA[<br>Step 1 : Enter username.<br>]]>
            </line>
            <line>
              <![CDATA[<br>Step 2 : Enter password.<br>]]>
            </line>
            <line>
              <![CDATA[<br>Step 3 : Click on Signin button.<br>]]>
            </line>
            <line>
              <![CDATA[<br>Step 4 : Verify 'Login' is successful.<br>]]>
            </line>
          </reporter-output>
        </test-method> <!-- login -->
        <test-method status="PASS" signature="tearDown(org.testng.ITestResult)[pri:0, instance:com.index.LoginIndex@3dd3bcd]" name="tearDown" is-config="true" duration-ms="855" started-at="2021-08-19T18:32:56Z" finished-at="2021-08-19T18:32:57Z">
          <params>
            <param index="0">
              <value>
                <![CDATA[[TestResult name=login status=SUCCESS method=LoginIndex.login()[pri:0, instance:com.index.LoginIndex@3dd3bcd] output=<br>Step 1 : Enter username.<br>]]]>
              </value>
            </param>
          </params>
          <reporter-output>
          </reporter-output>
        </test-method> <!-- tearDown -->
      </class> <!-- com.index.LoginIndex -->
    </test> <!-- TC-1. Login validation. -->
    <test name="TC-2. Negative Login validation." duration-ms="2432" started-at="2021-08-19T13:03:22Z" finished-at="2021-08-19T13:03:24Z">
      <class name="com.index.LoginIndex">
        <test-method status="PASS" signature="one(org.testng.ITestContext)[pri:0, instance:com.index.LoginIndex@6a024a67]" name="one" is-config="true" duration-ms="1" started-at="2021-08-19T18:33:22Z" finished-at="2021-08-19T18:33:22Z">
          <params>
            <param index="0">
              <value>
                <![CDATA[org.testng.TestRunner@72bd06ca]]>
              </value>
            </param>
          </params>
          <reporter-output>
          </reporter-output>
        </test-method> <!-- one -->
        <test-method status="FAIL" signature="setUp(java.lang.reflect.Method, org.testng.ITestContext)[pri:0, instance:com.index.LoginIndex@6a024a67]" name="setUp" is-config="true" duration-ms="0" started-at="2021-08-19T18:33:22Z" finished-at="2021-08-19T18:33:22Z">
          <params>
            <param index="0">
              <value>
                <![CDATA[public void com.index.LoginIndex.login_negative() throws java.lang.Exception]]>
              </value>
            </param>
            <param index="1">
              <value>
                <![CDATA[org.testng.TestRunner@72bd06ca]]>
              </value>
            </param>
          </params>
          <exception class="org.openqa.selenium.WebDriverException">
            <message>
              <![CDATA[unknown error: cannot determine loading status
from disconnected: received Inspector.detached event
  (Session info: chrome=92.0.4515.159)
Build info: version: '3.11.0', revision: 'e59cfb3', time: '2018-03-11T20:26:55.152Z'
System info: host: 'DESKTOP-T134AMI', ip: '192.168.1.30', os.name: 'Windows 10', os.arch: 'amd64', os.version: '10.0', java.version: '1.8.0_261'
Driver info: org.openqa.selenium.chrome.ChromeDriver
Capabilities {acceptInsecureCerts: false, browserName: chrome, browserVersion: 92.0.4515.159, chrome: {chromedriverVersion: 91.0.4472.101 (af52a90bf870..., userDataDir: C:\Users\BAPS\AppData\Local...}, goog:chromeOptions: {debuggerAddress: localhost:62464}, javascriptEnabled: true, networkConnectionEnabled: false, pageLoadStrategy: normal, platform: WINDOWS, platformName: WINDOWS, proxy: Proxy(), setWindowRect: true, strictFileInteractability: false, timeouts: {implicit: 0, pageLoad: 300000, script: 30000}, unhandledPromptBehavior: dismiss and notify, webauthn:extension:largeBlob: true, webauthn:virtualAuthenticators: true}
Session ID: 125ef854c5e9198aee96c04ab52d942c]]>
            </message>
            <full-stacktrace>
              <![CDATA[org.openqa.selenium.WebDriverException: unknown error: cannot determine loading status
from disconnected: received Inspector.detached event
  (Session info: chrome=92.0.4515.159)
Build info: version: '3.11.0', revision: 'e59cfb3', time: '2018-03-11T20:26:55.152Z'
System info: host: 'DESKTOP-T134AMI', ip: '192.168.1.30', os.name: 'Windows 10', os.arch: 'amd64', os.version: '10.0', java.version: '1.8.0_261'
Driver info: org.openqa.selenium.chrome.ChromeDriver
Capabilities {acceptInsecureCerts: false, browserName: chrome, browserVersion: 92.0.4515.159, chrome: {chromedriverVersion: 91.0.4472.101 (af52a90bf870..., userDataDir: C:\Users\BAPS\AppData\Local...}, goog:chromeOptions: {debuggerAddress: localhost:62464}, javascriptEnabled: true, networkConnectionEnabled: false, pageLoadStrategy: normal, platform: WINDOWS, platformName: WINDOWS, proxy: Proxy(), setWindowRect: true, strictFileInteractability: false, timeouts: {implicit: 0, pageLoad: 300000, script: 30000}, unhandledPromptBehavior: dismiss and notify, webauthn:extension:largeBlob: true, webauthn:virtualAuthenticators: true}
Session ID: 125ef854c5e9198aee96c04ab52d942c
	at sun.reflect.NativeConstructorAccessorImpl.newInstance0(Native Method)
	at sun.reflect.NativeConstructorAccessorImpl.newInstance(NativeConstructorAccessorImpl.java:62)
	at sun.reflect.DelegatingConstructorAccessorImpl.newInstance(DelegatingConstructorAccessorImpl.java:45)
	at java.lang.reflect.Constructor.newInstance(Constructor.java:423)
	at org.openqa.selenium.remote.http.W3CHttpResponseCodec.createException(W3CHttpResponseCodec.java:187)
	at org.openqa.selenium.remote.http.W3CHttpResponseCodec.decode(W3CHttpResponseCodec.java:122)
	at org.openqa.selenium.remote.http.W3CHttpResponseCodec.decode(W3CHttpResponseCodec.java:49)
	at org.openqa.selenium.remote.HttpCommandExecutor.execute(HttpCommandExecutor.java:158)
	at org.openqa.selenium.remote.service.DriverCommandExecutor.execute(DriverCommandExecutor.java:83)
	at org.openqa.selenium.remote.RemoteWebDriver.execute(RemoteWebDriver.java:545)
	at org.openqa.selenium.remote.RemoteWebDriver.get(RemoteWebDriver.java:273)
	at com.init.SeleniumInit.setUp(SeleniumInit.java:320)
	at sun.reflect.NativeMethodAccessorImpl.invoke0(Native Method)
	at sun.reflect.NativeMethodAccessorImpl.invoke(NativeMethodAccessorImpl.java:62)
	at sun.reflect.DelegatingMethodAccessorImpl.invoke(DelegatingMethodAccessorImpl.java:43)
	at java.lang.reflect.Method.invoke(Method.java:498)
	at org.testng.internal.MethodInvocationHelper.invokeMethod(MethodInvocationHelper.java:85)
	at org.testng.internal.Invoker.invokeConfigurationMethod(Invoker.java:510)
	at org.testng.internal.Invoker.invokeConfigurations(Invoker.java:211)
	at org.testng.internal.Invoker.invokeMethod(Invoker.java:585)
	at org.testng.internal.Invoker.invokeTestMethod(Invoker.java:816)
	at org.testng.internal.Invoker.invokeTestMethods(Invoker.java:1124)
	at org.testng.internal.TestMethodWorker.invokeTestMethods(TestMethodWorker.java:125)
	at org.testng.internal.TestMethodWorker.run(TestMethodWorker.java:108)
	at org.testng.TestRunner.privateRun(TestRunner.java:774)
	at org.testng.TestRunner.run(TestRunner.java:624)
	at org.testng.SuiteRunner.runTest(SuiteRunner.java:359)
	at org.testng.SuiteRunner.runSequentially(SuiteRunner.java:354)
	at org.testng.SuiteRunner.privateRun(SuiteRunner.java:312)
	at org.testng.SuiteRunner.run(SuiteRunner.java:261)
	at org.testng.SuiteRunnerWorker.runSuite(SuiteRunnerWorker.java:52)
	at org.testng.SuiteRunnerWorker.run(SuiteRunnerWorker.java:86)
	at org.testng.TestNG.runSuitesSequentially(TestNG.java:1191)
	at org.testng.TestNG.runSuitesLocally(TestNG.java:1116)
	at org.testng.TestNG.run(TestNG.java:1024)
	at org.apache.maven.surefire.testng.TestNGExecutor.run(TestNGExecutor.java:281)
	at org.apache.maven.surefire.testng.TestNGXmlTestSuite.execute(TestNGXmlTestSuite.java:75)
	at org.apache.maven.surefire.testng.TestNGProvider.invoke(TestNGProvider.java:121)
	at org.apache.maven.surefire.booter.ForkedBooter.invokeProviderInSameClassLoader(ForkedBooter.java:290)
	at org.apache.maven.surefire.booter.ForkedBooter.runSuitesInProcess(ForkedBooter.java:242)
	at org.apache.maven.surefire.booter.ForkedBooter.main(ForkedBooter.java:121)
]]>
            </full-stacktrace>
          </exception> <!-- org.openqa.selenium.WebDriverException -->
          <reporter-output>
            <line>
              <![CDATA[<br>current test- TC-2. Negative Login validation.]]>
            </line>
            <line>
              <![CDATA[Current Xml Suite is:---->Login Test Cases]]>
            </line>
          </reporter-output>
        </test-method> <!-- setUp -->
        <test-method status="SKIP" signature="login_negative()[pri:0, instance:com.index.LoginIndex@6a024a67]" name="login_negative" duration-ms="2" started-at="2021-08-19T18:33:24Z" finished-at="2021-08-19T18:33:24Z">
          <reporter-output>
            <line>
              <![CDATA[<br></br><Strong><font color=#ff0000>Fail                  </font></strong><img src='C:\Users\BAPS\git\FrameworkDemo\report-imgs\fail.png' alt='fail' height='15' width='15'/>]]>
            </line>
          </reporter-output>
        </test-method> <!-- login_negative -->
        <test-method status="PASS" signature="tearDown(org.testng.ITestResult)[pri:0, instance:com.index.LoginIndex@6a024a67]" name="tearDown" is-config="true" duration-ms="1" started-at="2021-08-19T18:33:24Z" finished-at="2021-08-19T18:33:24Z">
          <params>
            <param index="0">
              <value>
                <![CDATA[[TestResult name=login_negative status=SKIP method=LoginIndex.login_negative()[pri:0, instance:com.index.LoginIndex@6a024a67] output=<br></br><Strong><font color=#ff0000>Fail                  </font></strong><img src='C:\Users\BAPS\git\FrameworkDemo\report-imgs\fail.png' alt='fail' height='15' width='15'/>]]]>
              </value>
            </param>
          </params>
          <reporter-output>
          </reporter-output>
        </test-method> <!-- tearDown -->
      </class> <!-- com.index.LoginIndex -->
    </test> <!-- TC-2. Negative Login validation. -->
    <test name="TC-3. Blank UserName validation." duration-ms="2899" started-at="2021-08-19T13:03:24Z" finished-at="2021-08-19T13:03:27Z">
      <class name="com.index.LoginIndex">
        <test-method status="PASS" signature="one(org.testng.ITestContext)[pri:0, instance:com.index.LoginIndex@4de8b406]" name="one" is-config="true" duration-ms="0" started-at="2021-08-19T18:33:24Z" finished-at="2021-08-19T18:33:24Z">
          <params>
            <param index="0">
              <value>
                <![CDATA[org.testng.TestRunner@52500920]]>
              </value>
            </param>
          </params>
          <reporter-output>
          </reporter-output>
        </test-method> <!-- one -->
        <test-method status="FAIL" signature="setUp(java.lang.reflect.Method, org.testng.ITestContext)[pri:0, instance:com.index.LoginIndex@4de8b406]" name="setUp" is-config="true" duration-ms="0" started-at="2021-08-19T18:33:24Z" finished-at="2021-08-19T18:33:24Z">
          <params>
            <param index="0">
              <value>
                <![CDATA[public void com.index.LoginIndex.login_blankUserName() throws java.lang.Exception]]>
              </value>
            </param>
            <param index="1">
              <value>
                <![CDATA[org.testng.TestRunner@52500920]]>
              </value>
            </param>
          </params>
          <exception class="org.openqa.selenium.WebDriverException">
            <message>
              <![CDATA[unknown error: cannot determine loading status
from disconnected: received Inspector.detached event
  (Session info: chrome=92.0.4515.159)
Build info: version: '3.11.0', revision: 'e59cfb3', time: '2018-03-11T20:26:55.152Z'
System info: host: 'DESKTOP-T134AMI', ip: '192.168.1.30', os.name: 'Windows 10', os.arch: 'amd64', os.version: '10.0', java.version: '1.8.0_261'
Driver info: org.openqa.selenium.chrome.ChromeDriver
Capabilities {acceptInsecureCerts: false, browserName: chrome, browserVersion: 92.0.4515.159, chrome: {chromedriverVersion: 91.0.4472.101 (af52a90bf870..., userDataDir: C:\Users\BAPS\AppData\Local...}, goog:chromeOptions: {debuggerAddress: localhost:64201}, javascriptEnabled: true, networkConnectionEnabled: false, pageLoadStrategy: normal, platform: WINDOWS, platformName: WINDOWS, proxy: Proxy(), setWindowRect: true, strictFileInteractability: false, timeouts: {implicit: 0, pageLoad: 300000, script: 30000}, unhandledPromptBehavior: dismiss and notify, webauthn:extension:largeBlob: true, webauthn:virtualAuthenticators: true}
Session ID: 4d45d3d46b61a7c039bcbfe433b44d04]]>
            </message>
            <full-stacktrace>
              <![CDATA[org.openqa.selenium.WebDriverException: unknown error: cannot determine loading status
from disconnected: received Inspector.detached event
  (Session info: chrome=92.0.4515.159)
Build info: version: '3.11.0', revision: 'e59cfb3', time: '2018-03-11T20:26:55.152Z'
System info: host: 'DESKTOP-T134AMI', ip: '192.168.1.30', os.name: 'Windows 10', os.arch: 'amd64', os.version: '10.0', java.version: '1.8.0_261'
Driver info: org.openqa.selenium.chrome.ChromeDriver
Capabilities {acceptInsecureCerts: false, browserName: chrome, browserVersion: 92.0.4515.159, chrome: {chromedriverVersion: 91.0.4472.101 (af52a90bf870..., userDataDir: C:\Users\BAPS\AppData\Local...}, goog:chromeOptions: {debuggerAddress: localhost:64201}, javascriptEnabled: true, networkConnectionEnabled: false, pageLoadStrategy: normal, platform: WINDOWS, platformName: WINDOWS, proxy: Proxy(), setWindowRect: true, strictFileInteractability: false, timeouts: {implicit: 0, pageLoad: 300000, script: 30000}, unhandledPromptBehavior: dismiss and notify, webauthn:extension:largeBlob: true, webauthn:virtualAuthenticators: true}
Session ID: 4d45d3d46b61a7c039bcbfe433b44d04
	at sun.reflect.NativeConstructorAccessorImpl.newInstance0(Native Method)
	at sun.reflect.NativeConstructorAccessorImpl.newInstance(NativeConstructorAccessorImpl.java:62)
	at sun.reflect.DelegatingConstructorAccessorImpl.newInstance(DelegatingConstructorAccessorImpl.java:45)
	at java.lang.reflect.Constructor.newInstance(Constructor.java:423)
	at org.openqa.selenium.remote.http.W3CHttpResponseCodec.createException(W3CHttpResponseCodec.java:187)
	at org.openqa.selenium.remote.http.W3CHttpResponseCodec.decode(W3CHttpResponseCodec.java:122)
	at org.openqa.selenium.remote.http.W3CHttpResponseCodec.decode(W3CHttpResponseCodec.java:49)
	at org.openqa.selenium.remote.HttpCommandExecutor.execute(HttpCommandExecutor.java:158)
	at org.openqa.selenium.remote.service.DriverCommandExecutor.execute(DriverCommandExecutor.java:83)
	at org.openqa.selenium.remote.RemoteWebDriver.execute(RemoteWebDriver.java:545)
	at org.openqa.selenium.remote.RemoteWebDriver.get(RemoteWebDriver.java:273)
	at com.init.SeleniumInit.setUp(SeleniumInit.java:320)
	at sun.reflect.NativeMethodAccessorImpl.invoke0(Native Method)
	at sun.reflect.NativeMethodAccessorImpl.invoke(NativeMethodAccessorImpl.java:62)
	at sun.reflect.DelegatingMethodAccessorImpl.invoke(DelegatingMethodAccessorImpl.java:43)
	at java.lang.reflect.Method.invoke(Method.java:498)
	at org.testng.internal.MethodInvocationHelper.invokeMethod(MethodInvocationHelper.java:85)
	at org.testng.internal.Invoker.invokeConfigurationMethod(Invoker.java:510)
	at org.testng.internal.Invoker.invokeConfigurations(Invoker.java:211)
	at org.testng.internal.Invoker.invokeMethod(Invoker.java:585)
	at org.testng.internal.Invoker.invokeTestMethod(Invoker.java:816)
	at org.testng.internal.Invoker.invokeTestMethods(Invoker.java:1124)
	at org.testng.internal.TestMethodWorker.invokeTestMethods(TestMethodWorker.java:125)
	at org.testng.internal.TestMethodWorker.run(TestMethodWorker.java:108)
	at org.testng.TestRunner.privateRun(TestRunner.java:774)
	at org.testng.TestRunner.run(TestRunner.java:624)
	at org.testng.SuiteRunner.runTest(SuiteRunner.java:359)
	at org.testng.SuiteRunner.runSequentially(SuiteRunner.java:354)
	at org.testng.SuiteRunner.privateRun(SuiteRunner.java:312)
	at org.testng.SuiteRunner.run(SuiteRunner.java:261)
	at org.testng.SuiteRunnerWorker.runSuite(SuiteRunnerWorker.java:52)
	at org.testng.SuiteRunnerWorker.run(SuiteRunnerWorker.java:86)
	at org.testng.TestNG.runSuitesSequentially(TestNG.java:1191)
	at org.testng.TestNG.runSuitesLocally(TestNG.java:1116)
	at org.testng.TestNG.run(TestNG.java:1024)
	at org.apache.maven.surefire.testng.TestNGExecutor.run(TestNGExecutor.java:281)
	at org.apache.maven.surefire.testng.TestNGXmlTestSuite.execute(TestNGXmlTestSuite.java:75)
	at org.apache.maven.surefire.testng.TestNGProvider.invoke(TestNGProvider.java:121)
	at org.apache.maven.surefire.booter.ForkedBooter.invokeProviderInSameClassLoader(ForkedBooter.java:290)
	at org.apache.maven.surefire.booter.ForkedBooter.runSuitesInProcess(ForkedBooter.java:242)
	at org.apache.maven.surefire.booter.ForkedBooter.main(ForkedBooter.java:121)
]]>
            </full-stacktrace>
          </exception> <!-- org.openqa.selenium.WebDriverException -->
          <reporter-output>
            <line>
              <![CDATA[<br>current test- TC-3. Blank UserName validation.]]>
            </line>
            <line>
              <![CDATA[Current Xml Suite is:---->Login Test Cases]]>
            </line>
          </reporter-output>
        </test-method> <!-- setUp -->
        <test-method status="SKIP" signature="login_blankUserName()[pri:0, instance:com.index.LoginIndex@4de8b406]" name="login_blankUserName" duration-ms="1" started-at="2021-08-19T18:33:27Z" finished-at="2021-08-19T18:33:27Z">
          <reporter-output>
            <line>
              <![CDATA[<br></br><Strong><font color=#ff0000>Fail                  </font></strong><img src='C:\Users\BAPS\git\FrameworkDemo\report-imgs\fail.png' alt='fail' height='15' width='15'/>]]>
            </line>
          </reporter-output>
        </test-method> <!-- login_blankUserName -->
        <test-method status="PASS" signature="tearDown(org.testng.ITestResult)[pri:0, instance:com.index.LoginIndex@4de8b406]" name="tearDown" is-config="true" duration-ms="4" started-at="2021-08-19T18:33:27Z" finished-at="2021-08-19T18:33:27Z">
          <params>
            <param index="0">
              <value>
                <![CDATA[[TestResult name=login_blankUserName status=SKIP method=LoginIndex.login_blankUserName()[pri:0, instance:com.index.LoginIndex@4de8b406] output=<br></br><Strong><font color=#ff0000>Fail                  </font></strong><img src='C:\Users\BAPS\git\FrameworkDemo\report-imgs\fail.png' alt='fail' height='15' width='15'/>]]]>
              </value>
            </param>
          </params>
          <reporter-output>
          </reporter-output>
        </test-method> <!-- tearDown -->
      </class> <!-- com.index.LoginIndex -->
    </test> <!-- TC-3. Blank UserName validation. -->
    <test name="TC-4. Blank Password validation." duration-ms="12247" started-at="2021-08-19T13:03:27Z" finished-at="2021-08-19T13:03:40Z">
      <class name="com.index.LoginIndex">
        <test-method status="PASS" signature="fetchSuiteConfiguration(org.testng.ITestContext)[pri:0, instance:com.index.LoginIndex@5ae9a829]" name="fetchSuiteConfiguration" is-config="true" duration-ms="273" started-at="2021-08-19T18:32:44Z" finished-at="2021-08-19T18:32:44Z">
          <params>
            <param index="0">
              <value>
                <![CDATA[org.testng.TestRunner@3c291aad]]>
              </value>
            </param>
          </params>
          <reporter-output>
          </reporter-output>
        </test-method> <!-- fetchSuiteConfiguration -->
        <test-method status="PASS" signature="one(org.testng.ITestContext)[pri:0, instance:com.index.LoginIndex@5ae9a829]" name="one" is-config="true" duration-ms="1" started-at="2021-08-19T18:33:27Z" finished-at="2021-08-19T18:33:27Z">
          <params>
            <param index="0">
              <value>
                <![CDATA[org.testng.TestRunner@3c291aad]]>
              </value>
            </param>
          </params>
          <reporter-output>
          </reporter-output>
        </test-method> <!-- one -->
        <test-method status="PASS" signature="setUp(java.lang.reflect.Method, org.testng.ITestContext)[pri:0, instance:com.index.LoginIndex@5ae9a829]" name="setUp" is-config="true" duration-ms="4968" started-at="2021-08-19T18:33:27Z" finished-at="2021-08-19T18:33:32Z">
          <params>
            <param index="0">
              <value>
                <![CDATA[public void com.index.LoginIndex.login_blankPassword() throws java.lang.Exception]]>
              </value>
            </param>
            <param index="1">
              <value>
                <![CDATA[org.testng.TestRunner@3c291aad]]>
              </value>
            </param>
          </params>
          <reporter-output>
            <line>
              <![CDATA[<br>current test- TC-4. Blank Password validation.]]>
            </line>
            <line>
              <![CDATA[Current Xml Suite is:---->Login Test Cases]]>
            </line>
          </reporter-output>
        </test-method> <!-- setUp -->
        <test-method status="PASS" signature="login_blankPassword()[pri:0, instance:com.index.LoginIndex@5ae9a829]" name="login_blankPassword" duration-ms="5617" started-at="2021-08-19T18:33:32Z" finished-at="2021-08-19T18:33:38Z">
          <reporter-output>
          </reporter-output>
        </test-method> <!-- login_blankPassword -->
        <test-method status="PASS" signature="tearDown(org.testng.ITestResult)[pri:0, instance:com.index.LoginIndex@5ae9a829]" name="tearDown" is-config="true" duration-ms="1661" started-at="2021-08-19T18:33:38Z" finished-at="2021-08-19T18:33:40Z">
          <params>
            <param index="0">
              <value>
                <![CDATA[[TestResult name=login_blankPassword status=SUCCESS method=LoginIndex.login_blankPassword()[pri:0, instance:com.index.LoginIndex@5ae9a829] output={null}]]]>
              </value>
            </param>
          </params>
          <reporter-output>
          </reporter-output>
        </test-method> <!-- tearDown -->
        <test-method status="PASS" signature="testResults()[pri:0, instance:com.index.LoginIndex@5ae9a829]" name="testResults" is-config="true" duration-ms="300" started-at="2021-08-19T18:33:40Z" finished-at="2021-08-19T18:33:40Z">
          <reporter-output>
          </reporter-output>
        </test-method> <!-- testResults -->
      </class> <!-- com.index.LoginIndex -->
    </test> <!-- TC-4. Blank Password validation. -->
  </suite> <!-- Login Test Cases -->
</testng-results>
