<?xml version="1.0" encoding="UTF-8"?>
<testsuite xmlns:xsi="http://www.w3.org/2001/XMLSchema-instance" xsi:schemaLocation="https://maven.apache.org/surefire/maven-surefire-plugin/xsd/surefire-test-report.xsd" name="TestSuite" time="34.134" tests="12" errors="0" skipped="6" failures="6">
  <properties>
[...]
</properties>
  <testcase name="init" classname="com.index.LoginIndex" time="1.074">
    <failure type="java.lang.NullPointerException">java.lang.NullPointerException
</failure>
    <system-out><![CDATA[[TestNG] [WARN] Could not find reporte class : listenReport.Reporter
...
... TestNG 6.9.8 by Cédric Beust (cedric@beust.com)
...

Before suite
======null=========
]]></system-out>
  </testcase>
  <testcase name="init" classname="com.index.LoginIndex" time="0.049">
    <failure type="java.lang.NullPointerException">java.lang.NullPointerException
</failure>
    <system-out><![CDATA[
TEST FAILED - login

ERROR MESSAGE: null


message from tear downjava.lang.NullPointerException
]]></system-out>
  </testcase>
  <testcase name="init" classname="com.index.LoginIndex" time="0.011">
    <failure type="java.lang.NullPointerException">java.lang.NullPointerException
</failure>
    <system-out><![CDATA[
TEST FAILED - login_negative

ERROR MESSAGE: null


message from tear downjava.lang.NullPointerException
]]></system-out>
  </testcase>
  <testcase name="init" classname="com.index.LoginIndex" time="0.019">
    <failure type="java.lang.NullPointerException">java.lang.NullPointerException
</failure>
    <system-out><![CDATA[
TEST FAILED - login_blankUserName

ERROR MESSAGE: null


message from tear downjava.lang.NullPointerException
]]></system-out>
  </testcase>
  <testcase name="login" classname="com.index.LoginIndex" time="0">
    <skipped/>
    <system-out><![CDATA[======current test- TC-1. Login validation.======
Current Xml Suite is:---->Login Test Cases
chrome
========= Google Chrome Browser ==========
Current Window Handle ID:--->CDwindow-B1FD27FAE2A25885CB582E1AD468C206
]]></system-out>
    <system-err><![CDATA[Aug 24, 2021 11:54:46 AM org.openqa.selenium.remote.DesiredCapabilities chrome
INFO: Using `new ChromeOptions()` is preferred to `DesiredCapabilities.chrome()`
Starting ChromeDriver 91.0.4472.101 (af52a90bf87030dd1523486a1cd3ae25c5d76c9b-refs/branch-heads/4472@{#1462}) on port 23588
Only local connections are allowed.
Please see https://chromedriver.chromium.org/security-considerations for suggestions on keeping ChromeDriver safe.
ChromeDriver was started successfully.
[1629786289.126][WARNING]: This version of ChromeDriver has not been tested with Chrome version 92.
Aug 24, 2021 11:54:49 AM org.openqa.selenium.remote.ProtocolHandshake createSession
INFO: Detected dialect: W3C
]]></system-err>
  </testcase>
  <testcase name="login_negative" classname="com.index.LoginIndex" time="0">
    <skipped/>
    <system-out><![CDATA[======current test- TC-2. Negative Login validation.======
Current Xml Suite is:---->Login Test Cases
chrome
========= Google Chrome Browser ==========
Current Window Handle ID:--->CDwindow-825A1819720A65C354A65E34D0D58875
]]></system-out>
    <system-err><![CDATA[Aug 24, 2021 11:54:52 AM org.openqa.selenium.remote.DesiredCapabilities chrome
INFO: Using `new ChromeOptions()` is preferred to `DesiredCapabilities.chrome()`
Starting ChromeDriver 91.0.4472.101 (af52a90bf87030dd1523486a1cd3ae25c5d76c9b-refs/branch-heads/4472@{#1462}) on port 14887
Only local connections are allowed.
Please see https://chromedriver.chromium.org/security-considerations for suggestions on keeping ChromeDriver safe.
ChromeDriver was started successfully.
[1629786294.520][WARNING]: This version of ChromeDriver has not been tested with Chrome version 92.
Aug 24, 2021 11:54:54 AM org.openqa.selenium.remote.ProtocolHandshake createSession
INFO: Detected dialect: W3C
]]></system-err>
  </testcase>
  <testcase name="login_blankUserName" classname="com.index.LoginIndex" time="0">
    <skipped/>
    <system-out><![CDATA[======current test- TC-3. Blank UserName validation.======
Current Xml Suite is:---->Login Test Cases
chrome
========= Google Chrome Browser ==========
Current Window Handle ID:--->CDwindow-3CBCA8A694DFBAAA6E099DE71135A733
]]></system-out>
    <system-err><![CDATA[Aug 24, 2021 11:54:58 AM org.openqa.selenium.remote.DesiredCapabilities chrome
INFO: Using `new ChromeOptions()` is preferred to `DesiredCapabilities.chrome()`
Starting ChromeDriver 91.0.4472.101 (af52a90bf87030dd1523486a1cd3ae25c5d76c9b-refs/branch-heads/4472@{#1462}) on port 39761
Only local connections are allowed.
Please see https://chromedriver.chromium.org/security-considerations for suggestions on keeping ChromeDriver safe.
ChromeDriver was started successfully.
[1629786300.057][WARNING]: This version of ChromeDriver has not been tested with Chrome version 92.
Aug 24, 2021 11:55:00 AM org.openqa.selenium.remote.ProtocolHandshake createSession
INFO: Detected dialect: W3C
]]></system-err>
  </testcase>
  <testcase name="login_blankPassword" classname="com.index.LoginIndex" time="0">
    <skipped/>
    <system-out><![CDATA[======current test- TC-4. Blank Password validation.======
Current Xml Suite is:---->Login Test Cases
chrome
========= Google Chrome Browser ==========
Current Window Handle ID:--->CDwindow-A513A8A402A91FA842D5CBBBF58FE8E3
]]></system-out>
    <system-err><![CDATA[Aug 24, 2021 11:55:03 AM org.openqa.selenium.remote.DesiredCapabilities chrome
INFO: Using `new ChromeOptions()` is preferred to `DesiredCapabilities.chrome()`
Starting ChromeDriver 91.0.4472.101 (af52a90bf87030dd1523486a1cd3ae25c5d76c9b-refs/branch-heads/4472@{#1462}) on port 12773
Only local connections are allowed.
Please see https://chromedriver.chromium.org/security-considerations for suggestions on keeping ChromeDriver safe.
ChromeDriver was started successfully.
[1629786305.427][WARNING]: This version of ChromeDriver has not been tested with Chrome version 92.
Aug 24, 2021 11:55:05 AM org.openqa.selenium.remote.ProtocolHandshake createSession
INFO: Detected dialect: W3C
]]></system-err>
  </testcase>
  <testcase name="init" classname="com.index.AddCartIndex" time="0.009">
    <failure type="java.lang.NullPointerException">java.lang.NullPointerException
</failure>
    <system-out><![CDATA[
TEST FAILED - login_blankPassword

ERROR MESSAGE: null


message from tear downjava.lang.NullPointerException
]]></system-out>
  </testcase>
  <testcase name="setUp" classname="com.index.AddCartIndex" time="9.207">
    <failure message="unknown error: cannot determine loading status&#10;from disconnected: unable to send message to renderer&#10;  (Session info: chrome=92.0.4515.159)&#10;Build info: version: &apos;3.11.0&apos;, revision: &apos;e59cfb3&apos;, time: &apos;2018-03-11T20:26:55.152Z&apos;&#10;System info: host: &apos;DESKTOP-T134AMI&apos;, ip: &apos;192.168.1.8&apos;, os.name: &apos;Windows 10&apos;, os.arch: &apos;amd64&apos;, os.version: &apos;10.0&apos;, java.version: &apos;1.8.0_261&apos;&#10;Driver info: org.openqa.selenium.chrome.ChromeDriver&#10;Capabilities {acceptInsecureCerts: false, browserName: chrome, browserVersion: 92.0.4515.159, chrome: {chromedriverVersion: 91.0.4472.101 (af52a90bf870..., userDataDir: C:\Users\BAPS\AppData\Local...}, goog:chromeOptions: {debuggerAddress: localhost:63813}, javascriptEnabled: true, networkConnectionEnabled: false, pageLoadStrategy: normal, platform: WINDOWS, platformName: WINDOWS, proxy: Proxy(), setWindowRect: true, strictFileInteractability: false, timeouts: {implicit: 0, pageLoad: 300000, script: 30000}, unhandledPromptBehavior: dismiss and notify, webauthn:extension:largeBlob: true, webauthn:virtualAuthenticators: true}&#10;Session ID: e7f9cfbe47180f90ca740f5238dfe5ec" type="org.openqa.selenium.WebDriverException">org.openqa.selenium.WebDriverException: 
unknown error: cannot determine loading status
from disconnected: unable to send message to renderer
  (Session info: chrome=92.0.4515.159)
Build info: version: '3.11.0', revision: 'e59cfb3', time: '2018-03-11T20:26:55.152Z'
System info: host: 'DESKTOP-T134AMI', ip: '192.168.1.8', os.name: 'Windows 10', os.arch: 'amd64', os.version: '10.0', java.version: '1.8.0_261'
Driver info: org.openqa.selenium.chrome.ChromeDriver
Capabilities {acceptInsecureCerts: false, browserName: chrome, browserVersion: 92.0.4515.159, chrome: {chromedriverVersion: 91.0.4472.101 (af52a90bf870..., userDataDir: C:\Users\BAPS\AppData\Local...}, goog:chromeOptions: {debuggerAddress: localhost:63813}, javascriptEnabled: true, networkConnectionEnabled: false, pageLoadStrategy: normal, platform: WINDOWS, platformName: WINDOWS, proxy: Proxy(), setWindowRect: true, strictFileInteractability: false, timeouts: {implicit: 0, pageLoad: 300000, script: 30000}, unhandledPromptBehavior: dismiss and notify, webauthn:extension:largeBlob: true, webauthn:virtualAuthenticators: true}
Session ID: e7f9cfbe47180f90ca740f5238dfe5ec
</failure>
    <system-out><![CDATA[======current test- TC-5.Add to cart validation.======
Current Xml Suite is:---->Login Test Cases
chrome
========= Google Chrome Browser ==========
]]></system-out>
    <system-err><![CDATA[Aug 24, 2021 11:55:09 AM org.openqa.selenium.remote.DesiredCapabilities chrome
INFO: Using `new ChromeOptions()` is preferred to `DesiredCapabilities.chrome()`
Starting ChromeDriver 91.0.4472.101 (af52a90bf87030dd1523486a1cd3ae25c5d76c9b-refs/branch-heads/4472@{#1462}) on port 14850
Only local connections are allowed.
Please see https://chromedriver.chromium.org/security-considerations for suggestions on keeping ChromeDriver safe.
ChromeDriver was started successfully.
[1629786316.986][WARNING]: This version of ChromeDriver has not been tested with Chrome version 92.
Aug 24, 2021 11:55:17 AM org.openqa.selenium.remote.ProtocolHandshake createSession
INFO: Detected dialect: W3C
]]></system-err>
  </testcase>
  <testcase name="addProductToCart" classname="com.index.AddCartIndex" time="0">
    <skipped/>
  </testcase>
  <testcase name="testResults" classname="com.index.AddCartIndex" time="0">
    <skipped/>
    <system-out><![CDATA[
TEST FAILED - addProductToCart

ERROR MESSAGE: null


message from tear downjava.lang.NullPointerException
]]></system-out>
  </testcase>
</testsuite>