<?xml version="1.0" encoding="UTF-8"?>
<testng-results skipped="0" failed="1" ignored="0" total="1" passed="0">
  <reporter-output>
    <line>
      <![CDATA[<br>current test- TC-1. Searchtabfunctionality.]]>
    </line>
    <line>
      <![CDATA[Current Xml Suite is:---->Login Test Cases]]>
    </line>
    <line>
      <![CDATA[<br>Step 1 : Click on Hello sign in.<br>]]>
    </line>
    <line>
      <![CDATA[<br></br><Strong><font color=#ff0000>Fail                  </font></strong><img src='C:\Users\User\eclipse-workspace\Demo\report-imgs\fail.png' alt='fail' height='15' width='15'/>]]>
    </line>
    <line>
      <![CDATA[<br><b><i>Failure Reason:</b></i>]]>
    </line>
    <line>
      <![CDATA[<br><Strong><font color=#ff0000>java.lang.NullPointerException</font></strong>]]>
    </line>
    <line>
      <![CDATA[<br><b>Screenshot- </b><a href='../test-output/screenshots/TC1_05012022_12-45-10.png' target='_new'>TC1_05012022_12-45-10.png</a>]]>
    </line>
  </reporter-output>
  <suite name="Login Test Cases" duration-ms="15280" started-at="2022-01-05T07:14:58Z" finished-at="2022-01-05T07:15:13Z">
    <groups>
    </groups>
    <test name="TC-1. Searchtabfunctionality." duration-ms="15280" started-at="2022-01-05T07:14:58Z" finished-at="2022-01-05T07:15:13Z">
      <class name="com.index.AnSearchtabIndex">
        <test-method status="PASS" signature="fetchSuiteConfiguration(org.testng.ITestContext)[pri:0, instance:com.index.AnSearchtabIndex@6e1567f1]" name="fetchSuiteConfiguration" is-config="true" duration-ms="325" started-at="2022-01-05T12:44:58Z" finished-at="2022-01-05T12:44:58Z">
          <params>
            <param index="0">
              <value>
                <![CDATA[org.testng.TestRunner@26ceffa8]]>
              </value>
            </param>
          </params>
          <reporter-output>
          </reporter-output>
        </test-method> <!-- fetchSuiteConfiguration -->
        <test-method status="PASS" signature="one(org.testng.ITestContext)[pri:0, instance:com.index.AnSearchtabIndex@6e1567f1]" name="one" is-config="true" duration-ms="1" started-at="2022-01-05T12:44:58Z" finished-at="2022-01-05T12:44:58Z">
          <params>
            <param index="0">
              <value>
                <![CDATA[org.testng.TestRunner@26ceffa8]]>
              </value>
            </param>
          </params>
          <reporter-output>
          </reporter-output>
        </test-method> <!-- one -->
        <test-method status="PASS" signature="setUp(java.lang.reflect.Method, org.testng.ITestContext)[pri:0, instance:com.index.AnSearchtabIndex@6e1567f1]" name="setUp" is-config="true" duration-ms="11794" started-at="2022-01-05T12:44:58Z" finished-at="2022-01-05T12:45:10Z">
          <params>
            <param index="0">
              <value>
                <![CDATA[public void com.index.AnSearchtabIndex.Searchtab() throws java.lang.Exception]]>
              </value>
            </param>
            <param index="1">
              <value>
                <![CDATA[org.testng.TestRunner@26ceffa8]]>
              </value>
            </param>
          </params>
          <reporter-output>
            <line>
              <![CDATA[<br>current test- TC-1. Searchtabfunctionality.]]>
            </line>
            <line>
              <![CDATA[Current Xml Suite is:---->Login Test Cases]]>
            </line>
          </reporter-output>
        </test-method> <!-- setUp -->
        <test-method status="FAIL" signature="Searchtab()[pri:0, instance:com.index.AnSearchtabIndex@6e1567f1]" name="Searchtab" duration-ms="9" started-at="2022-01-05T12:45:10Z" finished-at="2022-01-05T12:45:10Z">
          <exception class="java.lang.NullPointerException">
            <full-stacktrace>
              <![CDATA[java.lang.NullPointerException
	at com.index.AnSearchtabIndex.Searchtab(AnSearchtabIndex.java:21)
	at sun.reflect.NativeMethodAccessorImpl.invoke0(Native Method)
	at sun.reflect.NativeMethodAccessorImpl.invoke(Unknown Source)
	at sun.reflect.DelegatingMethodAccessorImpl.invoke(Unknown Source)
	at java.lang.reflect.Method.invoke(Unknown Source)
	at org.testng.internal.MethodInvocationHelper.invokeMethod(MethodInvocationHelper.java:108)
	at org.testng.internal.Invoker.invokeMethod(Invoker.java:661)
	at org.testng.internal.Invoker.invokeTestMethod(Invoker.java:869)
	at org.testng.internal.Invoker.invokeTestMethods(Invoker.java:1193)
	at org.testng.internal.TestMethodWorker.invokeTestMethods(TestMethodWorker.java:126)
	at org.testng.internal.TestMethodWorker.run(TestMethodWorker.java:109)
	at org.testng.TestRunner.privateRun(TestRunner.java:744)
	at org.testng.TestRunner.run(TestRunner.java:602)
	at org.testng.SuiteRunner.runTest(SuiteRunner.java:380)
	at org.testng.SuiteRunner.runSequentially(SuiteRunner.java:375)
	at org.testng.SuiteRunner.privateRun(SuiteRunner.java:340)
	at org.testng.SuiteRunner.run(SuiteRunner.java:289)
	at org.testng.SuiteRunnerWorker.runSuite(SuiteRunnerWorker.java:52)
	at org.testng.SuiteRunnerWorker.run(SuiteRunnerWorker.java:86)
	at org.testng.TestNG.runSuitesSequentially(TestNG.java:1301)
	at org.testng.TestNG.runSuitesLocally(TestNG.java:1226)
	at org.testng.TestNG.runSuites(TestNG.java:1144)
	at org.testng.TestNG.run(TestNG.java:1115)
	at org.testng.remote.AbstractRemoteTestNG.run(AbstractRemoteTestNG.java:132)
	at org.testng.remote.RemoteTestNG.initAndRun(RemoteTestNG.java:230)
	at org.testng.remote.RemoteTestNG.main(RemoteTestNG.java:76)
]]>
            </full-stacktrace>
          </exception> <!-- java.lang.NullPointerException -->
          <reporter-output>
            <line>
              <![CDATA[<br>Step 1 : Click on Hello sign in.<br>]]>
            </line>
            <line>
              <![CDATA[<br></br><Strong><font color=#ff0000>Fail                  </font></strong><img src='C:\Users\User\eclipse-workspace\Demo\report-imgs\fail.png' alt='fail' height='15' width='15'/>]]>
            </line>
            <line>
              <![CDATA[<br><b><i>Failure Reason:</b></i>]]>
            </line>
            <line>
              <![CDATA[<br><Strong><font color=#ff0000>java.lang.NullPointerException</font></strong>]]>
            </line>
            <line>
              <![CDATA[<br><b>Screenshot- </b><a href='../test-output/screenshots/TC1_05012022_12-45-10.png' target='_new'>TC1_05012022_12-45-10.png</a>]]>
            </line>
          </reporter-output>
        </test-method> <!-- Searchtab -->
        <test-method status="PASS" signature="tearDown(org.testng.ITestResult)[pri:0, instance:com.index.AnSearchtabIndex@6e1567f1]" name="tearDown" is-config="true" duration-ms="3456" started-at="2022-01-05T12:45:10Z" finished-at="2022-01-05T12:45:13Z">
          <params>
            <param index="0">
              <value>
                <![CDATA[[TestResult name=Searchtab status=FAILURE method=AnSearchtabIndex.Searchtab()[pri:0, instance:com.index.AnSearchtabIndex@6e1567f1] output=<br>Step 1 : Click on Hello sign in.<br>]]]>
              </value>
            </param>
          </params>
          <reporter-output>
          </reporter-output>
        </test-method> <!-- tearDown -->
        <test-method status="PASS" signature="testResults()[pri:0, instance:com.index.AnSearchtabIndex@6e1567f1]" name="testResults" is-config="true" duration-ms="384" started-at="2022-01-05T12:45:13Z" finished-at="2022-01-05T12:45:14Z">
          <reporter-output>
          </reporter-output>
        </test-method> <!-- testResults -->
      </class> <!-- com.index.AnSearchtabIndex -->
    </test> <!-- TC-1. Searchtabfunctionality. -->
  </suite> <!-- Login Test Cases -->
</testng-results>
