<?xml version="1.0" encoding="UTF-8"?>
<testng-results skipped="0" failed="0" total="5" passed="5">
  <reporter-output>
    <line>
      <![CDATA[<br>current test- TC-1. Login validation.]]>
    </line>
    <line>
      <![CDATA[Current Xml Suite is:---->Login Test Cases]]>
    </line>
    <line>
      <![CDATA[<br>Step 1 : Enter username.<br>]]>
    </line>
    <line>
      <![CDATA[<br>Step 2 : Enter password.<br>]]>
    </line>
    <line>
      <![CDATA[<br>Step 3 : Click on Signin button.<br>]]>
    </line>
    <line>
      <![CDATA[<br>Step 4 : Verify 'Login' is successful.<br>]]>
    </line>
    <line>
      <![CDATA[<br>current test- TC-2. Negative Login validation.]]>
    </line>
    <line>
      <![CDATA[Current Xml Suite is:---->Login Test Cases]]>
    </line>
    <line>
      <![CDATA[<br>Step 1 : Enter username.<br>]]>
    </line>
    <line>
      <![CDATA[<br>Step 2 : Enter password.<br>]]>
    </line>
    <line>
      <![CDATA[<br>Step 3 : Click on Signin button.<br>]]>
    </line>
    <line>
      <![CDATA[<br>Step 4 : Verify 'Login' is successful.<br>]]>
    </line>
    <line>
      <![CDATA[<br>current test- TC-3. Blank UserName validation.]]>
    </line>
    <line>
      <![CDATA[Current Xml Suite is:---->Login Test Cases]]>
    </line>
    <line>
      <![CDATA[<br>current test- TC-4. Blank Password validation.]]>
    </line>
    <line>
      <![CDATA[Current Xml Suite is:---->Login Test Cases]]>
    </line>
    <line>
      <![CDATA[<br>current test- TC-5.Add to cart validation.]]>
    </line>
    <line>
      <![CDATA[Current Xml Suite is:---->Login Test Cases]]>
    </line>
    <line>
      <![CDATA[<br>Step 1 : Enter username.<br>]]>
    </line>
    <line>
      <![CDATA[<br>Step 2 : Enter password.<br>]]>
    </line>
    <line>
      <![CDATA[<br>Step 3 : Click on Signin button.<br>]]>
    </line>
    <line>
      <![CDATA[<br>Step 4 : Verify 'Login' is successful.<br>]]>
    </line>
  </reporter-output>
  <suite name="Login Test Cases" duration-ms="90203" started-at="2021-08-20T11:51:22Z" finished-at="2021-08-20T11:52:52Z">
    <groups>
    </groups>
    <test name="TC-1. Login validation." duration-ms="35319" started-at="2021-08-20T11:51:22Z" finished-at="2021-08-20T11:51:57Z">
      <class name="com.index.LoginIndex">
        <test-method status="PASS" signature="one(org.testng.ITestContext)[pri:0, instance:com.index.LoginIndex@12843fce]" name="one" is-config="true" duration-ms="0" started-at="2021-08-20T17:21:22Z" finished-at="2021-08-20T17:21:22Z">
          <params>
            <param index="0">
              <value>
                <![CDATA[org.testng.TestRunner@c074c0c]]>
              </value>
            </param>
          </params>
          <reporter-output>
          </reporter-output>
        </test-method> <!-- one -->
        <test-method status="PASS" signature="setUp(java.lang.reflect.Method, org.testng.ITestContext)[pri:0, instance:com.index.LoginIndex@12843fce]" name="setUp" is-config="true" duration-ms="21685" started-at="2021-08-20T17:21:22Z" finished-at="2021-08-20T17:21:44Z">
          <params>
            <param index="0">
              <value>
                <![CDATA[public void com.index.LoginIndex.login() throws java.lang.Exception]]>
              </value>
            </param>
            <param index="1">
              <value>
                <![CDATA[org.testng.TestRunner@c074c0c]]>
              </value>
            </param>
          </params>
          <reporter-output>
            <line>
              <![CDATA[<br>current test- TC-1. Login validation.]]>
            </line>
            <line>
              <![CDATA[Current Xml Suite is:---->Login Test Cases]]>
            </line>
          </reporter-output>
        </test-method> <!-- setUp -->
        <test-method status="PASS" signature="login()[pri:0, instance:com.index.LoginIndex@12843fce]" name="login" duration-ms="12691" started-at="2021-08-20T17:21:44Z" finished-at="2021-08-20T17:21:56Z">
          <reporter-output>
            <line>
              <![CDATA[<br>Step 1 : Enter username.<br>]]>
            </line>
            <line>
              <![CDATA[<br>Step 2 : Enter password.<br>]]>
            </line>
            <line>
              <![CDATA[<br>Step 3 : Click on Signin button.<br>]]>
            </line>
            <line>
              <![CDATA[<br>Step 4 : Verify 'Login' is successful.<br>]]>
            </line>
          </reporter-output>
        </test-method> <!-- login -->
        <test-method status="PASS" signature="tearDown(org.testng.ITestResult)[pri:0, instance:com.index.LoginIndex@12843fce]" name="tearDown" is-config="true" duration-ms="921" started-at="2021-08-20T17:21:56Z" finished-at="2021-08-20T17:21:57Z">
          <params>
            <param index="0">
              <value>
                <![CDATA[[TestResult name=login status=SUCCESS method=LoginIndex.login()[pri:0, instance:com.index.LoginIndex@12843fce] output=<br>Step 1 : Enter username.<br>]]]>
              </value>
            </param>
          </params>
          <reporter-output>
          </reporter-output>
        </test-method> <!-- tearDown -->
      </class> <!-- com.index.LoginIndex -->
    </test> <!-- TC-1. Login validation. -->
    <test name="TC-2. Negative Login validation." duration-ms="12730" started-at="2021-08-20T11:51:57Z" finished-at="2021-08-20T11:52:10Z">
      <class name="com.index.LoginIndex">
        <test-method status="PASS" signature="setUp(java.lang.reflect.Method, org.testng.ITestContext)[pri:0, instance:com.index.LoginIndex@5afa04c]" name="setUp" is-config="true" duration-ms="4567" started-at="2021-08-20T17:21:57Z" finished-at="2021-08-20T17:22:02Z">
          <params>
            <param index="0">
              <value>
                <![CDATA[public void com.index.LoginIndex.login_negative() throws java.lang.Exception]]>
              </value>
            </param>
            <param index="1">
              <value>
                <![CDATA[org.testng.TestRunner@58a55449]]>
              </value>
            </param>
          </params>
          <reporter-output>
            <line>
              <![CDATA[<br>current test- TC-2. Negative Login validation.]]>
            </line>
            <line>
              <![CDATA[Current Xml Suite is:---->Login Test Cases]]>
            </line>
          </reporter-output>
        </test-method> <!-- setUp -->
        <test-method status="PASS" signature="one(org.testng.ITestContext)[pri:0, instance:com.index.LoginIndex@5afa04c]" name="one" is-config="true" duration-ms="0" started-at="2021-08-20T17:21:57Z" finished-at="2021-08-20T17:21:57Z">
          <params>
            <param index="0">
              <value>
                <![CDATA[org.testng.TestRunner@58a55449]]>
              </value>
            </param>
          </params>
          <reporter-output>
          </reporter-output>
        </test-method> <!-- one -->
        <test-method status="PASS" signature="login_negative()[pri:0, instance:com.index.LoginIndex@5afa04c]" name="login_negative" duration-ms="5788" started-at="2021-08-20T17:22:02Z" finished-at="2021-08-20T17:22:08Z">
          <reporter-output>
            <line>
              <![CDATA[<br>Step 1 : Enter username.<br>]]>
            </line>
            <line>
              <![CDATA[<br>Step 2 : Enter password.<br>]]>
            </line>
            <line>
              <![CDATA[<br>Step 3 : Click on Signin button.<br>]]>
            </line>
            <line>
              <![CDATA[<br>Step 4 : Verify 'Login' is successful.<br>]]>
            </line>
          </reporter-output>
        </test-method> <!-- login_negative -->
        <test-method status="PASS" signature="tearDown(org.testng.ITestResult)[pri:0, instance:com.index.LoginIndex@5afa04c]" name="tearDown" is-config="true" duration-ms="2374" started-at="2021-08-20T17:22:08Z" finished-at="2021-08-20T17:22:10Z">
          <params>
            <param index="0">
              <value>
                <![CDATA[[TestResult name=login_negative status=SUCCESS method=LoginIndex.login_negative()[pri:0, instance:com.index.LoginIndex@5afa04c] output=<br>Step 1 : Enter username.<br>]]]>
              </value>
            </param>
          </params>
          <reporter-output>
          </reporter-output>
        </test-method> <!-- tearDown -->
      </class> <!-- com.index.LoginIndex -->
    </test> <!-- TC-2. Negative Login validation. -->
    <test name="TC-3. Blank UserName validation." duration-ms="13616" started-at="2021-08-20T11:52:10Z" finished-at="2021-08-20T11:52:24Z">
      <class name="com.index.LoginIndex">
        <test-method status="PASS" signature="one(org.testng.ITestContext)[pri:0, instance:com.index.LoginIndex@1efbd816]" name="one" is-config="true" duration-ms="0" started-at="2021-08-20T17:22:10Z" finished-at="2021-08-20T17:22:10Z">
          <params>
            <param index="0">
              <value>
                <![CDATA[org.testng.TestRunner@5949eba8]]>
              </value>
            </param>
          </params>
          <reporter-output>
          </reporter-output>
        </test-method> <!-- one -->
        <test-method status="PASS" signature="setUp(java.lang.reflect.Method, org.testng.ITestContext)[pri:0, instance:com.index.LoginIndex@1efbd816]" name="setUp" is-config="true" duration-ms="6160" started-at="2021-08-20T17:22:10Z" finished-at="2021-08-20T17:22:16Z">
          <params>
            <param index="0">
              <value>
                <![CDATA[public void com.index.LoginIndex.login_blankUserName() throws java.lang.Exception]]>
              </value>
            </param>
            <param index="1">
              <value>
                <![CDATA[org.testng.TestRunner@5949eba8]]>
              </value>
            </param>
          </params>
          <reporter-output>
            <line>
              <![CDATA[<br>current test- TC-3. Blank UserName validation.]]>
            </line>
            <line>
              <![CDATA[Current Xml Suite is:---->Login Test Cases]]>
            </line>
          </reporter-output>
        </test-method> <!-- setUp -->
        <test-method status="PASS" signature="login_blankUserName()[pri:0, instance:com.index.LoginIndex@1efbd816]" name="login_blankUserName" duration-ms="5569" started-at="2021-08-20T17:22:16Z" finished-at="2021-08-20T17:22:22Z">
          <reporter-output>
          </reporter-output>
        </test-method> <!-- login_blankUserName -->
        <test-method status="PASS" signature="tearDown(org.testng.ITestResult)[pri:0, instance:com.index.LoginIndex@1efbd816]" name="tearDown" is-config="true" duration-ms="1884" started-at="2021-08-20T17:22:22Z" finished-at="2021-08-20T17:22:24Z">
          <params>
            <param index="0">
              <value>
                <![CDATA[[TestResult name=login_blankUserName status=SUCCESS method=LoginIndex.login_blankUserName()[pri:0, instance:com.index.LoginIndex@1efbd816] output={null}]]]>
              </value>
            </param>
          </params>
          <reporter-output>
          </reporter-output>
        </test-method> <!-- tearDown -->
      </class> <!-- com.index.LoginIndex -->
    </test> <!-- TC-3. Blank UserName validation. -->
    <test name="TC-4. Blank Password validation." duration-ms="11907" started-at="2021-08-20T11:52:24Z" finished-at="2021-08-20T11:52:36Z">
      <class name="com.index.LoginIndex">
        <test-method status="PASS" signature="one(org.testng.ITestContext)[pri:0, instance:com.index.LoginIndex@402f32ff]" name="one" is-config="true" duration-ms="1" started-at="2021-08-20T17:22:24Z" finished-at="2021-08-20T17:22:24Z">
          <params>
            <param index="0">
              <value>
                <![CDATA[org.testng.TestRunner@6e0ff644]]>
              </value>
            </param>
          </params>
          <reporter-output>
          </reporter-output>
        </test-method> <!-- one -->
        <test-method status="PASS" signature="setUp(java.lang.reflect.Method, org.testng.ITestContext)[pri:0, instance:com.index.LoginIndex@402f32ff]" name="setUp" is-config="true" duration-ms="4994" started-at="2021-08-20T17:22:24Z" finished-at="2021-08-20T17:22:29Z">
          <params>
            <param index="0">
              <value>
                <![CDATA[public void com.index.LoginIndex.login_blankPassword() throws java.lang.Exception]]>
              </value>
            </param>
            <param index="1">
              <value>
                <![CDATA[org.testng.TestRunner@6e0ff644]]>
              </value>
            </param>
          </params>
          <reporter-output>
            <line>
              <![CDATA[<br>current test- TC-4. Blank Password validation.]]>
            </line>
            <line>
              <![CDATA[Current Xml Suite is:---->Login Test Cases]]>
            </line>
          </reporter-output>
        </test-method> <!-- setUp -->
        <test-method status="PASS" signature="login_blankPassword()[pri:0, instance:com.index.LoginIndex@402f32ff]" name="login_blankPassword" duration-ms="5644" started-at="2021-08-20T17:22:29Z" finished-at="2021-08-20T17:22:34Z">
          <reporter-output>
          </reporter-output>
        </test-method> <!-- login_blankPassword -->
        <test-method status="PASS" signature="tearDown(org.testng.ITestResult)[pri:0, instance:com.index.LoginIndex@402f32ff]" name="tearDown" is-config="true" duration-ms="1266" started-at="2021-08-20T17:22:34Z" finished-at="2021-08-20T17:22:36Z">
          <params>
            <param index="0">
              <value>
                <![CDATA[[TestResult name=login_blankPassword status=SUCCESS method=LoginIndex.login_blankPassword()[pri:0, instance:com.index.LoginIndex@402f32ff] output={null}]]]>
              </value>
            </param>
          </params>
          <reporter-output>
          </reporter-output>
        </test-method> <!-- tearDown -->
      </class> <!-- com.index.LoginIndex -->
    </test> <!-- TC-4. Blank Password validation. -->
    <test name="TC-5.Add to cart validation." duration-ms="16526" started-at="2021-08-20T11:52:36Z" finished-at="2021-08-20T11:52:52Z">
      <class name="com.index.AddCartIndex">
        <test-method status="PASS" signature="fetchSuiteConfiguration(org.testng.ITestContext)[pri:0, instance:com.index.AddCartIndex@50c87b21]" name="fetchSuiteConfiguration" is-config="true" duration-ms="659" started-at="2021-08-20T17:21:21Z" finished-at="2021-08-20T17:21:22Z">
          <params>
            <param index="0">
              <value>
                <![CDATA[org.testng.TestRunner@7048f722]]>
              </value>
            </param>
          </params>
          <reporter-output>
          </reporter-output>
        </test-method> <!-- fetchSuiteConfiguration -->
        <test-method status="PASS" signature="one(org.testng.ITestContext)[pri:0, instance:com.index.AddCartIndex@50c87b21]" name="one" is-config="true" duration-ms="0" started-at="2021-08-20T17:22:36Z" finished-at="2021-08-20T17:22:36Z">
          <params>
            <param index="0">
              <value>
                <![CDATA[org.testng.TestRunner@7048f722]]>
              </value>
            </param>
          </params>
          <reporter-output>
          </reporter-output>
        </test-method> <!-- one -->
        <test-method status="PASS" signature="setUp(java.lang.reflect.Method, org.testng.ITestContext)[pri:0, instance:com.index.AddCartIndex@50c87b21]" name="setUp" is-config="true" duration-ms="4527" started-at="2021-08-20T17:22:36Z" finished-at="2021-08-20T17:22:40Z">
          <params>
            <param index="0">
              <value>
                <![CDATA[public void com.index.AddCartIndex.addProductToCart() throws java.lang.Exception]]>
              </value>
            </param>
            <param index="1">
              <value>
                <![CDATA[org.testng.TestRunner@7048f722]]>
              </value>
            </param>
          </params>
          <reporter-output>
            <line>
              <![CDATA[<br>current test- TC-5.Add to cart validation.]]>
            </line>
            <line>
              <![CDATA[Current Xml Suite is:---->Login Test Cases]]>
            </line>
          </reporter-output>
        </test-method> <!-- setUp -->
        <test-method status="PASS" signature="addProductToCart()[pri:0, instance:com.index.AddCartIndex@50c87b21]" name="addProductToCart" duration-ms="11201" started-at="2021-08-20T17:22:40Z" finished-at="2021-08-20T17:22:51Z">
          <reporter-output>
            <line>
              <![CDATA[<br>Step 1 : Enter username.<br>]]>
            </line>
            <line>
              <![CDATA[<br>Step 2 : Enter password.<br>]]>
            </line>
            <line>
              <![CDATA[<br>Step 3 : Click on Signin button.<br>]]>
            </line>
            <line>
              <![CDATA[<br>Step 4 : Verify 'Login' is successful.<br>]]>
            </line>
          </reporter-output>
        </test-method> <!-- addProductToCart -->
        <test-method status="PASS" signature="tearDown(org.testng.ITestResult)[pri:0, instance:com.index.AddCartIndex@50c87b21]" name="tearDown" is-config="true" duration-ms="797" started-at="2021-08-20T17:22:51Z" finished-at="2021-08-20T17:22:52Z">
          <params>
            <param index="0">
              <value>
                <![CDATA[[TestResult name=addProductToCart status=SUCCESS method=AddCartIndex.addProductToCart()[pri:0, instance:com.index.AddCartIndex@50c87b21] output=<br>Step 1 : Enter username.<br>]]]>
              </value>
            </param>
          </params>
          <reporter-output>
          </reporter-output>
        </test-method> <!-- tearDown -->
        <test-method status="PASS" signature="testResults()[pri:0, instance:com.index.AddCartIndex@50c87b21]" name="testResults" is-config="true" duration-ms="712" started-at="2021-08-20T17:22:52Z" finished-at="2021-08-20T17:22:53Z">
          <reporter-output>
          </reporter-output>
        </test-method> <!-- testResults -->
      </class> <!-- com.index.AddCartIndex -->
    </test> <!-- TC-5.Add to cart validation. -->
  </suite> <!-- Login Test Cases -->
</testng-results>
