<?xml version="1.0" encoding="UTF-8"?>
<testng-results skipped="0" failed="0" ignored="16" total="21" passed="5">
  <reporter-output>
    <line>
      <![CDATA[<br>current test- TC-1. Login validation.]]>
    </line>
    <line>
      <![CDATA[Current Xml Suite is:---->Login Test Cases]]>
    </line>
    <line>
      <![CDATA[<br>Step 1 : Enter username.<br>]]>
    </line>
    <line>
      <![CDATA[<br>Step 2 : Enter password.<br>]]>
    </line>
    <line>
      <![CDATA[<br>Step 3 : Click on Signin button.<br>]]>
    </line>
    <line>
      <![CDATA[<br>Step 4 : Verify 'Login' is successful.<br>]]>
    </line>
    <line>
      <![CDATA[<br>current test- TC-2. Negative Login validation.]]>
    </line>
    <line>
      <![CDATA[Current Xml Suite is:---->Login Test Cases]]>
    </line>
    <line>
      <![CDATA[<br>Step 1 : Enter username.<br>]]>
    </line>
    <line>
      <![CDATA[<br>Step 2 : Enter password.<br>]]>
    </line>
    <line>
      <![CDATA[<br>Step 3 : Click on Log in button.<br>]]>
    </line>
    <line>
      <![CDATA[<br>Step 4 : Verify 'Login' is successful.<br>]]>
    </line>
    <line>
      <![CDATA[<br>current test- TC-3. Blank UserName validation.]]>
    </line>
    <line>
      <![CDATA[Current Xml Suite is:---->Login Test Cases]]>
    </line>
    <line>
      <![CDATA[<br>Step 1 : Enter username.<br>]]>
    </line>
    <line>
      <![CDATA[<br>Step 2 : Enter password.<br>]]>
    </line>
    <line>
      <![CDATA[<br>Step 3 : Click on Log in button.<br>]]>
    </line>
    <line>
      <![CDATA[<br>current test- TC-4. Blank Password validation.]]>
    </line>
    <line>
      <![CDATA[Current Xml Suite is:---->Login Test Cases]]>
    </line>
    <line>
      <![CDATA[<br>current test- TC-5.Add to cart validation.]]>
    </line>
    <line>
      <![CDATA[Current Xml Suite is:---->Login Test Cases]]>
    </line>
    <line>
      <![CDATA[<br>Step 1 : Enter username.<br>]]>
    </line>
    <line>
      <![CDATA[<br>Step 2 : Enter password.<br>]]>
    </line>
    <line>
      <![CDATA[<br>Step 3 : Click on Signin button.<br>]]>
    </line>
    <line>
      <![CDATA[<br>Step 4 : Verify 'Login' is successful.<br>]]>
    </line>
  </reporter-output>
  <suite name="Login Test Cases" duration-ms="73266" started-at="2021-08-24T11:56:53Z" finished-at="2021-08-24T11:58:06Z">
    <groups>
    </groups>
    <test name="TC-1. Login validation." duration-ms="18126" started-at="2021-08-24T11:56:53Z" finished-at="2021-08-24T11:57:11Z">
      <class name="com.index.LoginIndex">
        <test-method status="PASS" signature="one(org.testng.ITestContext)[pri:0, instance:com.index.LoginIndex@56ac3a89]" name="one" is-config="true" duration-ms="1" started-at="2021-08-24T17:26:53Z" finished-at="2021-08-24T17:26:53Z">
          <params>
            <param index="0">
              <value>
                <![CDATA[org.testng.TestRunner@3624da92]]>
              </value>
            </param>
          </params>
          <reporter-output>
          </reporter-output>
        </test-method> <!-- one -->
        <test-method status="PASS" signature="setUp(java.lang.reflect.Method, org.testng.ITestContext)[pri:0, instance:com.index.LoginIndex@56ac3a89]" name="setUp" is-config="true" duration-ms="9546" started-at="2021-08-24T17:26:53Z" finished-at="2021-08-24T17:27:02Z">
          <params>
            <param index="0">
              <value>
                <![CDATA[public void com.index.LoginIndex.login() throws java.lang.Exception]]>
              </value>
            </param>
            <param index="1">
              <value>
                <![CDATA[org.testng.TestRunner@3624da92]]>
              </value>
            </param>
          </params>
          <reporter-output>
            <line>
              <![CDATA[<br>current test- TC-1. Login validation.]]>
            </line>
            <line>
              <![CDATA[Current Xml Suite is:---->Login Test Cases]]>
            </line>
          </reporter-output>
        </test-method> <!-- setUp -->
        <test-method status="PASS" signature="login()[pri:0, instance:com.index.LoginIndex@56ac3a89]" name="login" duration-ms="7419" started-at="2021-08-24T17:27:02Z" finished-at="2021-08-24T17:27:10Z">
          <reporter-output>
            <line>
              <![CDATA[<br>Step 1 : Enter username.<br>]]>
            </line>
            <line>
              <![CDATA[<br>Step 2 : Enter password.<br>]]>
            </line>
            <line>
              <![CDATA[<br>Step 3 : Click on Signin button.<br>]]>
            </line>
            <line>
              <![CDATA[<br>Step 4 : Verify 'Login' is successful.<br>]]>
            </line>
          </reporter-output>
        </test-method> <!-- login -->
        <test-method status="PASS" signature="tearDown(org.testng.ITestResult)[pri:0, instance:com.index.LoginIndex@56ac3a89]" name="tearDown" is-config="true" duration-ms="1136" started-at="2021-08-24T17:27:10Z" finished-at="2021-08-24T17:27:11Z">
          <params>
            <param index="0">
              <value>
                <![CDATA[[TestResult name=login status=SUCCESS method=LoginIndex.login()[pri:0, instance:com.index.LoginIndex@56ac3a89] output=<br>Step 1 : Enter username.<br>]]]>
              </value>
            </param>
          </params>
          <reporter-output>
          </reporter-output>
        </test-method> <!-- tearDown -->
      </class> <!-- com.index.LoginIndex -->
    </test> <!-- TC-1. Login validation. -->
    <test name="TC-2. Negative Login validation." duration-ms="11730" started-at="2021-08-24T11:57:11Z" finished-at="2021-08-24T11:57:22Z">
      <class name="com.index.LoginIndex">
        <test-method status="PASS" signature="one(org.testng.ITestContext)[pri:0, instance:com.index.LoginIndex@6e1ec318]" name="one" is-config="true" duration-ms="0" started-at="2021-08-24T17:27:11Z" finished-at="2021-08-24T17:27:11Z">
          <params>
            <param index="0">
              <value>
                <![CDATA[org.testng.TestRunner@2cab9998]]>
              </value>
            </param>
          </params>
          <reporter-output>
          </reporter-output>
        </test-method> <!-- one -->
        <test-method status="PASS" signature="setUp(java.lang.reflect.Method, org.testng.ITestContext)[pri:0, instance:com.index.LoginIndex@6e1ec318]" name="setUp" is-config="true" duration-ms="5032" started-at="2021-08-24T17:27:11Z" finished-at="2021-08-24T17:27:16Z">
          <params>
            <param index="0">
              <value>
                <![CDATA[public void com.index.LoginIndex.login_negative() throws java.lang.Exception]]>
              </value>
            </param>
            <param index="1">
              <value>
                <![CDATA[org.testng.TestRunner@2cab9998]]>
              </value>
            </param>
          </params>
          <reporter-output>
            <line>
              <![CDATA[<br>current test- TC-2. Negative Login validation.]]>
            </line>
            <line>
              <![CDATA[Current Xml Suite is:---->Login Test Cases]]>
            </line>
          </reporter-output>
        </test-method> <!-- setUp -->
        <test-method status="PASS" signature="login_negative()[pri:0, instance:com.index.LoginIndex@6e1ec318]" name="login_negative" duration-ms="5792" started-at="2021-08-24T17:27:16Z" finished-at="2021-08-24T17:27:22Z">
          <reporter-output>
            <line>
              <![CDATA[<br>Step 1 : Enter username.<br>]]>
            </line>
            <line>
              <![CDATA[<br>Step 2 : Enter password.<br>]]>
            </line>
            <line>
              <![CDATA[<br>Step 3 : Click on Log in button.<br>]]>
            </line>
            <line>
              <![CDATA[<br>Step 4 : Verify 'Login' is successful.<br>]]>
            </line>
          </reporter-output>
        </test-method> <!-- login_negative -->
        <test-method status="PASS" signature="tearDown(org.testng.ITestResult)[pri:0, instance:com.index.LoginIndex@6e1ec318]" name="tearDown" is-config="true" duration-ms="902" started-at="2021-08-24T17:27:22Z" finished-at="2021-08-24T17:27:22Z">
          <params>
            <param index="0">
              <value>
                <![CDATA[[TestResult name=login_negative status=SUCCESS method=LoginIndex.login_negative()[pri:0, instance:com.index.LoginIndex@6e1ec318] output=<br>Step 1 : Enter username.<br>]]]>
              </value>
            </param>
          </params>
          <reporter-output>
          </reporter-output>
        </test-method> <!-- tearDown -->
      </class> <!-- com.index.LoginIndex -->
    </test> <!-- TC-2. Negative Login validation. -->
    <test name="TC-3. Blank UserName validation." duration-ms="11462" started-at="2021-08-24T11:57:22Z" finished-at="2021-08-24T11:57:34Z">
      <class name="com.index.LoginIndex">
        <test-method status="PASS" signature="one(org.testng.ITestContext)[pri:0, instance:com.index.LoginIndex@31dc339b]" name="one" is-config="true" duration-ms="0" started-at="2021-08-24T17:27:22Z" finished-at="2021-08-24T17:27:22Z">
          <params>
            <param index="0">
              <value>
                <![CDATA[org.testng.TestRunner@21c64522]]>
              </value>
            </param>
          </params>
          <reporter-output>
          </reporter-output>
        </test-method> <!-- one -->
        <test-method status="PASS" signature="setUp(java.lang.reflect.Method, org.testng.ITestContext)[pri:0, instance:com.index.LoginIndex@31dc339b]" name="setUp" is-config="true" duration-ms="4825" started-at="2021-08-24T17:27:22Z" finished-at="2021-08-24T17:27:27Z">
          <params>
            <param index="0">
              <value>
                <![CDATA[public void com.index.LoginIndex.login_blankUserName() throws java.lang.Exception]]>
              </value>
            </param>
            <param index="1">
              <value>
                <![CDATA[org.testng.TestRunner@21c64522]]>
              </value>
            </param>
          </params>
          <reporter-output>
            <line>
              <![CDATA[<br>current test- TC-3. Blank UserName validation.]]>
            </line>
            <line>
              <![CDATA[Current Xml Suite is:---->Login Test Cases]]>
            </line>
          </reporter-output>
        </test-method> <!-- setUp -->
        <test-method status="PASS" signature="login_blankUserName()[pri:0, instance:com.index.LoginIndex@31dc339b]" name="login_blankUserName" duration-ms="5698" started-at="2021-08-24T17:27:27Z" finished-at="2021-08-24T17:27:33Z">
          <reporter-output>
            <line>
              <![CDATA[<br>Step 1 : Enter username.<br>]]>
            </line>
            <line>
              <![CDATA[<br>Step 2 : Enter password.<br>]]>
            </line>
            <line>
              <![CDATA[<br>Step 3 : Click on Log in button.<br>]]>
            </line>
          </reporter-output>
        </test-method> <!-- login_blankUserName -->
        <test-method status="PASS" signature="tearDown(org.testng.ITestResult)[pri:0, instance:com.index.LoginIndex@31dc339b]" name="tearDown" is-config="true" duration-ms="935" started-at="2021-08-24T17:27:33Z" finished-at="2021-08-24T17:27:34Z">
          <params>
            <param index="0">
              <value>
                <![CDATA[[TestResult name=login_blankUserName status=SUCCESS method=LoginIndex.login_blankUserName()[pri:0, instance:com.index.LoginIndex@31dc339b] output=<br>Step 1 : Enter username.<br>]]]>
              </value>
            </param>
          </params>
          <reporter-output>
          </reporter-output>
        </test-method> <!-- tearDown -->
      </class> <!-- com.index.LoginIndex -->
    </test> <!-- TC-3. Blank UserName validation. -->
    <test name="TC-4. Blank Password validation." duration-ms="12587" started-at="2021-08-24T11:57:34Z" finished-at="2021-08-24T11:57:47Z">
      <class name="com.index.LoginIndex">
        <test-method status="PASS" signature="one(org.testng.ITestContext)[pri:0, instance:com.index.LoginIndex@4e1d422d]" name="one" is-config="true" duration-ms="1" started-at="2021-08-24T17:27:34Z" finished-at="2021-08-24T17:27:34Z">
          <params>
            <param index="0">
              <value>
                <![CDATA[org.testng.TestRunner@4b6166aa]]>
              </value>
            </param>
          </params>
          <reporter-output>
          </reporter-output>
        </test-method> <!-- one -->
        <test-method status="PASS" signature="setUp(java.lang.reflect.Method, org.testng.ITestContext)[pri:0, instance:com.index.LoginIndex@4e1d422d]" name="setUp" is-config="true" duration-ms="4388" started-at="2021-08-24T17:27:34Z" finished-at="2021-08-24T17:27:38Z">
          <params>
            <param index="0">
              <value>
                <![CDATA[public void com.index.LoginIndex.login_blankPassword() throws java.lang.Exception]]>
              </value>
            </param>
            <param index="1">
              <value>
                <![CDATA[org.testng.TestRunner@4b6166aa]]>
              </value>
            </param>
          </params>
          <reporter-output>
            <line>
              <![CDATA[<br>current test- TC-4. Blank Password validation.]]>
            </line>
            <line>
              <![CDATA[Current Xml Suite is:---->Login Test Cases]]>
            </line>
          </reporter-output>
        </test-method> <!-- setUp -->
        <test-method status="PASS" signature="login_blankPassword()[pri:0, instance:com.index.LoginIndex@4e1d422d]" name="login_blankPassword" duration-ms="5704" started-at="2021-08-24T17:27:38Z" finished-at="2021-08-24T17:27:44Z">
          <reporter-output>
          </reporter-output>
        </test-method> <!-- login_blankPassword -->
        <test-method status="PASS" signature="tearDown(org.testng.ITestResult)[pri:0, instance:com.index.LoginIndex@4e1d422d]" name="tearDown" is-config="true" duration-ms="2487" started-at="2021-08-24T17:27:44Z" finished-at="2021-08-24T17:27:47Z">
          <params>
            <param index="0">
              <value>
                <![CDATA[[TestResult name=login_blankPassword status=SUCCESS method=LoginIndex.login_blankPassword()[pri:0, instance:com.index.LoginIndex@4e1d422d] output={null}]]]>
              </value>
            </param>
          </params>
          <reporter-output>
          </reporter-output>
        </test-method> <!-- tearDown -->
      </class> <!-- com.index.LoginIndex -->
    </test> <!-- TC-4. Blank Password validation. -->
    <test name="TC-5.Add to cart validation." duration-ms="19264" started-at="2021-08-24T11:57:47Z" finished-at="2021-08-24T11:58:06Z">
      <class name="com.index.AddCartIndex">
        <test-method status="PASS" signature="fetchSuiteConfiguration(org.testng.ITestContext)[pri:0, instance:com.index.AddCartIndex@2ac273d3]" name="fetchSuiteConfiguration" is-config="true" duration-ms="516" started-at="2021-08-24T17:26:52Z" finished-at="2021-08-24T17:26:53Z">
          <params>
            <param index="0">
              <value>
                <![CDATA[org.testng.TestRunner@30ed9c6c]]>
              </value>
            </param>
          </params>
          <reporter-output>
          </reporter-output>
        </test-method> <!-- fetchSuiteConfiguration -->
        <test-method status="PASS" signature="setUp(java.lang.reflect.Method, org.testng.ITestContext)[pri:0, instance:com.index.AddCartIndex@2ac273d3]" name="setUp" is-config="true" duration-ms="7039" started-at="2021-08-24T17:27:47Z" finished-at="2021-08-24T17:27:54Z">
          <params>
            <param index="0">
              <value>
                <![CDATA[public void com.index.AddCartIndex.addProductToCart() throws java.lang.Exception]]>
              </value>
            </param>
            <param index="1">
              <value>
                <![CDATA[org.testng.TestRunner@30ed9c6c]]>
              </value>
            </param>
          </params>
          <reporter-output>
            <line>
              <![CDATA[<br>current test- TC-5.Add to cart validation.]]>
            </line>
            <line>
              <![CDATA[Current Xml Suite is:---->Login Test Cases]]>
            </line>
          </reporter-output>
        </test-method> <!-- setUp -->
        <test-method status="PASS" signature="one(org.testng.ITestContext)[pri:0, instance:com.index.AddCartIndex@2ac273d3]" name="one" is-config="true" duration-ms="0" started-at="2021-08-24T17:27:47Z" finished-at="2021-08-24T17:27:47Z">
          <params>
            <param index="0">
              <value>
                <![CDATA[org.testng.TestRunner@30ed9c6c]]>
              </value>
            </param>
          </params>
          <reporter-output>
          </reporter-output>
        </test-method> <!-- one -->
        <test-method status="PASS" signature="addProductToCart()[pri:0, instance:com.index.AddCartIndex@2ac273d3]" name="addProductToCart" duration-ms="11322" started-at="2021-08-24T17:27:54Z" finished-at="2021-08-24T17:28:05Z">
          <reporter-output>
            <line>
              <![CDATA[<br>Step 1 : Enter username.<br>]]>
            </line>
            <line>
              <![CDATA[<br>Step 2 : Enter password.<br>]]>
            </line>
            <line>
              <![CDATA[<br>Step 3 : Click on Signin button.<br>]]>
            </line>
            <line>
              <![CDATA[<br>Step 4 : Verify 'Login' is successful.<br>]]>
            </line>
          </reporter-output>
        </test-method> <!-- addProductToCart -->
        <test-method status="PASS" signature="tearDown(org.testng.ITestResult)[pri:0, instance:com.index.AddCartIndex@2ac273d3]" name="tearDown" is-config="true" duration-ms="900" started-at="2021-08-24T17:28:05Z" finished-at="2021-08-24T17:28:06Z">
          <params>
            <param index="0">
              <value>
                <![CDATA[[TestResult name=addProductToCart status=SUCCESS method=AddCartIndex.addProductToCart()[pri:0, instance:com.index.AddCartIndex@2ac273d3] output=<br>Step 1 : Enter username.<br>]]]>
              </value>
            </param>
          </params>
          <reporter-output>
          </reporter-output>
        </test-method> <!-- tearDown -->
        <test-method status="PASS" signature="testResults()[pri:0, instance:com.index.AddCartIndex@2ac273d3]" name="testResults" is-config="true" duration-ms="298" started-at="2021-08-24T17:28:06Z" finished-at="2021-08-24T17:28:06Z">
          <reporter-output>
          </reporter-output>
        </test-method> <!-- testResults -->
      </class> <!-- com.index.AddCartIndex -->
    </test> <!-- TC-5.Add to cart validation. -->
  </suite> <!-- Login Test Cases -->
</testng-results>
