<?xml version="1.0" encoding="UTF-8"?>
<testng-results skipped="0" failed="1" ignored="3" total="6" passed="2">
  <reporter-output>
    <line>
      <![CDATA[<br>current test- Avasam]]>
    </line>
    <line>
      <![CDATA[Current Xml Suite is:---->SauceDemoAutomation]]>
    </line>
    <line>
      <![CDATA[<br>Step 1 : Enter username.<br>]]>
    </line>
    <line>
      <![CDATA[<br>Step 2 : Enter password.<br>]]>
    </line>
    <line>
      <![CDATA[<br>Step 3 : Click on Signin button.<br>]]>
    </line>
    <line>
      <![CDATA[<br>Step 4 : Verify 'Login' is successful.<br>]]>
    </line>
    <line>
      <![CDATA[<br>current test- Avasam]]>
    </line>
    <line>
      <![CDATA[Current Xml Suite is:---->SauceDemoAutomation]]>
    </line>
    <line>
      <![CDATA[<br>Step 1 : Enter username.<br>]]>
    </line>
    <line>
      <![CDATA[<br>Step 2 : Enter password.<br>]]>
    </line>
    <line>
      <![CDATA[<br>Step 3 : Click on Signin button.<br>]]>
    </line>
    <line>
      <![CDATA[<br>Step 4 : Verify 'Login' is successful.<br>]]>
    </line>
    <line>
      <![CDATA[<br>current test- Avasam]]>
    </line>
    <line>
      <![CDATA[Current Xml Suite is:---->SauceDemoAutomation]]>
    </line>
    <line>
      <![CDATA[<br></br><Strong><font color=#ff0000>Fail                  </font></strong><img src='D:\FrameworkDemo\report-imgs\fail.png' alt='fail' height='15' width='15'/>]]>
    </line>
    <line>
      <![CDATA[<br><b><i>Failure Reason:</b></i>]]>
    </line>
    <line>
      <![CDATA[<br><Strong><font color=#ff0000>java.lang.NullPointerException</font></strong>]]>
    </line>
  </reporter-output>
  <suite name="SauceDemoAutomation" duration-ms="83934" started-at="2021-08-27T08:10:36Z" finished-at="2021-08-27T08:12:00Z">
    <groups>
    </groups>
    <test name="Avasam" duration-ms="83934" started-at="2021-08-27T08:10:36Z" finished-at="2021-08-27T08:12:00Z">
      <class name="com.index.LoginIndex">
        <test-method status="PASS" signature="fetchSuiteConfiguration(org.testng.ITestContext)[pri:0, instance:com.index.LoginIndex@5f2108b5]" name="fetchSuiteConfiguration" is-config="true" duration-ms="1182" started-at="2021-08-27T13:40:35Z" finished-at="2021-08-27T13:40:36Z">
          <params>
            <param index="0">
              <value>
                <![CDATA[org.testng.TestRunner@308a6984]]>
              </value>
            </param>
          </params>
          <reporter-output>
          </reporter-output>
        </test-method> <!-- fetchSuiteConfiguration -->
        <test-method status="PASS" signature="one(org.testng.ITestContext)[pri:0, instance:com.index.LoginIndex@5f2108b5]" name="one" is-config="true" duration-ms="0" started-at="2021-08-27T13:40:36Z" finished-at="2021-08-27T13:40:36Z">
          <params>
            <param index="0">
              <value>
                <![CDATA[org.testng.TestRunner@308a6984]]>
              </value>
            </param>
          </params>
          <reporter-output>
          </reporter-output>
        </test-method> <!-- one -->
        <test-method status="PASS" signature="setUp(java.lang.reflect.Method, org.testng.ITestContext)[pri:0, instance:com.index.LoginIndex@5f2108b5]" name="setUp" is-config="true" duration-ms="9849" started-at="2021-08-27T13:40:36Z" finished-at="2021-08-27T13:40:46Z">
          <params>
            <param index="0">
              <value>
                <![CDATA[public void com.index.LoginIndex.login() throws java.lang.Exception]]>
              </value>
            </param>
            <param index="1">
              <value>
                <![CDATA[org.testng.TestRunner@308a6984]]>
              </value>
            </param>
          </params>
          <reporter-output>
            <line>
              <![CDATA[<br>current test- Avasam]]>
            </line>
            <line>
              <![CDATA[Current Xml Suite is:---->SauceDemoAutomation]]>
            </line>
          </reporter-output>
        </test-method> <!-- setUp -->
        <test-method status="PASS" signature="login()[pri:0, instance:com.index.LoginIndex@5f2108b5]" name="login" duration-ms="15102" started-at="2021-08-27T13:40:46Z" finished-at="2021-08-27T13:41:01Z">
          <reporter-output>
            <line>
              <![CDATA[<br>Step 1 : Enter username.<br>]]>
            </line>
            <line>
              <![CDATA[<br>Step 2 : Enter password.<br>]]>
            </line>
            <line>
              <![CDATA[<br>Step 3 : Click on Signin button.<br>]]>
            </line>
            <line>
              <![CDATA[<br>Step 4 : Verify 'Login' is successful.<br>]]>
            </line>
          </reporter-output>
        </test-method> <!-- login -->
        <test-method status="PASS" signature="tearDown(org.testng.ITestResult)[pri:0, instance:com.index.LoginIndex@5f2108b5]" name="tearDown" is-config="true" duration-ms="9008" started-at="2021-08-27T13:41:01Z" finished-at="2021-08-27T13:41:10Z">
          <params>
            <param index="0">
              <value>
                <![CDATA[[TestResult name=login status=SUCCESS method=LoginIndex.login()[pri:0, instance:com.index.LoginIndex@5f2108b5] output=<br>Step 1 : Enter username.<br>]]]>
              </value>
            </param>
          </params>
          <reporter-output>
          </reporter-output>
        </test-method> <!-- tearDown -->
        <test-method status="PASS" signature="testResults()[pri:0, instance:com.index.LoginIndex@5f2108b5]" name="testResults" is-config="true" duration-ms="556" started-at="2021-08-27T13:42:00Z" finished-at="2021-08-27T13:42:00Z">
          <reporter-output>
          </reporter-output>
        </test-method> <!-- testResults -->
      </class> <!-- com.index.LoginIndex -->
      <class name="com.index.SearchProductIndex">
        <test-method status="PASS" signature="setUp(java.lang.reflect.Method, org.testng.ITestContext)[pri:0, instance:com.index.SearchProductIndex@31a5c39e]" name="setUp" is-config="true" duration-ms="7209" started-at="2021-08-27T13:41:10Z" finished-at="2021-08-27T13:41:17Z">
          <params>
            <param index="0">
              <value>
                <![CDATA[public void com.index.LoginIndex.login() throws java.lang.Exception]]>
              </value>
            </param>
            <param index="1">
              <value>
                <![CDATA[org.testng.TestRunner@308a6984]]>
              </value>
            </param>
          </params>
          <reporter-output>
            <line>
              <![CDATA[<br>current test- Avasam]]>
            </line>
            <line>
              <![CDATA[Current Xml Suite is:---->SauceDemoAutomation]]>
            </line>
          </reporter-output>
        </test-method> <!-- setUp -->
        <test-method status="PASS" signature="login()[pri:0, instance:com.index.SearchProductIndex@31a5c39e]" name="login" duration-ms="15866" started-at="2021-08-27T13:41:17Z" finished-at="2021-08-27T13:41:33Z">
          <reporter-output>
            <line>
              <![CDATA[<br>Step 1 : Enter username.<br>]]>
            </line>
            <line>
              <![CDATA[<br>Step 2 : Enter password.<br>]]>
            </line>
            <line>
              <![CDATA[<br>Step 3 : Click on Signin button.<br>]]>
            </line>
            <line>
              <![CDATA[<br>Step 4 : Verify 'Login' is successful.<br>]]>
            </line>
          </reporter-output>
        </test-method> <!-- login -->
        <test-method status="PASS" signature="tearDown(org.testng.ITestResult)[pri:0, instance:com.index.SearchProductIndex@31a5c39e]" name="tearDown" is-config="true" duration-ms="6971" started-at="2021-08-27T13:41:33Z" finished-at="2021-08-27T13:41:40Z">
          <params>
            <param index="0">
              <value>
                <![CDATA[[TestResult name=login status=SUCCESS method=LoginIndex.login()[pri:0, instance:com.index.SearchProductIndex@31a5c39e] output=<br>Step 1 : Enter username.<br>]]]>
              </value>
            </param>
          </params>
          <reporter-output>
          </reporter-output>
        </test-method> <!-- tearDown -->
        <test-method status="PASS" signature="setUp(java.lang.reflect.Method, org.testng.ITestContext)[pri:0, instance:com.index.SearchProductIndex@31a5c39e]" name="setUp" is-config="true" duration-ms="6815" started-at="2021-08-27T13:41:40Z" finished-at="2021-08-27T13:41:47Z">
          <params>
            <param index="0">
              <value>
                <![CDATA[public void com.index.SearchProductIndex.searchIndex() throws java.lang.Exception]]>
              </value>
            </param>
            <param index="1">
              <value>
                <![CDATA[org.testng.TestRunner@308a6984]]>
              </value>
            </param>
          </params>
          <reporter-output>
            <line>
              <![CDATA[<br>current test- Avasam]]>
            </line>
            <line>
              <![CDATA[Current Xml Suite is:---->SauceDemoAutomation]]>
            </line>
          </reporter-output>
        </test-method> <!-- setUp -->
        <test-method status="FAIL" signature="searchIndex()[pri:0, instance:com.index.SearchProductIndex@31a5c39e]" name="searchIndex" duration-ms="12224" started-at="2021-08-27T13:41:47Z" depends-on-methods="com.index.LoginIndex.login" finished-at="2021-08-27T13:41:59Z">
          <exception class="java.lang.NullPointerException">
            <full-stacktrace>
              <![CDATA[java.lang.NullPointerException
	at com.index.SearchProductIndex.searchIndex(SearchProductIndex.java:50)
	at sun.reflect.NativeMethodAccessorImpl.invoke0(Native Method)
	at sun.reflect.NativeMethodAccessorImpl.invoke(NativeMethodAccessorImpl.java:62)
	at sun.reflect.DelegatingMethodAccessorImpl.invoke(DelegatingMethodAccessorImpl.java:43)
	at java.lang.reflect.Method.invoke(Method.java:498)
	at org.testng.internal.MethodInvocationHelper.invokeMethod(MethodInvocationHelper.java:108)
	at org.testng.internal.Invoker.invokeMethod(Invoker.java:661)
	at org.testng.internal.Invoker.invokeTestMethod(Invoker.java:869)
	at org.testng.internal.Invoker.invokeTestMethods(Invoker.java:1193)
	at org.testng.internal.TestMethodWorker.invokeTestMethods(TestMethodWorker.java:126)
	at org.testng.internal.TestMethodWorker.run(TestMethodWorker.java:109)
	at org.testng.TestRunner.privateRun(TestRunner.java:744)
	at org.testng.TestRunner.run(TestRunner.java:602)
	at org.testng.SuiteRunner.runTest(SuiteRunner.java:380)
	at org.testng.SuiteRunner.runSequentially(SuiteRunner.java:375)
	at org.testng.SuiteRunner.privateRun(SuiteRunner.java:340)
	at org.testng.SuiteRunner.run(SuiteRunner.java:289)
	at org.testng.SuiteRunnerWorker.runSuite(SuiteRunnerWorker.java:52)
	at org.testng.SuiteRunnerWorker.run(SuiteRunnerWorker.java:86)
	at org.testng.TestNG.runSuitesSequentially(TestNG.java:1301)
	at org.testng.TestNG.runSuitesLocally(TestNG.java:1226)
	at org.testng.TestNG.runSuites(TestNG.java:1144)
	at org.testng.TestNG.run(TestNG.java:1115)
	at org.testng.remote.AbstractRemoteTestNG.run(AbstractRemoteTestNG.java:132)
	at org.testng.remote.RemoteTestNG.initAndRun(RemoteTestNG.java:230)
	at org.testng.remote.RemoteTestNG.main(RemoteTestNG.java:76)
]]>
            </full-stacktrace>
          </exception> <!-- java.lang.NullPointerException -->
          <reporter-output>
            <line>
              <![CDATA[<br></br><Strong><font color=#ff0000>Fail                  </font></strong><img src='D:\FrameworkDemo\report-imgs\fail.png' alt='fail' height='15' width='15'/>]]>
            </line>
            <line>
              <![CDATA[<br><b><i>Failure Reason:</b></i>]]>
            </line>
            <line>
              <![CDATA[<br><Strong><font color=#ff0000>java.lang.NullPointerException</font></strong>]]>
            </line>
          </reporter-output>
        </test-method> <!-- searchIndex -->
        <test-method status="PASS" signature="tearDown(org.testng.ITestResult)[pri:0, instance:com.index.SearchProductIndex@31a5c39e]" name="tearDown" is-config="true" duration-ms="433" started-at="2021-08-27T13:41:59Z" finished-at="2021-08-27T13:42:00Z">
          <params>
            <param index="0">
              <value>
                <![CDATA[[TestResult name=searchIndex status=FAILURE method=SearchProductIndex.searchIndex()[pri:0, instance:com.index.SearchProductIndex@31a5c39e] output=<br></br><Strong><font color=#ff0000>Fail                  </font></strong><img src='D:\FrameworkDemo\report-imgs\fail.png' alt='fail' height='15' width='15'/>]]]>
              </value>
            </param>
          </params>
          <reporter-output>
          </reporter-output>
        </test-method> <!-- tearDown -->
      </class> <!-- com.index.SearchProductIndex -->
    </test> <!-- Avasam -->
  </suite> <!-- SauceDemoAutomation -->
</testng-results>
